************* Module versionutils
C:  1: Missing docstring
************* Module versionutils.versioning.registry
C:  1: Missing docstring
W:  7:FieldRegistry.__init__: Redefining built-in 'type'
W:  9:FieldRegistry.__init__: Access to a protected member _registry of a client class
C: 11:FieldRegistry.add_field: Missing docstring
W: 12:FieldRegistry.add_field: Access to a protected member _registry of a client class
C: 15:FieldRegistry.get_fields: Missing docstring
W: 16:FieldRegistry.get_fields: Access to a protected member _registry of a client class
W: 19:FieldRegistry.__contains__: Access to a protected member _registry of a client class
************* Module versionutils.versioning.decorators
C:  1: Missing docstring
C:  3:require_instance: Missing docstring
C:  3:require_instance: Invalid name "historyManagerFunction" (should match [a-z_][a-z0-9_]{2,30}$)
C:  3:require_instance: Invalid name "historyManagerFunction" (should match [a-z_][a-z0-9_]{2,30}$)
C:  5:require_instance._require_instance: Missing docstring
************* Module versionutils.versioning.utils
C:132: Line too long (87/80)
C:141: Line too long (90/80)
C:164: Line too long (82/80)
C:  1: Missing docstring
F:  4: Unable to import 'django.db'
F:  5: Unable to import 'django.conf'
F:  6: Unable to import 'django.db.models.sql.constants'
C:  8:is_versioned: Invalid name "m" (should match [a-z_][a-z0-9_]{2,30}$)
C:  8:is_versioned: Invalid name "m" (should match [a-z_][a-z0-9_]{2,30}$)
C: 18:is_historical_instance: Invalid name "m" (should match [a-z_][a-z0-9_]{2,30}$)
C: 18:is_historical_instance: Invalid name "m" (should match [a-z_][a-z0-9_]{2,30}$)
E: 25:is_historical_instance: Undefined variable 'p_h'
W: 26:is_historical_instance: Access to a protected member _original_model of a client class
E: 26:is_historical_instance: Undefined variable 'p_h'
W: 18:is_historical_instance: Unused argument 'm'
C: 28:unique_lookup_values_for: Invalid name "m" (should match [a-z_][a-z0-9_]{2,30}$)
C: 28:unique_lookup_values_for: Invalid name "m" (should match [a-z_][a-z0-9_]{2,30}$)
W: 37:unique_lookup_values_for: Access to a protected member _meta of a client class
C: 59:unique_lookup_values_for: Invalid name "v" (should match [a-z_][a-z0-9_]{2,30}$)
W: 64:unique_lookup_values_for: Access to a protected member _meta of a client class
W: 68:unique_lookup_values_for: Access to a protected member _meta of a client class
W: 77:unique_lookup_values_for: Access to a protected member _meta of a client class
C: 81:unique_lookup_values_for: Invalid name "v" (should match [a-z_][a-z0-9_]{2,30}$)
C: 87:is_pk_recycle_a_problem: Missing docstring
C: 92:_related_objs_delete_passalong: Invalid name "m" (should match [a-z_][a-z0-9_]{2,30}$)
C: 92:_related_objs_delete_passalong: Invalid name "m" (should match [a-z_][a-z0-9_]{2,30}$)
C:102:_related_objs_delete_passalong._set_arguments_for: Missing docstring
W:104:_related_objs_delete_passalong._set_arguments_for: Access to a protected member _track_changes of a client class
W:105:_related_objs_delete_passalong._set_arguments_for: Access to a protected member _save_with of a client class
W:102:_related_objs_delete_passalong._set_arguments_for: Unused argument 'kws'
W:102:_related_objs_delete_passalong._set_arguments_for: Unused argument 'model'
W:110:_related_objs_delete_passalong: Access to a protected member _meta of a client class
C:122:_related_objs_delete_passalong: Invalid name "o" (should match [a-z_][a-z0-9_]{2,30}$)
W:125:_related_objs_delete_passalong: Access to a protected member _rel_objs_to_catch of a client class
W:129:_related_objs_delete_passalong: Access to a protected member _rel_objs_to_catch of a client class
W:130:_related_objs_delete_passalong: Access to a protected member _rel_objs_to_catch of a client class
W:134:_related_objs_delete_passalong: Access to a protected member _rel_objs_methods of a client class
C:136:save_func: Missing docstring
C:137:save_func.save: Missing docstring
C:137:save_func.save: Invalid name "m" (should match [a-z_][a-z0-9_]{2,30}$)
C:137:save_func.save: Invalid name "m" (should match [a-z_][a-z0-9_]{2,30}$)
C:141:save_with_arguments: Invalid name "m" (should match [a-z_][a-z0-9_]{2,30}$)
R:141:save_with_arguments: Too many arguments (6/5)
C:141:save_with_arguments: Invalid name "m" (should match [a-z_][a-z0-9_]{2,30}$)
C:158:delete_func: Missing docstring
C:159:delete_func.delete: Missing docstring
C:164:delete_with_arguments: Invalid name "m" (should match [a-z_][a-z0-9_]{2,30}$)
C:164:delete_with_arguments: Invalid name "m" (should match [a-z_][a-z0-9_]{2,30}$)
************* Module versionutils.versioning.history_model_methods
C:153: Line too long (84/80)
C:202: Line too long (81/80)
W:195: TODO At some point we may want to pull this out into some
F: 10: Unable to import 'django.db'
F: 11: Unable to import 'django.db.models'
F: 12: Unable to import 'django.utils.functional'
F: 13: Unable to import 'django.db.models.sql.constants'
W: 15: Relative import 'constants', should be 'versionutils.versioning.constants'
W: 15: Wildcard import constants
W: 16: Relative import 'utils', should be 'versionutils.versioning.utils'
W: 16: Wildcard import utils
W: 18:get_history_fields: Unused argument 'self'
C: 52:type_to_verbose: Missing docstring
C: 52:type_to_verbose: Invalid name "m" (should match [a-z_][a-z0-9_]{2,30}$)
C: 52:type_to_verbose: Invalid name "m" (should match [a-z_][a-z0-9_]{2,30}$)
C: 55:historical_record_init: Invalid name "m" (should match [a-z_][a-z0-9_]{2,30}$)
C: 55:historical_record_init: Invalid name "m" (should match [a-z_][a-z0-9_]{2,30}$)
C: 64:_wrap_reverse_lookups: Invalid name "m" (should match [a-z_][a-z0-9_]{2,30}$)
C: 64:_wrap_reverse_lookups: Invalid name "m" (should match [a-z_][a-z0-9_]{2,30}$)
C: 72:_wrap_reverse_lookups._reverse_set_lookup: Missing docstring
C: 72:_wrap_reverse_lookups._reverse_set_lookup: Invalid name "m" (should match [a-z_][a-z0-9_]{2,30}$)
C: 72:_wrap_reverse_lookups._reverse_set_lookup: Invalid name "m" (should match [a-z_][a-z0-9_]{2,30}$)
W: 76:_wrap_reverse_lookups._reverse_set_lookup: Access to a protected member _meta of a client class
W: 82:_wrap_reverse_lookups._reverse_set_lookup: Access to a protected member _object of a client class
W: 84:_wrap_reverse_lookups._reverse_set_lookup: Access to a protected member _meta of a client class
W: 84:_wrap_reverse_lookups._reverse_set_lookup: Access to a protected member _object of a client class
W: 85:_wrap_reverse_lookups._reverse_set_lookup: Access to a protected member _object of a client class
C: 91:_wrap_reverse_lookups._reverse_set_lookup: Invalid name "v" (should match [a-z_][a-z0-9_]{2,30}$)
C: 97:_wrap_reverse_lookups._reverse_set_lookup: Invalid name "qs" (should match [a-z_][a-z0-9_]{2,30}$)
W: 97:_wrap_reverse_lookups._reverse_set_lookup: Used * or ** magic
C:102:_wrap_reverse_lookups._reverse_set_lookup: Invalid name "qs" (should match [a-z_][a-z0-9_]{2,30}$)
C:109:_wrap_reverse_lookups._reverse_attr_lookup: Missing docstring
C:109:_wrap_reverse_lookups._reverse_attr_lookup: Invalid name "m" (should match [a-z_][a-z0-9_]{2,30}$)
C:109:_wrap_reverse_lookups._reverse_attr_lookup: Invalid name "m" (should match [a-z_][a-z0-9_]{2,30}$)
W:115:_wrap_reverse_lookups._reverse_attr_lookup: Access to a protected member _object of a client class
W:117:_wrap_reverse_lookups._reverse_attr_lookup: Access to a protected member _meta of a client class
W:117:_wrap_reverse_lookups._reverse_attr_lookup: Access to a protected member _object of a client class
W:118:_wrap_reverse_lookups._reverse_attr_lookup: Access to a protected member _object of a client class
C:124:_wrap_reverse_lookups._reverse_attr_lookup: Invalid name "v" (should match [a-z_][a-z0-9_]{2,30}$)
W:129:_wrap_reverse_lookups._reverse_attr_lookup: Used * or ** magic
W:136:_wrap_reverse_lookups._reverse_attr_lookup: Access to a protected member _meta of a client class
W:139:_wrap_reverse_lookups: Access to a protected member _meta of a client class
W:139:_wrap_reverse_lookups: Access to a protected member _object of a client class
W:153:_wrap_reverse_lookups: Access to a protected member _direct_lookup_fields of a client class
C:155:historical_record_getattribute: Invalid name "m" (should match [a-z_][a-z0-9_]{2,30}$)
C:155:historical_record_getattribute: Invalid name "m" (should match [a-z_][a-z0-9_]{2,30}$)
C:177:revert_to: Invalid name "hm" (should match [a-z_][a-z0-9_]{2,30}$)
C:177:revert_to: Invalid name "hm" (should match [a-z_][a-z0-9_]{2,30}$)
C:200:revert_to: Invalid name "m" (should match [a-z_][a-z0-9_]{2,30}$)
W:200:revert_to: Access to a protected member _object of a client class
C:210:revert_to: Invalid name "ms" (should match [a-z_][a-z0-9_]{2,30}$)
W:210:revert_to: Used * or ** magic
C:217:revert_to: Invalid name "v" (should match [a-z_][a-z0-9_]{2,30}$)
C:229:version_number_of: Invalid name "hm" (should match [a-z_][a-z0-9_]{2,30}$)
C:229:version_number_of: Invalid name "hm" (should match [a-z_][a-z0-9_]{2,30}$)
W:238:version_number_of: Access to a protected member _object of a client class
W:242:version_number_of: Access to a protected member _version_number of a client class
C:244:HistoricalMetaInfo: Missing docstring
C:252:HistoricalMetaInfo.__getattr__: Invalid name "s" (should match [a-z_][a-z0-9_]{2,30}$)
W:252:HistoricalMetaInfo.__getattr__: Unused variable 's'
C:261:HistoricalMetaInfo.__setattr__: Invalid name "s" (should match [a-z_][a-z0-9_]{2,30}$)
W:261:HistoricalMetaInfo.__setattr__: Unused variable 's'
R:244:HistoricalMetaInfo: Too few public methods (0/2)
W:246:HistoricalMetaInfo.__get__: Attribute 'instance' defined outside __init__
C:265:HistoricalObjectDescriptor: Missing docstring
W:270:HistoricalObjectDescriptor.__get__: Access to a protected member _meta of a client class
C:271:HistoricalObjectDescriptor.__get__: Invalid name "m" (should match [a-z_][a-z0-9_]{2,30}$)
W:271:HistoricalObjectDescriptor.__get__: Used * or ** magic
R:265:HistoricalObjectDescriptor: Too few public methods (0/2)
W: 16: Unused import delete_func from wildcard import
W: 16: Unused import delete_with_arguments from wildcard import
W: 15: Unused import TYPE_REVERTED_ADDED from wildcard import
W: 16: Unused import is_pk_recycle_a_problem from wildcard import
W: 16: Unused import is_historical_instance from wildcard import
W: 16: Unused import defaultdict from wildcard import
W: 16: Unused import save_with_arguments from wildcard import
W: 15: Unused import TYPE_REVERTED_DELETED from wildcard import
W: 15: Unused import TYPE_UPDATED from wildcard import
W: 15: Unused import TYPE_ADDED from wildcard import
W: 16: Unused import settings from wildcard import
W: 16: Unused import save_func from wildcard import
************* Module versionutils.versioning.constants
C:  1: Missing docstring
************* Module versionutils.versioning.middleware
C: 28: Line too long (81/80)
W: 16: TODO: refactor this if we want to track more than ip, user.
C:  1: Missing docstring
F:  2: Unable to import 'django.db.models'
W:  4: Relative import 'registry', should be 'versionutils.versioning.registry'
C: 18:AutoTrackUserInfoMiddleware.process_request: Missing docstring
C: 25:AutoTrackUserInfoMiddleware.process_request: Invalid name "ip" (should match [a-z_][a-z0-9_]{2,30}$)
C: 30:AutoTrackUserInfoMiddleware.update_fields: Missing docstring
C: 30:AutoTrackUserInfoMiddleware.update_fields: Invalid name "ip" (should match [a-z_][a-z0-9_]{2,30}$)
C: 30:AutoTrackUserInfoMiddleware.update_fields: Invalid name "ip" (should match [a-z_][a-z0-9_]{2,30}$)
R: 30:AutoTrackUserInfoMiddleware.update_fields: Method could be a function
W: 30:AutoTrackUserInfoMiddleware.update_fields: Unused argument 'kws'
C: 45:AutoTrackUserInfoMiddleware.process_response: Missing docstring
R: 45:AutoTrackUserInfoMiddleware.process_response: Method could be a function
************* Module versionutils.versioning.models
C:232: Line too long (90/80)
C:237: Line too long (83/80)
C:370: Line too long (84/80)
W:104: TODO, maybe: if we wanted to be fancy we could define our
W:180: XXX TODO deal with intermediate tables
C:  1: Missing docstring
F:  4: Unable to import 'django.db'
F:  5: Unable to import 'django.db.models.options'
F:  6: Unable to import 'django.contrib.auth.models'
W:  8: Relative import 'utils', should be 'versionutils.versioning.utils'
W:  8: Wildcard import utils
W:  9: Relative import 'storage', should be 'versionutils.versioning.storage'
W:  9: Wildcard import storage
W: 10: Relative import 'registry', should be 'versionutils.versioning.registry'
W: 10: Wildcard import registry
W: 11: Relative import 'constants', should be 'versionutils.versioning.constants'
W: 11: Wildcard import constants
W: 12: Relative import 'history_model_methods', should be 'versionutils.versioning.history_model_methods'
W: 13: Relative import 'manager', should be 'versionutils.versioning.manager'
C: 15:TrackChanges: Missing docstring
C: 16:TrackChanges.contribute_to_class: Missing docstring
C: 20:TrackChanges.finalize: Missing docstring
W: 20:TrackChanges.finalize: Unused argument 'kws'
W: 63:TrackChanges.ineligible_for_history_model: Access to a protected member _meta of a client class
W: 63:TrackChanges.ineligible_for_history_model: Access to a protected member _meta of a client class
R: 59:TrackChanges.ineligible_for_history_model: Method could be a function
W: 89:TrackChanges.create_history_model: Access to a protected member _meta of a client class
W: 96:TrackChanges.wrap_model_fields: Access to a protected member _meta of a client class
R: 92:TrackChanges.wrap_model_fields: Method could be a function
C:130:TrackChanges.get_misc_members: Missing docstring
C:148:TrackChanges.get_misc_members: Invalid name "d" (should match [a-z_][a-z0-9_]{2,30}$)
R:130:TrackChanges.get_misc_members: Method could be a function
C:166:TrackChanges.get_fields._get_fk_opts: Missing docstring
C:173:TrackChanges.get_fields._get_m2m_opts: Missing docstring
W:189:TrackChanges.get_fields: Access to a protected member _meta of a client class
W:189:TrackChanges.get_fields: Access to a protected member _meta of a client class
W:233:TrackChanges.get_fields: Used * or ** magic
W:238:TrackChanges.get_fields: Used * or ** magic
R:159:TrackChanges.get_fields: Too many branches (17/12)
W:248:TrackChanges.get_extra_history_fields: Unused argument 'model'
W:287:TrackChanges.get_meta_options: Access to a protected member _meta of a client class
R:277:TrackChanges.get_meta_options: Method could be a function
C:290:TrackChanges.post_save: Missing docstring
W:290:TrackChanges.post_save: Unused argument 'kws'
C:300:TrackChanges.pre_delete: Missing docstring
W:300:TrackChanges.pre_delete: Unused argument 'kws'
C:303:TrackChanges.post_delete: Missing docstring
W:313:TrackChanges.post_delete: Access to a protected member _rel_objs_methods of a client class
W:303:TrackChanges.post_delete: Unused argument 'kws'
W:321:TrackChanges.m2m_init: Access to a protected member _meta of a client class
R:316:TrackChanges.m2m_init: Method could be a function
R:328:TrackChanges.m2m_changed: Too many arguments (8/5)
R:328:TrackChanges.m2m_changed: Too many local variables (16/15)
R:328:TrackChanges.m2m_changed: Method could be a function
W:328:TrackChanges.m2m_changed: Unused argument 'reverse'
W:328:TrackChanges.m2m_changed: Unused argument 'sender'
W:328:TrackChanges.m2m_changed: Unused argument 'kwargs'
W:352:TrackChanges.create_historical_record: Redefining name 'manager' from outer scope (line 13)
W:351:TrackChanges.create_historical_record: Redefining built-in 'type'
C:351:TrackChanges.create_historical_record: Missing docstring
W:355:TrackChanges.create_historical_record: Access to a protected member _track_changes of a client class
W:358:TrackChanges.create_historical_record: Access to a protected member _meta of a client class
W:370:TrackChanges.create_historical_record: Used * or ** magic
W:380:TrackChanges.create_historical_record: Used * or ** magic
C:387:TrackChanges._get_save_with_attrs: Invalid name "d" (should match [a-z_][a-z0-9_]{2,30}$)
C:388:TrackChanges._get_save_with_attrs: Invalid name "v" (should match [a-z_][a-z0-9_]{2,30}$)
R:382:TrackChanges._get_save_with_attrs: Method could be a function
W:405:TrackChanges._pk_recycle_cleanup: Redefining name 'manager' from outer scope (line 13)
W: 17:TrackChanges.contribute_to_class: Attribute 'manager_name' defined outside __init__
C:412:AutoUserField: Missing docstring
E:413:AutoUserField.__init__: Use super on an old style class
C:416:AutoUserField.contribute_to_class: Missing docstring
E:416:AutoUserField.contribute_to_class: Use super on an old style class
R:412:AutoUserField: Too few public methods (1/2)
C:422:AutoIPAddressField: Missing docstring
W:422:AutoIPAddressField: Class has no __init__ method
C:423:AutoIPAddressField.contribute_to_class: Missing docstring
E:423:AutoIPAddressField.contribute_to_class: Use super on an old style class
R:422:AutoIPAddressField: Too few public methods (1/2)
W:  8: Unused import defaultdict from wildcard import
W:  8: Unused import save_with_arguments from wildcard import
W: 11: Unused import TYPE_CHOICES from wildcard import
W:  8: Unused import LOOKUP_SEP from wildcard import
W:  8: Unused import delete_with_arguments from wildcard import
W:  8: Unused import unique_lookup_values_for from wildcard import
W:  8: Unused import settings from wildcard import
W:  8: Unused import is_historical_instance from wildcard import
************* Module versionutils.versioning.storage
C: 30:FileStorageWrapper.delete: Missing docstring
R: 16:FileStorageWrapper: Too few public methods (1/2)
************* Module versionutils.versioning
C:  1: Missing docstring
W:  1: Relative import 'models', should be 'versionutils.versioning.models'
************* Module versionutils.versioning.scratch
W:  7: TODO, maybe: if we wanted to be fancy we could define our
C:  1: Missing docstring
C: 12:get_all_members: Missing docstring
C: 13:get_all_members: Invalid name "d" (should match [a-z_][a-z0-9_]{2,30}$)
************* Module versionutils.versioning.manager
W: 62: TODO: Explore using natural_key() here if it exists on the
C:  1: Missing docstring
F:  1: Unable to import 'django.db'
F:  2: Unable to import 'django.db.models.query'
W:  4: Relative import 'utils', should be 'versionutils.versioning.utils'
W:  4: Wildcard import utils
W:  5: Relative import 'decorators', should be 'versionutils.versioning.decorators'
W:  5: Wildcard import decorators
C:  7:HistoryDescriptor: Missing docstring
W: 18:HistoryDescriptor.__get__: Access to a protected member _history_manager of a client class
R:  7:HistoryDescriptor: Too few public methods (0/2)
W: 14:HistoryDescriptor.__get__: Attribute '_history_manager_global' defined outside __init__
W: 21:HistoricalMetaInfoQuerySet: Class has no __init__ method
C: 25:HistoricalMetaInfoQuerySet.filter: Missing docstring
E: 25:HistoricalMetaInfoQuerySet.filter: Use super on an old style class
W: 26:HistoricalMetaInfoQuerySet.filter: Access to a protected member _meta of a client class
W: 26:HistoricalMetaInfoQuerySet.filter: Access to a protected member _original_model of a client class
E: 26:HistoricalMetaInfoQuerySet.filter: Instance of 'HistoricalMetaInfoQuerySet' has no 'model' member
C: 29:HistoricalMetaInfoQuerySet.filter: Comma not followed by a space
        for k,v in kws.iteritems():
             ^^
C: 29:HistoricalMetaInfoQuerySet.filter: Invalid name "v" (should match [a-z_][a-z0-9_]{2,30}$)
W: 49:HistoricalMetaInfoQuerySet.filter: Used * or ** magic
R: 21:HistoricalMetaInfoQuerySet: Too few public methods (1/2)
C: 52:HistoryManager: Missing docstring
E: 53:HistoryManager.__init__: Use super on an old style class
W: 71:HistoryManager.get_query_set: Redefining built-in 'filter'
C: 58:HistoryManager.get_query_set: Missing docstring
W: 79:HistoryManager.get_query_set: Access to a protected member _meta of a client class
W: 86:HistoryManager.get_query_set: Used * or ** magic
C: 97:HistoryManager.most_recent: Invalid name "v" (should match [a-z_][a-z0-9_]{2,30}$)
E: 97:HistoryManager.most_recent: Instance of 'HistoryManager' has no 'all' member
W:101:HistoryManager.most_recent: Access to a protected member _meta of a client class
C:121:HistoryManager.as_of: Invalid name "v" (should match [a-z_][a-z0-9_]{2,30}$)
E:121:HistoryManager.as_of: Instance of 'HistoryManager' has no 'all' member
C:123:HistoryManager.as_of: Invalid name "v" (should match [a-z_][a-z0-9_]{2,30}$)
E:123:HistoryManager.as_of: Instance of 'HistoryManager' has no 'filter' member
W:126:HistoryManager.as_of: Access to a protected member _meta of a client class
C:130:HistoryManager.NoUniqueValuesError: Missing docstring
W:  4: Unused import defaultdict from wildcard import
W:  4: Unused import partial from wildcard import
W:  4: Unused import is_historical_instance from wildcard import
W:  4: Unused import LOOKUP_SEP from wildcard import
W:  4: Unused import delete_func from wildcard import
W:  4: Unused import save_with_arguments from wildcard import
W:  5: Unused import wraps from wildcard import
W:  4: Unused import settings from wildcard import
W:  4: Unused import is_pk_recycle_a_problem from wildcard import
W:  4: Unused import delete_with_arguments from wildcard import
W:  4: Unused import save_func from wildcard import
************* Module versionutils.versioning.tests.utils
C:  1: Missing docstring
F:  1: Unable to import 'django.conf'
F:  2: Unable to import 'django.core.management'
F:  3: Unable to import 'django.db.models'
F:  4: Unable to import 'django.test'
C: 20:TestSettingsManager.set: Missing docstring
C: 21:TestSettingsManager.set: Comma not followed by a space
        for k,v in kwargs.iteritems():
             ^^
C: 21:TestSettingsManager.set: Invalid name "v" (should match [a-z_][a-z0-9_]{2,30}$)
C: 28:TestSettingsManager.syncdb: Missing docstring
R: 28:TestSettingsManager.syncdb: Method could be a function
C: 32:TestSettingsManager.revert: Missing docstring
C: 33:TestSettingsManager.revert: Comma not followed by a space
        for k,v in self._original_settings.iteritems():
             ^^
C: 33:TestSettingsManager.revert: Invalid name "v" (should match [a-z_][a-z0-9_]{2,30}$)
E: 52:SettingsTestCase.__init__: Use super on an old style class
C: 56:SettingsTestCase.tearDown: Invalid name "tearDown" (should match [a-z_][a-z0-9_]{2,30}$)
C: 56:SettingsTestCase.tearDown: Missing docstring
R: 43:SettingsTestCase: Too few public methods (1/2)
W:  2: Unused import call_command
************* Module versionutils.versioning.tests.models
W:  6: TODO: It would be cool to write a little thing to randomly generate
C:  1: Missing docstring
F:  1: Unable to import 'django.db'
W:  8: String statement has no effect
C: 10:M1: Missing docstring
W: 10:M1: Class has no __init__ method
R: 10:M1: Too few public methods (0/2)
C: 18:M2: Missing docstring
W: 18:M2: Class has no __init__ method
R: 18:M2: Too few public methods (0/2)
C: 25:M3BigInteger: Missing docstring
W: 25:M3BigInteger: Class has no __init__ method
R: 25:M3BigInteger: Too few public methods (0/2)
C: 32:M4Date: Missing docstring
W: 32:M4Date: Class has no __init__ method
R: 32:M4Date: Too few public methods (0/2)
C: 38:M5Decimal: Missing docstring
W: 38:M5Decimal: Class has no __init__ method
R: 38:M5Decimal: Too few public methods (0/2)
C: 44:M6Email: Missing docstring
W: 44:M6Email: Class has no __init__ method
R: 44:M6Email: Too few public methods (0/2)
C: 49:M7Numbers: Missing docstring
W: 49:M7Numbers: Class has no __init__ method
R: 49:M7Numbers: Too few public methods (0/2)
C: 57:M8Time: Missing docstring
W: 57:M8Time: Class has no __init__ method
R: 57:M8Time: Too few public methods (0/2)
C: 62:M9URL: Missing docstring
W: 62:M9URL: Class has no __init__ method
R: 62:M9URL: Too few public methods (0/2)
C: 67:M10File: Missing docstring
W: 67:M10File: Class has no __init__ method
R: 67:M10File: Too few public methods (0/2)
C: 72:M11Image: Missing docstring
W: 72:M11Image: Class has no __init__ method
R: 72:M11Image: Too few public methods (0/2)
C: 77:M12ForeignKey: Missing docstring
W: 77:M12ForeignKey: Class has no __init__ method
R: 77:M12ForeignKey: Too few public methods (0/2)
C: 83:M12ForeignKeysRelatedSpecified: Missing docstring
W: 83:M12ForeignKeysRelatedSpecified: Class has no __init__ method
R: 83:M12ForeignKeysRelatedSpecified: Too few public methods (0/2)
C: 89:M13ForeignKeySelf: Missing docstring
W: 89:M13ForeignKeySelf: Class has no __init__ method
R: 89:M13ForeignKeySelf: Too few public methods (0/2)
C: 95:Category: Missing docstring
W: 95:Category: Class has no __init__ method
R: 95:Category: Too few public methods (0/2)
C: 98:M14ManyToMany: Missing docstring
W: 98:M14ManyToMany: Class has no __init__ method
R: 98:M14ManyToMany: Too few public methods (0/2)
C:104:LongerNameOfThing: Missing docstring
W:104:LongerNameOfThing: Class has no __init__ method
R:104:LongerNameOfThing: Too few public methods (0/2)
C:109:M15OneToOne: Missing docstring
W:109:M15OneToOne: Class has no __init__ method
R:109:M15OneToOne: Too few public methods (0/2)
C:115:M16Unique: Missing docstring
W:115:M16Unique: Class has no __init__ method
R:115:M16Unique: Too few public methods (0/2)
C:122:M17ForeignKeyVersioned: Missing docstring
W:122:M17ForeignKeyVersioned: Class has no __init__ method
R:122:M17ForeignKeyVersioned: Too few public methods (0/2)
C:128:M17ForeignKeyVersionedCustom: Missing docstring
W:128:M17ForeignKeyVersionedCustom: Class has no __init__ method
R:128:M17ForeignKeyVersionedCustom: Too few public methods (0/2)
C:134:M18OneToOneFieldVersioned: Missing docstring
W:134:M18OneToOneFieldVersioned: Class has no __init__ method
R:134:M18OneToOneFieldVersioned: Too few public methods (0/2)
C:140:LameTag: Missing docstring
W:140:LameTag: Class has no __init__ method
R:140:LameTag: Too few public methods (0/2)
C:145:M19ManyToManyFieldVersioned: Missing docstring
W:145:M19ManyToManyFieldVersioned: Class has no __init__ method
R:145:M19ManyToManyFieldVersioned: Too few public methods (0/2)
C:151:CustomManager: Missing docstring
W:151:CustomManager: Class has no __init__ method
C:152:CustomManager.foo: Black listed name "foo"
C:152:CustomManager.foo: Missing docstring
R:152:CustomManager.foo: Method could be a function
R:151:CustomManager: Too few public methods (1/2)
C:155:M20CustomManager: Missing docstring
W:155:M20CustomManager: Class has no __init__ method
R:155:M20CustomManager: Too few public methods (0/2)
C:163:M21CustomAttribute: Missing docstring
W:163:M21CustomAttribute: Class has no __init__ method
R:163:M21CustomAttribute: Too few public methods (0/2)
C:169:M22ManyToManySelfVersioned: Missing docstring
W:169:M22ManyToManySelfVersioned: Class has no __init__ method
R:169:M22ManyToManySelfVersioned: Too few public methods (0/2)
C:175:M23AutoNow: Missing docstring
W:175:M23AutoNow: Class has no __init__ method
R:175:M23AutoNow: Too few public methods (0/2)
************* Module versionutils.versioning.tests.tests
C:436: Line too long (81/80)
W:639: Bad indentation. Found 9 spaces, expected 8
W:640: Bad indentation. Found 9 spaces, expected 8
W:641: Bad indentation. Found 9 spaces, expected 8
W:642: Bad indentation. Found 9 spaces, expected 8
W:647: Bad indentation. Found 9 spaces, expected 8
W:648: Bad indentation. Found 9 spaces, expected 8
W:650: Bad indentation. Found 9 spaces, expected 8
W:651: Bad indentation. Found 9 spaces, expected 8
W:652: Bad indentation. Found 9 spaces, expected 8
W:653: Bad indentation. Found 9 spaces, expected 8
W:656: Bad indentation. Found 9 spaces, expected 8
W:657: Bad indentation. Found 9 spaces, expected 8
W:658: Bad indentation. Found 9 spaces, expected 8
W:659: Bad indentation. Found 9 spaces, expected 8
W:661: Bad indentation. Found 9 spaces, expected 8
W:662: Bad indentation. Found 9 spaces, expected 8
W:664: Bad indentation. Found 9 spaces, expected 8
W:665: Bad indentation. Found 9 spaces, expected 8
W:666: Bad indentation. Found 9 spaces, expected 8
W:667: Bad indentation. Found 9 spaces, expected 8
W:670: Bad indentation. Found 9 spaces, expected 8
W:671: Bad indentation. Found 9 spaces, expected 8
W:673: Bad indentation. Found 9 spaces, expected 8
W:674: Bad indentation. Found 9 spaces, expected 8
W:676: Bad indentation. Found 9 spaces, expected 8
W:677: Bad indentation. Found 9 spaces, expected 8
W:678: Bad indentation. Found 9 spaces, expected 8
W:679: Bad indentation. Found 9 spaces, expected 8
W:680: Bad indentation. Found 9 spaces, expected 8
C:  1: Missing docstring
F:  6: Unable to import 'django.test'
F:  7: Unable to import 'django.conf'
F:  8: Unable to import 'django.core.files'
F:  9: Unable to import 'django.core.files.base'
F: 10: Unable to import 'django.utils.unittest'
W: 12: Relative import 'utils', should be 'versionutils.versioning.tests.utils'
W: 13: Relative import 'models', should be 'versionutils.versioning.tests.models'
W: 13: Wildcard import models
W: 14: Wildcard import versionutils.versioning.constants
C: 16: Invalid name "mgr" (should match (([A-Z_][A-Z0-9_]*)|(__.*__))$)
C: 17: Operator not preceded by a space
INSTALLED_APPS=list(settings.INSTALLED_APPS)
              ^
C: 21:TrackChangesTest: Missing docstring
W: 21:TrackChangesTest: Class has no __init__ method
C: 27:TrackChangesTest._create_test_models: Invalid name "m" (should match [a-z_][a-z0-9_]{2,30}$)
E: 28:TrackChangesTest._create_test_models: Instance of 'M1' has no 'save' member
C: 29:TrackChangesTest._create_test_models: Invalid name "m" (should match [a-z_][a-z0-9_]{2,30}$)
E: 30:TrackChangesTest._create_test_models: Instance of 'M1' has no 'save' member
C: 32:TrackChangesTest._create_test_models: Invalid name "m" (should match [a-z_][a-z0-9_]{2,30}$)
E: 33:TrackChangesTest._create_test_models: Instance of 'M2' has no 'save' member
C: 35:TrackChangesTest._create_test_models: Invalid name "m" (should match [a-z_][a-z0-9_]{2,30}$)
E: 36:TrackChangesTest._create_test_models: Instance of 'M3BigInteger' has no 'save' member
C: 38:TrackChangesTest._create_test_models: Invalid name "m" (should match [a-z_][a-z0-9_]{2,30}$)
E: 39:TrackChangesTest._create_test_models: Instance of 'M4Date' has no 'save' member
C: 41:TrackChangesTest._create_test_models: Invalid name "m" (should match [a-z_][a-z0-9_]{2,30}$)
E: 42:TrackChangesTest._create_test_models: Instance of 'M5Decimal' has no 'save' member
C: 44:TrackChangesTest._create_test_models: Invalid name "m" (should match [a-z_][a-z0-9_]{2,30}$)
E: 45:TrackChangesTest._create_test_models: Instance of 'M6Email' has no 'save' member
C: 47:TrackChangesTest._create_test_models: Invalid name "m" (should match [a-z_][a-z0-9_]{2,30}$)
E: 48:TrackChangesTest._create_test_models: Instance of 'M7Numbers' has no 'save' member
C: 50:TrackChangesTest._create_test_models: Invalid name "m" (should match [a-z_][a-z0-9_]{2,30}$)
E: 51:TrackChangesTest._create_test_models: Instance of 'M8Time' has no 'save' member
C: 53:TrackChangesTest._create_test_models: Invalid name "m" (should match [a-z_][a-z0-9_]{2,30}$)
E: 54:TrackChangesTest._create_test_models: Instance of 'M9URL' has no 'save' member
C: 56:TrackChangesTest._create_test_models: Invalid name "m" (should match [a-z_][a-z0-9_]{2,30}$)
E: 56:TrackChangesTest._create_test_models: Class 'M2' has no 'objects' member
E: 57:TrackChangesTest._create_test_models: Instance of 'M12ForeignKey' has no 'save' member
C: 59:TrackChangesTest._create_test_models: Invalid name "m1" (should match [a-z_][a-z0-9_]{2,30}$)
E: 60:TrackChangesTest._create_test_models: Instance of 'M13ForeignKeySelf' has no 'save' member
C: 61:TrackChangesTest._create_test_models: Invalid name "m" (should match [a-z_][a-z0-9_]{2,30}$)
E: 62:TrackChangesTest._create_test_models: Instance of 'M13ForeignKeySelf' has no 'save' member
E: 65:TrackChangesTest._create_test_models: Instance of 'Category' has no 'save' member
C: 66:TrackChangesTest._create_test_models: Invalid name "m" (should match [a-z_][a-z0-9_]{2,30}$)
E: 67:TrackChangesTest._create_test_models: Instance of 'M14ManyToMany' has no 'save' member
E: 69:TrackChangesTest._create_test_models: Instance of 'M14ManyToMany' has no 'save' member
E: 72:TrackChangesTest._create_test_models: Instance of 'LongerNameOfThing' has no 'save' member
C: 73:TrackChangesTest._create_test_models: Invalid name "m" (should match [a-z_][a-z0-9_]{2,30}$)
E: 74:TrackChangesTest._create_test_models: Instance of 'M15OneToOne' has no 'save' member
C: 76:TrackChangesTest._create_test_models: Invalid name "m" (should match [a-z_][a-z0-9_]{2,30}$)
E: 77:TrackChangesTest._create_test_models: Instance of 'M16Unique' has no 'save' member
R: 22:TrackChangesTest._create_test_models: Method could be a function
C: 79:TrackChangesTest._setup_file_environment: Missing docstring
R: 79:TrackChangesTest._setup_file_environment: Method could be a function
C: 87:TrackChangesTest._cleanup_file_environment: Missing docstring
C: 90:TrackChangesTest.all_objects: Missing docstring
C: 92:TrackChangesTest.all_objects: Invalid name "M" (should match [a-z_][a-z0-9_]{2,30}$)
C: 96:TrackChangesTest.setUp: Invalid name "setUp" (should match [a-z_][a-z0-9_]{2,30}$)
C: 96:TrackChangesTest.setUp: Missing docstring
C:101:TrackChangesTest.tearDown: Invalid name "tearDown" (should match [a-z_][a-z0-9_]{2,30}$)
C:105:TrackChangesTest.tearDown: Invalid name "M" (should match [a-z_][a-z0-9_]{2,30}$)
C:106:TrackChangesTest.tearDown: Invalid name "m" (should match [a-z_][a-z0-9_]{2,30}$)
C:110:TrackChangesTest.test_new_save: Missing docstring
E:112:TrackChangesTest.test_new_save: Instance of 'M1' has no 'save' member
E:113:TrackChangesTest.test_new_save: Instance of 'TrackChangesTest' has no 'assertEqual' member
E:113:TrackChangesTest.test_new_save: Instance of 'TrackChanges' has no 'all' member
C:115:TrackChangesTest.test_empty_save: Missing docstring
C:117:TrackChangesTest.test_empty_save: Invalid name "m" (should match [a-z_][a-z0-9_]{2,30}$)
C:119:TrackChangesTest.test_empty_save: Invalid name "m" (should match [a-z_][a-z0-9_]{2,30}$)
C:121:TrackChangesTest.test_empty_save: Invalid name "m" (should match [a-z_][a-z0-9_]{2,30}$)
E:124:TrackChangesTest.test_empty_save: Instance of 'TrackChangesTest' has no 'assertEqual' member
W:123:TrackChangesTest.test_empty_save: Unused variable 'old_m'
C:126:TrackChangesTest.test_most_recent: Missing docstring
C:127:TrackChangesTest.test_most_recent: Invalid name "m" (should match [a-z_][a-z0-9_]{2,30}$)
E:127:TrackChangesTest.test_most_recent: Class 'M1' has no 'objects' member
E:132:TrackChangesTest.test_most_recent: Instance of 'TrackChangesTest' has no 'assertEqual' member
E:133:TrackChangesTest.test_most_recent: Instance of 'TrackChangesTest' has no 'assertEqual' member
E:134:TrackChangesTest.test_most_recent: Instance of 'TrackChangesTest' has no 'assertEqual' member
E:135:TrackChangesTest.test_most_recent: Instance of 'TrackChangesTest' has no 'assertEqual' member
W:137:TrackChangesTest.test_most_recent: Access to a protected member _object of a client class
W:139:TrackChangesTest.test_most_recent: Access to a protected member _meta of a client class
W:142:TrackChangesTest.test_most_recent: Access to a protected member _meta of a client class
W:144:TrackChangesTest.test_most_recent: Access to a protected member _meta of a client class
E:145:TrackChangesTest.test_most_recent: Instance of 'TrackChangesTest' has no 'assertEqual' member
E:149:TrackChangesTest.test_most_recent: Instance of 'TrackChangesTest' has no 'assertNotEqual' member
C:158:TrackChangesTest.test_deleted_object: Invalid name "m" (should match [a-z_][a-z0-9_]{2,30}$)
E:158:TrackChangesTest.test_deleted_object: Class 'M16Unique' has no 'objects' member
W:161:TrackChangesTest.test_deleted_object: Access to a protected member _object of a client class
E:163:TrackChangesTest.test_deleted_object: Instance of 'TrackChangesTest' has no 'assertEqual' member
E:164:TrackChangesTest.test_deleted_object: Instance of 'TrackChangesTest' has no 'assertEqual' member
E:165:TrackChangesTest.test_deleted_object: Instance of 'TrackChangesTest' has no 'assertEqual' member
E:166:TrackChangesTest.test_deleted_object: Instance of 'TrackChangesTest' has no 'assertEqual' member
C:172:TrackChangesTest.test_deleted_object_lookup: Invalid name "m" (should match [a-z_][a-z0-9_]{2,30}$)
E:172:TrackChangesTest.test_deleted_object_lookup: Class 'M16Unique' has no 'objects' member
E:179:TrackChangesTest.test_deleted_object_lookup: Instance of 'TrackChanges' has no 'filter' member
C:180:TrackChangesTest.test_deleted_object_lookup: Invalid name "m" (should match [a-z_][a-z0-9_]{2,30}$)
E:181:TrackChangesTest.test_deleted_object_lookup: Instance of 'TrackChangesTest' has no 'assertEqual' member
E:182:TrackChangesTest.test_deleted_object_lookup: Instance of 'TrackChangesTest' has no 'assertEqual' member
C:187:TrackChangesTest.test_deleted_object_lookup: Invalid name "m" (should match [a-z_][a-z0-9_]{2,30}$)
E:188:TrackChangesTest.test_deleted_object_lookup: Instance of 'TrackChangesTest' has no 'assertEqual' member
E:188:TrackChangesTest.test_deleted_object_lookup: Instance of 'TrackChanges' has no 'all' member
E:189:TrackChangesTest.test_deleted_object_lookup: Instance of 'TrackChangesTest' has no 'assertEqual' member
E:189:TrackChangesTest.test_deleted_object_lookup: Instance of 'TrackChanges' has no 'all' member
C:197:TrackChangesTest.test_deleted_object_recreate: Invalid name "m" (should match [a-z_][a-z0-9_]{2,30}$)
E:197:TrackChangesTest.test_deleted_object_recreate: Class 'M16Unique' has no 'objects' member
C:203:TrackChangesTest.test_deleted_object_recreate: Invalid name "m2" (should match [a-z_][a-z0-9_]{2,30}$)
E:204:TrackChangesTest.test_deleted_object_recreate: Instance of 'M16Unique' has no 'save' member
C:207:TrackChangesTest.test_deleted_object_recreate: Invalid name "m" (should match [a-z_][a-z0-9_]{2,30}$)
E:208:TrackChangesTest.test_deleted_object_recreate: Instance of 'M16Unique' has no 'save' member
E:214:TrackChangesTest.test_deleted_object_recreate: Instance of 'TrackChangesTest' has no 'assertEqual' member
E:214:TrackChangesTest.test_deleted_object_recreate: Instance of 'TrackChanges' has no 'all' member
E:215:TrackChangesTest.test_deleted_object_recreate: Instance of 'TrackChanges' has no 'all' member
E:218:TrackChangesTest.test_deleted_object_recreate: Instance of 'TrackChangesTest' has no 'assertEqual' member
E:218:TrackChangesTest.test_deleted_object_recreate: Instance of 'TrackChanges' has no 'all' member
C:225:TrackChangesTest.test_deleted_object_nonunique: Invalid name "m" (should match [a-z_][a-z0-9_]{2,30}$)
E:226:TrackChangesTest.test_deleted_object_nonunique: Instance of 'M2' has no 'save' member
E:228:TrackChangesTest.test_deleted_object_nonunique: Instance of 'M2' has no 'save' member
E:229:TrackChangesTest.test_deleted_object_nonunique: Instance of 'M2' has no 'delete' member
C:231:TrackChangesTest.test_deleted_object_nonunique: Invalid name "m2" (should match [a-z_][a-z0-9_]{2,30}$)
E:232:TrackChangesTest.test_deleted_object_nonunique: Instance of 'M2' has no 'save' member
E:234:TrackChangesTest.test_deleted_object_nonunique: Instance of 'TrackChangesTest' has no 'assertEqual' member
E:234:TrackChangesTest.test_deleted_object_nonunique: Instance of 'TrackChanges' has no 'all' member
C:236:TrackChangesTest.test_deleted_file: Missing docstring
C:237:TrackChangesTest.test_deleted_file: Invalid name "m" (should match [a-z_][a-z0-9_]{2,30}$)
E:239:TrackChangesTest.test_deleted_file: Instance of 'M10File' has no 'save' member
E:241:TrackChangesTest.test_deleted_file: Instance of 'TrackChangesTest' has no 'assertTrue' member
E:243:TrackChangesTest.test_deleted_file: Instance of 'TrackChangesTest' has no 'assertTrue' member
C:249:TrackChangesTest.test_deleted_file: Invalid name "m" (should match [a-z_][a-z0-9_]{2,30}$)
E:250:TrackChangesTest.test_deleted_file: Instance of 'M11Image' has no 'save' member
E:252:TrackChangesTest.test_deleted_file: Instance of 'TrackChangesTest' has no 'assertTrue' member
E:254:TrackChangesTest.test_deleted_file: Instance of 'TrackChangesTest' has no 'assertTrue' member
W:246:TrackChangesTest.test_deleted_file: Unused variable 'im_dest'
C:256:TrackChangesTest.test_version_numbering: Missing docstring
C:257:TrackChangesTest.test_version_numbering: Invalid name "m" (should match [a-z_][a-z0-9_]{2,30}$)
E:258:TrackChangesTest.test_version_numbering: Instance of 'M2' has no 'save' member
E:260:TrackChangesTest.test_version_numbering: Instance of 'TrackChanges' has no 'most_recent' member
E:262:TrackChangesTest.test_version_numbering: Instance of 'TrackChangesTest' has no 'assertEqual' member
E:264:TrackChangesTest.test_version_numbering: Instance of 'M2' has no 'save' member
W:261:TrackChangesTest.test_version_numbering: Unused variable 'date'
C:266:TrackChangesTest.test_version_number_grab: Missing docstring
C:267:TrackChangesTest.test_version_number_grab: Invalid name "m" (should match [a-z_][a-z0-9_]{2,30}$)
E:268:TrackChangesTest.test_version_number_grab: Instance of 'M2' has no 'save' member
E:272:TrackChangesTest.test_version_number_grab: Instance of 'M2' has no 'save' member
E:275:TrackChangesTest.test_version_number_grab: Instance of 'TrackChanges' has no 'as_of' member
E:276:TrackChangesTest.test_version_number_grab: Instance of 'TrackChangesTest' has no 'assertEqual' member
C:278:TrackChangesTest.test_version_date_grab: Missing docstring
C:279:TrackChangesTest.test_version_date_grab: Invalid name "m" (should match [a-z_][a-z0-9_]{2,30}$)
E:280:TrackChangesTest.test_version_date_grab: Instance of 'M2' has no 'save' member
E:284:TrackChangesTest.test_version_date_grab: Instance of 'M2' has no 'save' member
E:288:TrackChangesTest.test_version_date_grab: Instance of 'TrackChanges' has no 'as_of' member
E:289:TrackChangesTest.test_version_date_grab: Instance of 'TrackChangesTest' has no 'assertEqual' member
E:293:TrackChangesTest.test_version_date_grab: Instance of 'TrackChanges' has no 'as_of' member
E:294:TrackChangesTest.test_version_date_grab: Instance of 'TrackChangesTest' has no 'assertEqual' member
C:296:TrackChangesTest.test_revert_to: Missing docstring
C:297:TrackChangesTest.test_revert_to: Invalid name "m" (should match [a-z_][a-z0-9_]{2,30}$)
E:298:TrackChangesTest.test_revert_to: Instance of 'M2' has no 'save' member
E:302:TrackChangesTest.test_revert_to: Instance of 'M2' has no 'save' member
E:304:TrackChangesTest.test_revert_to: Instance of 'TrackChanges' has no 'filter' member
E:307:TrackChangesTest.test_revert_to: Class 'M2' has no 'objects' member
E:308:TrackChangesTest.test_revert_to: Instance of 'TrackChangesTest' has no 'assertEqual' member
E:311:TrackChangesTest.test_revert_to: Instance of 'TrackChangesTest' has no 'assertEqual' member
C:313:TrackChangesTest.test_revert_to_delete_newer: Missing docstring
C:314:TrackChangesTest.test_revert_to_delete_newer: Invalid name "m" (should match [a-z_][a-z0-9_]{2,30}$)
E:315:TrackChangesTest.test_revert_to_delete_newer: Instance of 'M2' has no 'save' member
E:319:TrackChangesTest.test_revert_to_delete_newer: Instance of 'M2' has no 'save' member
E:323:TrackChangesTest.test_revert_to_delete_newer: Instance of 'TrackChanges' has no 'filter' member
E:326:TrackChangesTest.test_revert_to_delete_newer: Class 'M2' has no 'objects' member
E:327:TrackChangesTest.test_revert_to_delete_newer: Instance of 'TrackChangesTest' has no 'assertEqual' member
E:334:TrackChangesTest.test_revert_to_delete_newer: Class 'M2' has no 'objects' member
E:335:TrackChangesTest.test_revert_to_delete_newer: Instance of 'TrackChangesTest' has no 'assertEqual' member
E:342:TrackChangesTest.test_revert_to_delete_newer: Class 'M2' has no 'objects' member
E:343:TrackChangesTest.test_revert_to_delete_newer: Instance of 'TrackChangesTest' has no 'assertEqual' member
C:347:TrackChangesTest.test_trackchanges_off: Missing docstring
C:348:TrackChangesTest.test_trackchanges_off: Invalid name "m" (should match [a-z_][a-z0-9_]{2,30}$)
E:349:TrackChangesTest.test_trackchanges_off: Instance of 'M2' has no 'save' member
E:352:TrackChangesTest.test_trackchanges_off: Instance of 'M2' has no 'save' member
E:353:TrackChangesTest.test_trackchanges_off: Instance of 'TrackChangesTest' has no 'assertEqual' member
E:353:TrackChangesTest.test_trackchanges_off: Instance of 'TrackChanges' has no 'all' member
C:355:TrackChangesTest.test_trackchanges_off: Invalid name "mh" (should match [a-z_][a-z0-9_]{2,30}$)
E:355:TrackChangesTest.test_trackchanges_off: Instance of 'TrackChanges' has no 'all' member
E:357:TrackChangesTest.test_trackchanges_off: Instance of 'TrackChangesTest' has no 'assertEqual' member
E:357:TrackChangesTest.test_trackchanges_off: Instance of 'TrackChanges' has no 'all' member
C:359:TrackChangesTest.test_revert_to_delete_newer_no_record: Invalid name "test_revert_to_delete_newer_no_record" (should match [a-z_][a-z0-9_]{2,30}$)
C:359:TrackChangesTest.test_revert_to_delete_newer_no_record: Missing docstring
C:360:TrackChangesTest.test_revert_to_delete_newer_no_record: Invalid name "m" (should match [a-z_][a-z0-9_]{2,30}$)
E:361:TrackChangesTest.test_revert_to_delete_newer_no_record: Instance of 'M2' has no 'save' member
E:365:TrackChangesTest.test_revert_to_delete_newer_no_record: Instance of 'M2' has no 'save' member
E:370:TrackChangesTest.test_revert_to_delete_newer_no_record: Instance of 'TrackChanges' has no 'filter' member
E:373:TrackChangesTest.test_revert_to_delete_newer_no_record: Class 'M2' has no 'objects' member
E:374:TrackChangesTest.test_revert_to_delete_newer_no_record: Instance of 'TrackChangesTest' has no 'assertEqual' member
E:381:TrackChangesTest.test_revert_to_delete_newer_no_record: Class 'M2' has no 'objects' member
E:382:TrackChangesTest.test_revert_to_delete_newer_no_record: Instance of 'TrackChangesTest' has no 'assertEqual' member
E:389:TrackChangesTest.test_revert_to_delete_newer_no_record: Class 'M2' has no 'objects' member
E:390:TrackChangesTest.test_revert_to_delete_newer_no_record: Instance of 'TrackChangesTest' has no 'assertEqual' member
C:395:TrackChangesTest.test_queryset_bulk: Missing docstring
C:397:TrackChangesTest.test_queryset_bulk: Invalid name "m2" (should match [a-z_][a-z0-9_]{2,30}$)
E:398:TrackChangesTest.test_queryset_bulk: Instance of 'M2' has no 'save' member
E:400:TrackChangesTest.test_queryset_bulk: Instance of 'M12ForeignKey' has no 'save' member
C:403:TrackChangesTest.test_queryset_bulk: Invalid name "qs" (should match [a-z_][a-z0-9_]{2,30}$)
E:403:TrackChangesTest.test_queryset_bulk: Class 'M2' has no 'objects' member
E:406:TrackChangesTest.test_queryset_bulk: Instance of 'TrackChanges' has no 'filter' member
E:407:TrackChangesTest.test_queryset_bulk: Instance of 'TrackChangesTest' has no 'assertEqual' member
E:408:TrackChangesTest.test_queryset_bulk: Instance of 'TrackChangesTest' has no 'assertEqual' member
E:410:TrackChangesTest.test_queryset_bulk: Instance of 'TrackChanges' has no 'filter' member
E:411:TrackChangesTest.test_queryset_bulk: Instance of 'TrackChangesTest' has no 'assertEqual' member
E:412:TrackChangesTest.test_queryset_bulk: Instance of 'TrackChangesTest' has no 'assertEqual' member
C:417:TrackChangesTest.test_revert_to_once_deleted: Missing docstring
C:418:TrackChangesTest.test_revert_to_once_deleted: Invalid name "m" (should match [a-z_][a-z0-9_]{2,30}$)
E:419:TrackChangesTest.test_revert_to_once_deleted: Instance of 'M16Unique' has no 'save' member
E:421:TrackChangesTest.test_revert_to_once_deleted: Instance of 'M16Unique' has no 'delete' member
C:424:TrackChangesTest.test_revert_to_once_deleted: Invalid name "m" (should match [a-z_][a-z0-9_]{2,30}$)
E:425:TrackChangesTest.test_revert_to_once_deleted: Instance of 'M16Unique' has no 'save' member
C:427:TrackChangesTest.test_revert_to_once_deleted: Invalid name "mh" (should match [a-z_][a-z0-9_]{2,30}$)
E:427:TrackChangesTest.test_revert_to_once_deleted: Instance of 'TrackChanges' has no 'filter' member
E:435:TrackChangesTest.test_revert_to_once_deleted: Instance of 'TrackChangesTest' has no 'assertEqual' member
E:435:TrackChangesTest.test_revert_to_once_deleted: Class 'M16Unique' has no 'objects' member
E:436:TrackChangesTest.test_revert_to_once_deleted: Instance of 'TrackChangesTest' has no 'assertEqual' member
E:436:TrackChangesTest.test_revert_to_once_deleted: Class 'M16Unique' has no 'objects' member
C:438:TrackChangesTest.test_revert_to_deleted_version: Missing docstring
C:444:TrackChangesTest.test_revert_to_deleted_version: Invalid name "m" (should match [a-z_][a-z0-9_]{2,30}$)
E:445:TrackChangesTest.test_revert_to_deleted_version: Instance of 'M16Unique' has no 'save' member
E:447:TrackChangesTest.test_revert_to_deleted_version: Instance of 'M16Unique' has no 'delete' member
C:450:TrackChangesTest.test_revert_to_deleted_version: Invalid name "mh" (should match [a-z_][a-z0-9_]{2,30}$)
E:450:TrackChangesTest.test_revert_to_deleted_version: Instance of 'TrackChanges' has no 'filter' member
C:453:TrackChangesTest.test_revert_to_deleted_version: Invalid name "m" (should match [a-z_][a-z0-9_]{2,30}$)
E:454:TrackChangesTest.test_revert_to_deleted_version: Instance of 'M16Unique' has no 'save' member
E:464:TrackChangesTest.test_revert_to_deleted_version: Instance of 'TrackChangesTest' has no 'assertFalse' member
E:465:TrackChangesTest.test_revert_to_deleted_version: Class 'M16Unique' has no 'objects' member
C:471:TrackChangesTest.test_revert_to_deleted_version: Invalid name "mh" (should match [a-z_][a-z0-9_]{2,30}$)
E:471:TrackChangesTest.test_revert_to_deleted_version: Instance of 'TrackChanges' has no 'filter' member
E:472:TrackChangesTest.test_revert_to_deleted_version: Instance of 'TrackChangesTest' has no 'assertEqual' member
C:478:TrackChangesTest.test_revert_to_deleted_version: Invalid name "m" (should match [a-z_][a-z0-9_]{2,30}$)
E:479:TrackChangesTest.test_revert_to_deleted_version: Instance of 'M16Unique' has no 'save' member
E:481:TrackChangesTest.test_revert_to_deleted_version: Instance of 'M16Unique' has no 'delete' member
C:483:TrackChangesTest.test_revert_to_deleted_version: Invalid name "mh" (should match [a-z_][a-z0-9_]{2,30}$)
E:483:TrackChangesTest.test_revert_to_deleted_version: Instance of 'TrackChanges' has no 'filter' member
E:490:TrackChangesTest.test_revert_to_deleted_version: Instance of 'TrackChangesTest' has no 'assertFalse' member
E:491:TrackChangesTest.test_revert_to_deleted_version: Class 'M16Unique' has no 'objects' member
C:497:TrackChangesTest.test_revert_to_deleted_version: Invalid name "mh" (should match [a-z_][a-z0-9_]{2,30}$)
E:497:TrackChangesTest.test_revert_to_deleted_version: Instance of 'TrackChanges' has no 'filter' member
E:500:TrackChangesTest.test_revert_to_deleted_version: Instance of 'TrackChangesTest' has no 'assertEqual' member
C:502:TrackChangesTest.test_revert_grab_reverted_version: Invalid name "test_revert_grab_reverted_version" (should match [a-z_][a-z0-9_]{2,30}$)
C:502:TrackChangesTest.test_revert_grab_reverted_version: Missing docstring
C:503:TrackChangesTest.test_revert_grab_reverted_version: Invalid name "m" (should match [a-z_][a-z0-9_]{2,30}$)
E:504:TrackChangesTest.test_revert_grab_reverted_version: Instance of 'M16Unique' has no 'save' member
E:506:TrackChangesTest.test_revert_grab_reverted_version: Instance of 'M16Unique' has no 'save' member
C:508:TrackChangesTest.test_revert_grab_reverted_version: Invalid name "mh" (should match [a-z_][a-z0-9_]{2,30}$)
E:508:TrackChangesTest.test_revert_grab_reverted_version: Instance of 'TrackChanges' has no 'all' member
C:511:TrackChangesTest.test_revert_grab_reverted_version: Invalid name "m" (should match [a-z_][a-z0-9_]{2,30}$)
E:511:TrackChangesTest.test_revert_grab_reverted_version: Class 'M16Unique' has no 'objects' member
E:514:TrackChangesTest.test_revert_grab_reverted_version: Instance of 'TrackChangesTest' has no 'assertEqual' member
C:516:TrackChangesTest.test_copy_custom_attributes: Missing docstring
E:518:TrackChangesTest.test_copy_custom_attributes: Instance of 'M21CustomAttribute' has no 'save' member
C:519:TrackChangesTest.test_copy_custom_attributes: Invalid name "h" (should match [a-z_][a-z0-9_]{2,30}$)
E:519:TrackChangesTest.test_copy_custom_attributes: Instance of 'TrackChanges' has no 'most_recent' member
E:520:TrackChangesTest.test_copy_custom_attributes: Instance of 'TrackChangesTest' has no 'assertTrue' member
E:526:TrackChangesTest.test_copy_custom_attributes: Instance of 'M20CustomManager' has no 'save' member
C:527:TrackChangesTest.test_copy_custom_attributes: Invalid name "h" (should match [a-z_][a-z0-9_]{2,30}$)
E:527:TrackChangesTest.test_copy_custom_attributes: Instance of 'TrackChanges' has no 'most_recent' member
E:528:TrackChangesTest.test_copy_custom_attributes: Instance of 'TrackChangesTest' has no 'assertFalse' member
C:539:TrackChangesTest.test_correct_fk_version_lookup: Invalid name "m2" (should match [a-z_][a-z0-9_]{2,30}$)
E:540:TrackChangesTest.test_correct_fk_version_lookup: Instance of 'M2' has no 'save' member
E:543:TrackChangesTest.test_correct_fk_version_lookup: Instance of 'M17ForeignKeyVersioned' has no 'save' member
E:546:TrackChangesTest.test_correct_fk_version_lookup: Instance of 'M17ForeignKeyVersioned' has no 'save' member
E:549:TrackChangesTest.test_correct_fk_version_lookup: Instance of 'M2' has no 'save' member
E:551:TrackChangesTest.test_correct_fk_version_lookup: Instance of 'M17ForeignKeyVersioned' has no 'save' member
E:554:TrackChangesTest.test_correct_fk_version_lookup: Instance of 'M2' has no 'save' member
E:556:TrackChangesTest.test_correct_fk_version_lookup: Instance of 'M17ForeignKeyVersioned' has no 'save' member
E:558:TrackChangesTest.test_correct_fk_version_lookup: Instance of 'TrackChanges' has no 'as_of' member
E:559:TrackChangesTest.test_correct_fk_version_lookup: Instance of 'TrackChangesTest' has no 'assertEqual' member
E:561:TrackChangesTest.test_correct_fk_version_lookup: Instance of 'TrackChanges' has no 'as_of' member
E:562:TrackChangesTest.test_correct_fk_version_lookup: Instance of 'TrackChangesTest' has no 'assertEqual' member
E:564:TrackChangesTest.test_correct_fk_version_lookup: Instance of 'TrackChanges' has no 'as_of' member
E:565:TrackChangesTest.test_correct_fk_version_lookup: Instance of 'TrackChangesTest' has no 'assertEqual' member
E:567:TrackChangesTest.test_correct_fk_version_lookup: Instance of 'TrackChanges' has no 'as_of' member
E:568:TrackChangesTest.test_correct_fk_version_lookup: Instance of 'TrackChangesTest' has no 'assertEqual' member
C:573:TrackChangesTest.test_correct_fk_version_lookup: Invalid name "m2" (should match [a-z_][a-z0-9_]{2,30}$)
E:574:TrackChangesTest.test_correct_fk_version_lookup: Instance of 'M2' has no 'save' member
E:577:TrackChangesTest.test_correct_fk_version_lookup: Instance of 'M18OneToOneFieldVersioned' has no 'save' member
E:580:TrackChangesTest.test_correct_fk_version_lookup: Instance of 'M18OneToOneFieldVersioned' has no 'save' member
E:583:TrackChangesTest.test_correct_fk_version_lookup: Instance of 'M2' has no 'save' member
E:585:TrackChangesTest.test_correct_fk_version_lookup: Instance of 'M18OneToOneFieldVersioned' has no 'save' member
E:588:TrackChangesTest.test_correct_fk_version_lookup: Instance of 'M2' has no 'save' member
E:590:TrackChangesTest.test_correct_fk_version_lookup: Instance of 'M18OneToOneFieldVersioned' has no 'save' member
E:592:TrackChangesTest.test_correct_fk_version_lookup: Instance of 'TrackChanges' has no 'as_of' member
E:593:TrackChangesTest.test_correct_fk_version_lookup: Instance of 'TrackChangesTest' has no 'assertEqual' member
E:595:TrackChangesTest.test_correct_fk_version_lookup: Instance of 'TrackChanges' has no 'as_of' member
E:596:TrackChangesTest.test_correct_fk_version_lookup: Instance of 'TrackChangesTest' has no 'assertEqual' member
E:598:TrackChangesTest.test_correct_fk_version_lookup: Instance of 'TrackChanges' has no 'as_of' member
E:599:TrackChangesTest.test_correct_fk_version_lookup: Instance of 'TrackChangesTest' has no 'assertEqual' member
E:601:TrackChangesTest.test_correct_fk_version_lookup: Instance of 'TrackChanges' has no 'as_of' member
E:602:TrackChangesTest.test_correct_fk_version_lookup: Instance of 'TrackChangesTest' has no 'assertEqual' member
C:607:TrackChangesTest.test_correct_fk_version_lookup: Invalid name "t1" (should match [a-z_][a-z0-9_]{2,30}$)
E:608:TrackChangesTest.test_correct_fk_version_lookup: Instance of 'LameTag' has no 'save' member
C:609:TrackChangesTest.test_correct_fk_version_lookup: Invalid name "t2" (should match [a-z_][a-z0-9_]{2,30}$)
E:610:TrackChangesTest.test_correct_fk_version_lookup: Instance of 'LameTag' has no 'save' member
E:612:TrackChangesTest.test_correct_fk_version_lookup: Instance of 'M19ManyToManyFieldVersioned' has no 'save' member
E:615:TrackChangesTest.test_correct_fk_version_lookup: Instance of 'LameTag' has no 'save' member
E:617:TrackChangesTest.test_correct_fk_version_lookup: Instance of 'LameTag' has no 'save' member
E:619:TrackChangesTest.test_correct_fk_version_lookup: Instance of 'TrackChanges' has no 'most_recent' member
E:621:TrackChangesTest.test_correct_fk_version_lookup: Instance of 'TrackChangesTest' has no 'assertEqual' member
R:530:TrackChangesTest.test_correct_fk_version_lookup: Too many statements (59/50)
C:623:TrackChangesTest.test_fk_reverse_no_interference: Missing docstring
C:624:TrackChangesTest.test_fk_reverse_no_interference: Invalid name "m2" (should match [a-z_][a-z0-9_]{2,30}$)
E:625:TrackChangesTest.test_fk_reverse_no_interference: Instance of 'M2' has no 'save' member
E:627:TrackChangesTest.test_fk_reverse_no_interference: Instance of 'M12ForeignKey' has no 'save' member
E:629:TrackChangesTest.test_fk_reverse_no_interference: Instance of 'TrackChangesTest' has no 'assertEqual' member
E:629:TrackChangesTest.test_fk_reverse_no_interference: Instance of 'M2' has no 'm12foreignkey_set' member
C:634:TrackChangesTest.test_fk_reverse_lookup: Missing docstring
C:639:TrackChangesTest.test_fk_reverse_lookup: Invalid name "m2" (should match [a-z_][a-z0-9_]{2,30}$)
E:640:TrackChangesTest.test_fk_reverse_lookup: Instance of 'M2' has no 'save' member
E:642:TrackChangesTest.test_fk_reverse_lookup: Instance of 'M17ForeignKeyVersioned' has no 'save' member
E:647:TrackChangesTest.test_fk_reverse_lookup: Instance of 'TrackChanges' has no 'most_recent' member
E:648:TrackChangesTest.test_fk_reverse_lookup: Instance of 'TrackChangesTest' has no 'assertEqual' member
E:651:TrackChangesTest.test_fk_reverse_lookup: Instance of 'M2' has no 'save' member
E:653:TrackChangesTest.test_fk_reverse_lookup: Instance of 'M17ForeignKeyVersioned' has no 'save' member
E:656:TrackChangesTest.test_fk_reverse_lookup: Instance of 'TrackChanges' has no 'most_recent' member
E:657:TrackChangesTest.test_fk_reverse_lookup: Instance of 'TrackChangesTest' has no 'assertEqual' member
E:659:TrackChangesTest.test_fk_reverse_lookup: Instance of 'TrackChangesTest' has no 'assertEqual' member
E:662:TrackChangesTest.test_fk_reverse_lookup: Instance of 'M2' has no 'save' member
E:664:TrackChangesTest.test_fk_reverse_lookup: Instance of 'TrackChanges' has no 'most_recent' member
E:665:TrackChangesTest.test_fk_reverse_lookup: Instance of 'TrackChangesTest' has no 'assertEqual' member
E:667:TrackChangesTest.test_fk_reverse_lookup: Instance of 'TrackChangesTest' has no 'assertEqual' member
E:671:TrackChangesTest.test_fk_reverse_lookup: Instance of 'M17ForeignKeyVersioned' has no 'save' member
E:674:TrackChangesTest.test_fk_reverse_lookup: Instance of 'M2' has no 'save' member
E:676:TrackChangesTest.test_fk_reverse_lookup: Instance of 'TrackChanges' has no 'most_recent' member
E:678:TrackChangesTest.test_fk_reverse_lookup: Instance of 'TrackChangesTest' has no 'assertEqual' member
E:679:TrackChangesTest.test_fk_reverse_lookup: Instance of 'TrackChangesTest' has no 'assertEqual' member
E:680:TrackChangesTest.test_fk_reverse_lookup: Instance of 'TrackChangesTest' has no 'assertEqual' member
C:683:TrackChangesTest.test_fk_cascade: Missing docstring
E:686:TrackChangesTest.test_fk_cascade: Instance of 'M2' has no 'save' member
E:688:TrackChangesTest.test_fk_cascade: Instance of 'M12ForeignKey' has no 'save' member
E:690:TrackChangesTest.test_fk_cascade: Instance of 'M2' has no 'delete' member
E:692:TrackChangesTest.test_fk_cascade: Instance of 'TrackChanges' has no 'filter' member
E:693:TrackChangesTest.test_fk_cascade: Instance of 'TrackChangesTest' has no 'assertEqual' member
E:696:TrackChangesTest.test_fk_cascade: Instance of 'M2' has no 'save' member
E:698:TrackChangesTest.test_fk_cascade: Instance of 'M12ForeignKey' has no 'save' member
E:700:TrackChangesTest.test_fk_cascade: Instance of 'M2' has no 'delete' member
E:703:TrackChangesTest.test_fk_cascade: Instance of 'TrackChanges' has no 'filter' member
E:704:TrackChangesTest.test_fk_cascade: Instance of 'TrackChangesTest' has no 'assertNotEqual' member
C:718:TrackChangesTest.test_fk_reverse_proper_instance: Invalid name "m2" (should match [a-z_][a-z0-9_]{2,30}$)
E:719:TrackChangesTest.test_fk_reverse_proper_instance: Instance of 'M2' has no 'save' member
E:721:TrackChangesTest.test_fk_reverse_proper_instance: Instance of 'M12ForeignKey' has no 'save' member
E:724:TrackChangesTest.test_fk_reverse_proper_instance: Instance of 'M12ForeignKey' has no 'save' member
E:726:TrackChangesTest.test_fk_reverse_proper_instance: Instance of 'M2' has no 'save' member
E:728:TrackChangesTest.test_fk_reverse_proper_instance: Instance of 'TrackChanges' has no 'most_recent' member
E:729:TrackChangesTest.test_fk_reverse_proper_instance: Instance of 'TrackChangesTest' has no 'assertEqual' member
C:731:TrackChangesTest.test_fk_versioned_filters: Missing docstring
C:732:TrackChangesTest.test_fk_versioned_filters: Invalid name "m2" (should match [a-z_][a-z0-9_]{2,30}$)
E:733:TrackChangesTest.test_fk_versioned_filters: Instance of 'M2' has no 'save' member
E:734:TrackChangesTest.test_fk_versioned_filters: Instance of 'TrackChanges' has no 'most_recent' member
E:737:TrackChangesTest.test_fk_versioned_filters: Instance of 'M12ForeignKey' has no 'save' member
E:738:TrackChangesTest.test_fk_versioned_filters: Instance of 'TrackChanges' has no 'most_recent' member
E:740:TrackChangesTest.test_fk_versioned_filters: Instance of 'M12ForeignKey' has no 'save' member
E:741:TrackChangesTest.test_fk_versioned_filters: Instance of 'TrackChanges' has no 'most_recent' member
E:744:TrackChangesTest.test_fk_versioned_filters: Instance of 'TrackChangesTest' has no 'assertEqual' member
E:744:TrackChangesTest.test_fk_versioned_filters: Instance of 'TrackChanges' has no 'filter' member
E:748:TrackChangesTest.test_fk_versioned_filters: Instance of 'TrackChangesTest' has no 'assertEqual' member
E:748:TrackChangesTest.test_fk_versioned_filters: Instance of 'TrackChanges' has no 'filter' member
E:749:TrackChangesTest.test_fk_versioned_filters: Instance of 'TrackChangesTest' has no 'assertEqual' member
E:749:TrackChangesTest.test_fk_versioned_filters: Instance of 'TrackChanges' has no 'filter' member
E:755:TrackChangesTest.test_fk_versioned_filters: Instance of 'TrackChangesTest' has no 'assertEqual' member
E:755:TrackChangesTest.test_fk_versioned_filters: Instance of 'TrackChanges' has no 'filter' member
E:759:TrackChangesTest.test_fk_versioned_filters: Instance of 'TrackChangesTest' has no 'assertEqual' member
E:759:TrackChangesTest.test_fk_versioned_filters: Instance of 'TrackChanges' has no 'filter' member
E:760:TrackChangesTest.test_fk_versioned_filters: Instance of 'TrackChangesTest' has no 'assertEqual' member
E:760:TrackChangesTest.test_fk_versioned_filters: Instance of 'TrackChanges' has no 'filter' member
C:762:TrackChangesTest.test_onetoone_reverse_lookup: Missing docstring
E:768:TrackChangesTest.test_onetoone_reverse_lookup: Instance of 'LongerNameOfThing' has no 'save' member
E:770:TrackChangesTest.test_onetoone_reverse_lookup: Instance of 'M15OneToOne' has no 'save' member
E:772:TrackChangesTest.test_onetoone_reverse_lookup: Instance of 'LongerNameOfThing' has no 'save' member
E:774:TrackChangesTest.test_onetoone_reverse_lookup: Instance of 'M15OneToOne' has no 'save' member
E:776:TrackChangesTest.test_onetoone_reverse_lookup: Instance of 'TrackChanges' has no 'most_recent' member
E:777:TrackChangesTest.test_onetoone_reverse_lookup: Instance of 'TrackChangesTest' has no 'assertEqual' member
C:779:TrackChangesTest.test_manytomany_reverse_lookup: Missing docstring
C:780:TrackChangesTest.test_manytomany_reverse_lookup: Invalid name "t1" (should match [a-z_][a-z0-9_]{2,30}$)
E:781:TrackChangesTest.test_manytomany_reverse_lookup: Instance of 'LameTag' has no 'save' member
C:782:TrackChangesTest.test_manytomany_reverse_lookup: Invalid name "t2" (should match [a-z_][a-z0-9_]{2,30}$)
E:783:TrackChangesTest.test_manytomany_reverse_lookup: Instance of 'LameTag' has no 'save' member
E:785:TrackChangesTest.test_manytomany_reverse_lookup: Instance of 'M19ManyToManyFieldVersioned' has no 'save' member
E:789:TrackChangesTest.test_manytomany_reverse_lookup: Instance of 'LameTag' has no 'save' member
E:791:TrackChangesTest.test_manytomany_reverse_lookup: Instance of 'LameTag' has no 'save' member
E:794:TrackChangesTest.test_manytomany_reverse_lookup: Instance of 'M19ManyToManyFieldVersioned' has no 'save' member
E:797:TrackChangesTest.test_manytomany_reverse_lookup: Instance of 'LameTag' has no 'save' member
E:799:TrackChangesTest.test_manytomany_reverse_lookup: Instance of 'LameTag' has no 'save' member
E:802:TrackChangesTest.test_manytomany_reverse_lookup: Instance of 'TrackChanges' has no 'all' member
E:803:TrackChangesTest.test_manytomany_reverse_lookup: Instance of 'TrackChanges' has no 'all' member
E:805:TrackChangesTest.test_manytomany_reverse_lookup: Instance of 'TrackChangesTest' has no 'assertEqual' member
E:807:TrackChangesTest.test_manytomany_reverse_lookup: Instance of 'TrackChangesTest' has no 'assertEqual' member
E:810:TrackChangesTest.test_manytomany_reverse_lookup: Instance of 'TrackChanges' has no 'all' member
E:811:TrackChangesTest.test_manytomany_reverse_lookup: Instance of 'TrackChanges' has no 'all' member
E:813:TrackChangesTest.test_manytomany_reverse_lookup: Instance of 'TrackChangesTest' has no 'assertEqual' member
E:814:TrackChangesTest.test_manytomany_reverse_lookup: Instance of 'TrackChangesTest' has no 'assertEqual' member
E:816:TrackChangesTest.test_manytomany_reverse_lookup: Instance of 'TrackChangesTest' has no 'assertEqual' member
E:817:TrackChangesTest.test_manytomany_reverse_lookup: Instance of 'TrackChangesTest' has no 'assertEqual' member
E:820:TrackChangesTest.test_manytomany_reverse_lookup: Instance of 'TrackChanges' has no 'all' member
E:821:TrackChangesTest.test_manytomany_reverse_lookup: Instance of 'TrackChanges' has no 'all' member
E:823:TrackChangesTest.test_manytomany_reverse_lookup: Instance of 'TrackChangesTest' has no 'assertEqual' member
E:824:TrackChangesTest.test_manytomany_reverse_lookup: Instance of 'TrackChangesTest' has no 'assertEqual' member
E:826:TrackChangesTest.test_manytomany_reverse_lookup: Instance of 'TrackChangesTest' has no 'assertEqual' member
E:827:TrackChangesTest.test_manytomany_reverse_lookup: Instance of 'TrackChangesTest' has no 'assertEqual' member
C:829:TrackChangesTest.test_autonow_field: Missing docstring
C:830:TrackChangesTest.test_autonow_field: Invalid name "m" (should match [a-z_][a-z0-9_]{2,30}$)
E:832:TrackChangesTest.test_autonow_field: Instance of 'M23AutoNow' has no 'save' member
E:833:TrackChangesTest.test_autonow_field: Instance of 'TrackChanges' has no 'most_recent' member
E:834:TrackChangesTest.test_autonow_field: Instance of 'TrackChangesTest' has no 'assertEqual' member
W:831:TrackChangesTest.test_autonow_field: Unused variable 'i'
R: 21:TrackChangesTest: Too many public methods (32/20)
W: 13: Unused import M22ManyToManySelfVersioned from wildcard import
W: 14: Unused import TYPE_CHOICES from wildcard import
W: 14: Unused import TYPE_REVERTED from wildcard import
W: 13: Unused import CustomManager from wildcard import
W: 13: Unused import M12ForeignKeysRelatedSpecified from wildcard import
W: 13: Unused import models from wildcard import
W: 14: Unused import TYPE_REVERTED_ADDED from wildcard import
W: 14: Unused import TYPE_UPDATED from wildcard import
W: 13: Unused import TrackChanges from wildcard import
W: 13: Unused import M17ForeignKeyVersionedCustom from wildcard import
************* Module versionutils.versioning.tests.runner
F:  8: Unable to import 'django.test.simple'
F:  9: Unable to import 'django.conf'
W: 10: Relative import 'utils', should be 'versionutils.versioning.tests.utils'
C: 12:CreateModelsTestRunner: Missing docstring
W: 12:CreateModelsTestRunner: Class has no __init__ method
C: 13:CreateModelsTestRunner.setup_test_environment: Missing docstring
E: 13:CreateModelsTestRunner.setup_test_environment: Use super on an old style class
C: 17:CreateModelsTestRunner.setup_test_environment: Operator not preceded by a space
        INSTALLED_APPS=list(settings.INSTALLED_APPS)
                      ^
C: 17:CreateModelsTestRunner.setup_test_environment: Invalid name "INSTALLED_APPS" (should match [a-z_][a-z0-9_]{2,30}$)
C: 21:CreateModelsTestRunner.run_tests: Missing docstring
E: 23:CreateModelsTestRunner.run_tests: Instance of 'CreateModelsTestRunner' has no 'setup_databases' member
E: 25:CreateModelsTestRunner.run_tests: Instance of 'CreateModelsTestRunner' has no 'build_suite' member
E: 26:CreateModelsTestRunner.run_tests: Instance of 'CreateModelsTestRunner' has no 'run_suite' member
E: 27:CreateModelsTestRunner.run_tests: Instance of 'CreateModelsTestRunner' has no 'teardown_databases' member
E: 28:CreateModelsTestRunner.run_tests: Instance of 'CreateModelsTestRunner' has no 'teardown_test_environment' member
E: 29:CreateModelsTestRunner.run_tests: Instance of 'CreateModelsTestRunner' has no 'suite_result' member
W: 21:CreateModelsTestRunner.run_tests: Unused argument 'kwargs'
************* Module versionutils.versioning.tests
C:  1: Missing docstring
W:  1: Relative import 'tests', should be 'versionutils.versioning.tests.tests'
W:  1: Wildcard import tests
W:  2: Relative import 'runner', should be 'versionutils.versioning.tests.runner'
W:  2: Wildcard import runner
************* Module versionutils.versioning.tests.exampletests
C:  1: Missing docstring
F:  1: Unable to import 'django.test'
F:  2: Unable to import 'django.conf'
F:  3: Unable to import 'django.contrib.auth.models'
E:  5: No name 'AccessAttempt' in module 'versionutils.versioning.tests.models'
W:  5: Relative import 'models', should be 'versionutils.versioning.tests.models'
C:  8:AccessAttemptTest: Missing docstring
W:  8:AccessAttemptTest: Class has no __init__ method
C: 12:AccessAttemptTest.setUp: Invalid name "setUp" (should match [a-z_][a-z0-9_]{2,30}$)
C: 12:AccessAttemptTest.setUp: Missing docstring
E: 13:AccessAttemptTest.setUp: Undefined variable 'random'
C: 16:AccessAttemptTest.setUp: Invalid name "u" (should match [a-z_][a-z0-9_]{2,30}$)
R: 12:AccessAttemptTest.setUp: Method could be a function
C: 20:AccessAttemptTest._gen_bad_password: Missing docstring
E: 21:AccessAttemptTest._gen_bad_password: Undefined variable 'random'
R: 20:AccessAttemptTest._gen_bad_password: Method could be a function
C: 23:AccessAttemptTest._random_username: Missing docstring
E: 26:AccessAttemptTest._random_username: Undefined variable 'random'
E: 28:AccessAttemptTest._random_username: Undefined variable 'random'
R: 23:AccessAttemptTest._random_username: Method could be a function
C: 30:AccessAttemptTest._attempt_login: Missing docstring
E: 31:AccessAttemptTest._attempt_login: Instance of 'AccessAttemptTest' has no 'client' member
W: 30:AccessAttemptTest._attempt_login: Unused argument 'user'
C: 37:AccessAttemptTest.test_login_max: Missing docstring
E: 38:AccessAttemptTest.test_login_max: Undefined variable 'FAILURE_LIMIT'
E: 40:AccessAttemptTest.test_login_max: Instance of 'AccessAttemptTest' has no 'assertContains' member
E: 44:AccessAttemptTest.test_login_max: Instance of 'AccessAttemptTest' has no 'assertContains' member
W: 38:AccessAttemptTest.test_login_max: Unused variable 'i'
C: 46:AccessAttemptTest.test_login_max_with_more: Missing docstring
E: 47:AccessAttemptTest.test_login_max_with_more: Undefined variable 'FAILURE_LIMIT'
E: 49:AccessAttemptTest.test_login_max_with_more: Instance of 'AccessAttemptTest' has no 'assertContains' member
E: 52:AccessAttemptTest.test_login_max_with_more: Undefined variable 'random'
E: 55:AccessAttemptTest.test_login_max_with_more: Instance of 'AccessAttemptTest' has no 'assertContains' member
W: 47:AccessAttemptTest.test_login_max_with_more: Unused variable 'i'
C: 57:AccessAttemptTest.test_with_real_username_max: Missing docstring
C: 60:AccessAttemptTest.test_with_real_username_max_with_more: Invalid name "test_with_real_username_max_with_more" (should match [a-z_][a-z0-9_]{2,30}$)
C: 60:AccessAttemptTest.test_with_real_username_max_with_more: Missing docstring
W:  5: Unused import AccessAttempt
W:  1: Unused import Client
W:  2: Unused import settings
************* Module versionutils.merging.forms
C: 69: Line too long (126/80)
C:116: Line too long (87/80)
C:119: Line too long (89/80)
C:  1: Missing docstring
F:  1: Unable to import 'django.db'
F:  2: Unable to import 'django'
F:  5: Unable to import 'django.forms.models'
E: 42:MergeModelForm.__init__: Use super on an old style class
E: 47:MergeModelForm.__init__: Instance of 'MergeModelForm' has no 'initial' member
E: 59:MergeModelForm.get_version_date: Instance of 'MergeModelForm' has no 'version_date_field' member
W: 66:MergeModelForm.get_version_date: No exception type(s) specified
W: 69:MergeModelForm.get_version_date: Access to a protected member _meta of a client class
W: 75:MergeModelForm.merge: Unused argument 'theirs'
W: 75:MergeModelForm.merge: Unused argument 'ancestor'
W: 75:MergeModelForm.merge: Unused argument 'yours'
E:112:MergeModelForm.clean: Instance of 'MergeModelForm' has no 'instance' member
E:115:MergeModelForm.clean: Instance of 'MergeModelForm' has no 'instance' member
E:116:MergeModelForm.clean: Instance of 'MergeModelForm' has no 'instance' member
E:119:MergeModelForm.clean: Instance of 'MergeModelForm' has no 'initial' member
C:120:MergeModelForm.clean: Invalid name "e" (should match [a-z_][a-z0-9_]{2,30}$)
W:119:MergeModelForm.clean: Attribute 'cleaned_data' defined outside __init__
W:121:MergeModelForm.clean: Attribute 'data' defined outside __init__
E:113:MergeModelForm.clean: Access to member 'data' before its definition line 121
E:115:MergeModelForm.clean: Access to member 'data' before its definition line 121
E:116:MergeModelForm.clean: Access to member 'data' before its definition line 121
************* Module versionutils.merging
C:  1: Missing docstring
************* Module versionutils.diff.views
C:  1: Missing docstring
F:  1: Unable to import 'django.shortcuts'
C:  3:debug: Missing docstring
W:  3:debug: Unused argument 'request'
************* Module versionutils.diff.diffutils
C:288: Line too long (86/80)
C:289: Line too long (83/80)
C:  1: Missing docstring
F:  3: Unable to import 'django.db'
F:  4: Unable to import 'django.template.loader'
F:  5: Unable to import 'django.utils.safestring'
F:  6: Unable to import 'django.conf'
W:  8: Relative import 'diff_match_patch', should be 'versionutils.diff.diff_match_patch'
W:  9: Relative import 'daisydiff', should be 'versionutils.diff.daisydiff'
W: 89:BaseFieldDiff.as_html: Redefining name 'diff' from outer scope (line 413)
W:192:BaseModelDiff.get_diff: Redefining name 'diff' from outer scope (line 413)
W:198:BaseModelDiff.get_diff: Access to a protected member _meta of a client class
W:202:BaseModelDiff.get_diff: Access to a protected member _meta of a client class
W:205:BaseModelDiff.get_diff: Access to a protected member _meta of a client class
C:239:TextFieldDiff.as_html: Missing docstring
C:240:TextFieldDiff.as_html: Invalid name "d" (should match [a-z_][a-z0-9_]{2,30}$)
C:245:TextFieldDiff.get_diff: Missing docstring
C:258:HtmlFieldDiff.as_html: Missing docstring
C:259:HtmlFieldDiff.as_html: Invalid name "d" (should match [a-z_][a-z0-9_]{2,30}$)
W:266:HtmlFieldDiff.as_html: No exception type(s) specified
C:268:HtmlFieldDiff.get_diff: Missing docstring
W:287:FileFieldDiff.get_diff: Redefining name 'diff' from outer scope (line 413)
C:293:FileFieldDiff.as_html: Missing docstring
C:294:FileFieldDiff.as_html: Invalid name "d" (should match [a-z_][a-z0-9_]{2,30}$)
C:305:ImageFieldDiff.as_html: Missing docstring
C:306:ImageFieldDiff.as_html: Invalid name "d" (should match [a-z_][a-z0-9_]{2,30}$)
C:311:get_diff_operations: Invalid name "a" (should match [a-z_][a-z0-9_]{2,30}$)
C:311:get_diff_operations: Invalid name "b" (should match [a-z_][a-z0-9_]{2,30}$)
C:311:get_diff_operations: Invalid name "a" (should match [a-z_][a-z0-9_]{2,30}$)
C:311:get_diff_operations: Invalid name "b" (should match [a-z_][a-z0-9_]{2,30}$)
W:343:get_diff_operations_clean: Redefining name 'diff' from outer scope (line 413)
C:332:get_diff_operations_clean: Invalid name "a" (should match [a-z_][a-z0-9_]{2,30}$)
C:332:get_diff_operations_clean: Invalid name "b" (should match [a-z_][a-z0-9_]{2,30}$)
C:332:get_diff_operations_clean: Invalid name "a" (should match [a-z_][a-z0-9_]{2,30}$)
C:332:get_diff_operations_clean: Invalid name "b" (should match [a-z_][a-z0-9_]{2,30}$)
C:373:Registry.get_diff_util: Missing docstring
C:391: Invalid name "registry" (should match (([A-Z_][A-Z0-9_]*)|(__.*__))$)
************* Module versionutils.diff.urls
C:  1: Missing docstring
F:  1: Unable to import 'django.conf.urls.defaults'
C:  3: Invalid name "urlpatterns" (should match (([A-Z_][A-Z0-9_]*)|(__.*__))$)
E:  3: Undefined variable 'patterns'
************* Module versionutils.diff.models
C:  1: Missing docstring
************* Module versionutils.diff.test
C:  1: Missing docstring
W:  1: Relative import 'diff_match_patch', should be 'versionutils.diff.diff_match_patch'
C:  3: Invalid name "dmp" (should match (([A-Z_][A-Z0-9_]*)|(__.*__))$)
C:  7: Invalid name "diff" (should match (([A-Z_][A-Z0-9_]*)|(__.*__))$)
************* Module versionutils.diff
C:  1: Missing docstring
W:  1: Relative import 'diffutils', should be 'versionutils.diff.diffutils'
W:  2: Relative import 'diffutils', should be 'versionutils.diff.diffutils'
W:  3: Relative import 'diffutils', should be 'versionutils.diff.diffutils'
W:  4: Relative import 'diffutils', should be 'versionutils.diff.diffutils'
W:  5: Relative import 'diffutils', should be 'versionutils.diff.diffutils'
W:  6: Relative import 'diffutils', should be 'versionutils.diff.diffutils'
************* Module versionutils.diff.daisydiff.daisydiff
C: 10: Line too long (93/80)
C: 45: Line too long (82/80)
C:  1: Missing docstring
F:  6: Unable to import 'django.conf'
F:  7: Unable to import 'django.utils.http'
C: 12:ServiceUnavailableError: Missing docstring
W: 13:ServiceUnavailableError.__init__: __init__ method from base class 'Exception' is not called
E: 29:daisydiff: Instance of 'SplitResult' has no 'netloc' member (but some types could not be inferred)
E: 30:daisydiff: Instance of 'SplitResult' has no 'path' member (but some types could not be inferred)
E: 50:daisydiff_merge: Instance of 'SplitResult' has no 'netloc' member (but some types could not be inferred)
E: 51:daisydiff_merge: Instance of 'SplitResult' has no 'path' member (but some types could not be inferred)
C: 60:extract_merge: Missing docstring
C: 67:extract_table_row: Missing docstring
C: 75:find_element_by_tag: Invalid name "c" (should match [a-z_][a-z0-9_]{2,30}$)
C: 78:find_element_by_tag: Invalid name "el" (should match [a-z_][a-z0-9_]{2,30}$)
************* Module versionutils.diff.daisydiff.tests
C: 41: Line too long (87/80)
C: 45: Line too long (144/80)
C: 53: Line too long (110/80)
C:  1: Missing docstring
F:  1: Unable to import 'django.test'
F:  2: Unable to import 'django.conf'
W:  3: Relative import 'daisydiff', should be 'versionutils.diff.daisydiff.daisydiff'
C:  9:skipUnlessHasService: Invalid name "skipUnlessHasService" (should match [a-z_][a-z0-9_]{2,30}$)
C:  9:skipUnlessHasService: Missing docstring
C: 10:skipUnlessHasService.do_nothing: Missing docstring
W: 10:skipUnlessHasService.do_nothing: Unused argument 'args'
W: 10:skipUnlessHasService.do_nothing: Unused argument 'kwargs'
C: 16:DaisyDiffTest: Missing docstring
W: 16:DaisyDiffTest: Class has no __init__ method
C: 17:DaisyDiffTest.test_bad_url_throws_exception: Missing docstring
E: 18:DaisyDiffTest.test_bad_url_throws_exception: Instance of 'DaisyDiffTest' has no 'assertRaises' member
C: 20:DaisyDiffTest.url_set: Missing docstring
R: 20:DaisyDiffTest.url_set: Method could be a function
C: 24:DaisyDiffTest.test_server_is_running: Missing docstring
E: 28:DaisyDiffTest.test_server_is_running: Instance of 'SplitResult' has no 'netloc' member (but some types could not be inferred)
E: 29:DaisyDiffTest.test_server_is_running: Instance of 'SplitResult' has no 'path' member (but some types could not be inferred)
C: 30:DaisyDiffTest.test_server_is_running: Invalid name "r1" (should match [a-z_][a-z0-9_]{2,30}$)
E: 31:DaisyDiffTest.test_server_is_running: Instance of 'DaisyDiffTest' has no 'assertEquals' member
C: 34:DaisyDiffTest.test_daisydiff_service: Missing docstring
C: 35:DaisyDiffTest.test_daisydiff_service: Invalid name "tr" (should match [a-z_][a-z0-9_]{2,30}$)
E: 36:DaisyDiffTest.test_daisydiff_service: Instance of 'DaisyDiffTest' has no 'failUnless' member
E: 37:DaisyDiffTest.test_daisydiff_service: Instance of 'DaisyDiffTest' has no 'failUnless' member
C: 39:DaisyDiffMergeTest: Missing docstring
W: 39:DaisyDiffMergeTest: Class has no __init__ method
C: 40:DaisyDiffMergeTest.test_bad_url_throws_exception: Missing docstring
E: 41:DaisyDiffMergeTest.test_bad_url_throws_exception: Instance of 'DaisyDiffMergeTest' has no 'assertRaises' member
C: 44:DaisyDiffMergeTest.test_merge_clean: Missing docstring
E: 46:DaisyDiffMergeTest.test_merge_clean: Instance of 'DaisyDiffMergeTest' has no 'failUnless' member
E: 47:DaisyDiffMergeTest.test_merge_clean: Instance of 'DaisyDiffMergeTest' has no 'failUnless' member
E: 48:DaisyDiffMergeTest.test_merge_clean: Instance of 'DaisyDiffMergeTest' has no 'failUnless' member
E: 49:DaisyDiffMergeTest.test_merge_clean: Instance of 'DaisyDiffMergeTest' has no 'failUnless' member
C: 52:DaisyDiffMergeTest.test_merge_conflict: Missing docstring
E: 54:DaisyDiffMergeTest.test_merge_conflict: Instance of 'DaisyDiffMergeTest' has no 'failUnless' member
E: 55:DaisyDiffMergeTest.test_merge_conflict: Instance of 'DaisyDiffMergeTest' has no 'failUnless' member
E: 56:DaisyDiffMergeTest.test_merge_conflict: Instance of 'DaisyDiffMergeTest' has no 'failUnless' member
E: 57:DaisyDiffMergeTest.test_merge_conflict: Instance of 'DaisyDiffMergeTest' has no 'failUnless' member
E: 58:DaisyDiffMergeTest.test_merge_conflict: Instance of 'DaisyDiffMergeTest' has no 'failUnless' member
************* Module versionutils.diff.daisydiff
C:  1: Missing docstring
W:  1: Relative import 'daisydiff', should be 'versionutils.diff.daisydiff.daisydiff'
************* Module versionutils.diff.templatetags.diff_tags
C: 25: Line too long (104/80)
C:  1: Missing docstring
F:  1: Unable to import 'django'
C:  4: Invalid name "register" (should match (([A-Z_][A-Z0-9_]*)|(__.*__))$)
C:  6:DiffNode: Missing docstring
W: 14:DiffNode.render: Redefining built-in 'vars'
C: 13:DiffNode.render: Missing docstring
W: 15:DiffNode.render: Used * or ** magic
R:  6:DiffNode: Too few public methods (1/2)
C: 19:do_diff: Missing docstring
W: 19:do_diff: Unused argument 'parser'
W: 21:do_diff: Unused variable 'tag_name'
************* Module versionutils.diff.templatetags
C:  1: Missing docstring
************* Module versionutils.diff.tests.utils
C:  1: Missing docstring
F:  1: Unable to import 'django.conf'
F:  2: Unable to import 'django.core.management'
F:  3: Unable to import 'django.db.models'
F:  4: Unable to import 'django.test'
C: 20:TestSettingsManager.set: Missing docstring
C: 21:TestSettingsManager.set: Comma not followed by a space
        for k,v in kwargs.iteritems():
             ^^
C: 21:TestSettingsManager.set: Invalid name "v" (should match [a-z_][a-z0-9_]{2,30}$)
C: 28:TestSettingsManager.syncdb: Missing docstring
R: 28:TestSettingsManager.syncdb: Method could be a function
C: 31:TestSettingsManager.revert: Missing docstring
C: 32:TestSettingsManager.revert: Comma not followed by a space
        for k,v in self._original_settings.iteritems():
             ^^
C: 32:TestSettingsManager.revert: Invalid name "v" (should match [a-z_][a-z0-9_]{2,30}$)
W:  4: Unused import TestCase
W:  2: Unused import call_command
************* Module versionutils.diff.tests.models
W:  6: TODO: It would be cool to write a little thing to randomly generate
C:  1: Missing docstring
F:  1: Unable to import 'django.db'
W:  8: String statement has no effect
C: 10:M1: Missing docstring
W: 10:M1: Class has no __init__ method
R: 10:M1: Too few public methods (0/2)
C: 16:M1Diff: Missing docstring
C: 19:M1FieldDiff: Missing docstring
C: 22:M2: Missing docstring
W: 22:M2: Class has no __init__ method
R: 22:M2: Too few public methods (0/2)
C: 25:M3: Missing docstring
W: 25:M3: Class has no __init__ method
R: 25:M3: Too few public methods (0/2)
C: 28:M4ForeignKey: Missing docstring
W: 28:M4ForeignKey: Class has no __init__ method
R: 28:M4ForeignKey: Too few public methods (0/2)
************* Module versionutils.diff.tests.tests
C: 21: Line too long (84/80)
C: 41: Line too long (84/80)
C: 55: Line too long (84/80)
C: 66: Line too long (84/80)
C: 80: Line too long (84/80)
C: 82: Line too long (84/80)
C:188: Line too long (84/80)
C:196: Line too long (88/80)
C:233: Line too long (91/80)
C:239: Line too long (109/80)
C:  1: Missing docstring
F:  9: Unable to import 'django.test'
F: 10: Unable to import 'django.conf'
F: 11: Unable to import 'django.core.files'
F: 12: Unable to import 'django.core.files.base'
F: 13: Unable to import 'django.core.files.storage'
F: 14: Unable to import 'django'
W: 16: Relative import 'utils', should be 'versionutils.diff.tests.utils'
W: 17: Relative import 'models', should be 'versionutils.diff.tests.models'
C: 24: Invalid name "mgr" (should match (([A-Z_][A-Z0-9_]*)|(__.*__))$)
C: 29:ModelDiffTest: Missing docstring
W: 29:ModelDiffTest: Class has no __init__ method
C: 31:ModelDiffTest.setUp: Invalid name "setUp" (should match [a-z_][a-z0-9_]{2,30}$)
C: 31:ModelDiffTest.setUp: Missing docstring
C: 34:ModelDiffTest.tearDown: Invalid name "tearDown" (should match [a-z_][a-z0-9_]{2,30}$)
C: 34:ModelDiffTest.tearDown: Missing docstring
C: 42:ModelDiffTest.test_identical: Invalid name "m1" (should match [a-z_][a-z0-9_]{2,30}$)
W: 42:ModelDiffTest.test_identical: Used * or ** magic
E: 42:ModelDiffTest.test_identical: Class 'M1' has no 'objects' member
C: 43:ModelDiffTest.test_identical: Invalid name "m2" (should match [a-z_][a-z0-9_]{2,30}$)
W: 43:ModelDiffTest.test_identical: Used * or ** magic
E: 43:ModelDiffTest.test_identical: Class 'M1' has no 'objects' member
C: 45:ModelDiffTest.test_identical: Invalid name "d" (should match [a-z_][a-z0-9_]{2,30}$)
E: 46:ModelDiffTest.test_identical: Instance of 'ModelDiffTest' has no 'assertEqual' member
C: 48:ModelDiffTest.test_identical: Invalid name "d" (should match [a-z_][a-z0-9_]{2,30}$)
E: 49:ModelDiffTest.test_identical: Instance of 'ModelDiffTest' has no 'assertEqual' member
C: 56:ModelDiffTest.test_nearly_identical: Invalid name "m1" (should match [a-z_][a-z0-9_]{2,30}$)
W: 56:ModelDiffTest.test_nearly_identical: Used * or ** magic
E: 56:ModelDiffTest.test_nearly_identical: Class 'M1' has no 'objects' member
C: 58:ModelDiffTest.test_nearly_identical: Invalid name "m2" (should match [a-z_][a-z0-9_]{2,30}$)
W: 58:ModelDiffTest.test_nearly_identical: Used * or ** magic
E: 58:ModelDiffTest.test_nearly_identical: Class 'M1' has no 'objects' member
C: 59:ModelDiffTest.test_nearly_identical: Invalid name "d" (should match [a-z_][a-z0-9_]{2,30}$)
E: 60:ModelDiffTest.test_nearly_identical: Instance of 'ModelDiffTest' has no 'assertTrue' member
C: 67:ModelDiffTest.test_foreign_key_identical: Invalid name "m1" (should match [a-z_][a-z0-9_]{2,30}$)
W: 67:ModelDiffTest.test_foreign_key_identical: Used * or ** magic
E: 67:ModelDiffTest.test_foreign_key_identical: Class 'M1' has no 'objects' member
C: 69:ModelDiffTest.test_foreign_key_identical: Invalid name "m3" (should match [a-z_][a-z0-9_]{2,30}$)
E: 69:ModelDiffTest.test_foreign_key_identical: Class 'M4ForeignKey' has no 'objects' member
C: 70:ModelDiffTest.test_foreign_key_identical: Invalid name "m4" (should match [a-z_][a-z0-9_]{2,30}$)
E: 70:ModelDiffTest.test_foreign_key_identical: Class 'M4ForeignKey' has no 'objects' member
C: 72:ModelDiffTest.test_foreign_key_identical: Invalid name "d" (should match [a-z_][a-z0-9_]{2,30}$)
E: 73:ModelDiffTest.test_foreign_key_identical: Instance of 'ModelDiffTest' has no 'assertTrue' member
C: 81:ModelDiffTest.test_foreign_key: Invalid name "m1" (should match [a-z_][a-z0-9_]{2,30}$)
W: 81:ModelDiffTest.test_foreign_key: Used * or ** magic
E: 81:ModelDiffTest.test_foreign_key: Class 'M1' has no 'objects' member
C: 83:ModelDiffTest.test_foreign_key: Invalid name "m2" (should match [a-z_][a-z0-9_]{2,30}$)
W: 83:ModelDiffTest.test_foreign_key: Used * or ** magic
E: 83:ModelDiffTest.test_foreign_key: Class 'M1' has no 'objects' member
C: 85:ModelDiffTest.test_foreign_key: Invalid name "m3" (should match [a-z_][a-z0-9_]{2,30}$)
E: 85:ModelDiffTest.test_foreign_key: Class 'M4ForeignKey' has no 'objects' member
C: 86:ModelDiffTest.test_foreign_key: Invalid name "m4" (should match [a-z_][a-z0-9_]{2,30}$)
E: 86:ModelDiffTest.test_foreign_key: Class 'M4ForeignKey' has no 'objects' member
C: 88:ModelDiffTest.test_foreign_key: Invalid name "d1" (should match [a-z_][a-z0-9_]{2,30}$)
E: 89:ModelDiffTest.test_foreign_key: Instance of 'ModelDiffTest' has no 'assertTrue' member
C: 91:ModelDiffTest.test_foreign_key: Invalid name "d2" (should match [a-z_][a-z0-9_]{2,30}$)
E: 93:ModelDiffTest.test_foreign_key: Instance of 'ModelDiffTest' has no 'assertEqual' member
C: 95:BaseFieldDiffTest: Missing docstring
W: 95:BaseFieldDiffTest: Class has no __init__ method
C:103:BaseFieldDiffTest.test_identical_fields_dict: Invalid name "v" (should match [a-z_][a-z0-9_]{2,30}$)
C:104:BaseFieldDiffTest.test_identical_fields_dict: Invalid name "d" (should match [a-z_][a-z0-9_]{2,30}$)
E:105:BaseFieldDiffTest.test_identical_fields_dict: Instance of 'BaseFieldDiffTest' has no 'assertEqual' member
C:111:BaseFieldDiffTest.test_identical_fields_html: Invalid name "a" (should match [a-z_][a-z0-9_]{2,30}$)
C:112:BaseFieldDiffTest.test_identical_fields_html: Invalid name "d" (should match [a-z_][a-z0-9_]{2,30}$)
E:113:BaseFieldDiffTest.test_identical_fields_html: Instance of 'BaseFieldDiffTest' has no 'assertTrue' member
C:115:BaseFieldDiffTest.test_deleted_inserted: Missing docstring
C:116:BaseFieldDiffTest.test_deleted_inserted: Invalid name "a" (should match [a-z_][a-z0-9_]{2,30}$)
C:117:BaseFieldDiffTest.test_deleted_inserted: Invalid name "b" (should match [a-z_][a-z0-9_]{2,30}$)
C:118:BaseFieldDiffTest.test_deleted_inserted: Invalid name "d" (should match [a-z_][a-z0-9_]{2,30}$)
E:119:BaseFieldDiffTest.test_deleted_inserted: Instance of 'BaseFieldDiffTest' has no 'assertTrue' member
E:120:BaseFieldDiffTest.test_deleted_inserted: Instance of 'BaseFieldDiffTest' has no 'assertTrue' member
C:122:TextFieldDiffTest: Missing docstring
W:122:TextFieldDiffTest: Class has no __init__ method
C:125:TextFieldDiffTest.test_deleted_inserted: Missing docstring
C:126:TextFieldDiffTest.test_deleted_inserted: Invalid name "a" (should match [a-z_][a-z0-9_]{2,30}$)
C:127:TextFieldDiffTest.test_deleted_inserted: Invalid name "b" (should match [a-z_][a-z0-9_]{2,30}$)
C:128:TextFieldDiffTest.test_deleted_inserted: Invalid name "d" (should match [a-z_][a-z0-9_]{2,30}$)
E:129:TextFieldDiffTest.test_deleted_inserted: Instance of 'TextFieldDiffTest' has no 'assertTrue' member
E:130:TextFieldDiffTest.test_deleted_inserted: Instance of 'TextFieldDiffTest' has no 'assertTrue' member
E:131:TextFieldDiffTest.test_deleted_inserted: Instance of 'TextFieldDiffTest' has no 'assertTrue' member
C:133:TextFieldDiffTest.test_equal: Missing docstring
C:134:TextFieldDiffTest.test_equal: Invalid name "a" (should match [a-z_][a-z0-9_]{2,30}$)
C:135:TextFieldDiffTest.test_equal: Invalid name "b" (should match [a-z_][a-z0-9_]{2,30}$)
C:136:TextFieldDiffTest.test_equal: Invalid name "d" (should match [a-z_][a-z0-9_]{2,30}$)
E:137:TextFieldDiffTest.test_equal: Instance of 'TextFieldDiffTest' has no 'assertTrue' member
E:138:TextFieldDiffTest.test_equal: Instance of 'TextFieldDiffTest' has no 'assertTrue' member
C:141:FileFieldDiffTest: Missing docstring
W:141:FileFieldDiffTest: Class has no __init__ method
C:144:FileFieldDiffTest.test_deleted_inserted: Missing docstring
C:145:FileFieldDiffTest.test_deleted_inserted: Invalid name "m1" (should match [a-z_][a-z0-9_]{2,30}$)
C:148:FileFieldDiffTest.test_deleted_inserted: Invalid name "m2" (should match [a-z_][a-z0-9_]{2,30}$)
C:151:FileFieldDiffTest.test_deleted_inserted: Invalid name "d" (should match [a-z_][a-z0-9_]{2,30}$)
E:152:FileFieldDiffTest.test_deleted_inserted: Instance of 'FileFieldDiffTest' has no 'assertTrue' member
E:153:FileFieldDiffTest.test_deleted_inserted: Instance of 'FileFieldDiffTest' has no 'assertTrue' member
C:158:ImageFieldDiffTest: Missing docstring
W:158:ImageFieldDiffTest: Class has no __init__ method
C:161:HtmlFieldTest: Missing docstring
W:161:HtmlFieldTest: Class has no __init__ method
C:162:HtmlFieldTest.test_identical_fields: Missing docstring
C:163:HtmlFieldTest.test_identical_fields: Invalid name "htmlDiff" (should match [a-z_][a-z0-9_]{2,30}$)
E:164:HtmlFieldTest.test_identical_fields: Instance of 'HtmlFieldTest' has no 'assertEquals' member
C:166:HtmlFieldTest.test_deleted_inserted: Missing docstring
C:167:HtmlFieldTest.test_deleted_inserted: Invalid name "htmlDiff" (should match [a-z_][a-z0-9_]{2,30}$)
E:168:HtmlFieldTest.test_deleted_inserted: Instance of 'HtmlFieldTest' has no 'assertTrue' member
C:178:HtmlFieldTest.test_daisydiff_broken_fallback: Invalid name "htmlDiff" (should match [a-z_][a-z0-9_]{2,30}$)
E:179:HtmlFieldTest.test_daisydiff_broken_fallback: Instance of 'HtmlFieldTest' has no 'assertTrue' member
C:183:DiffRegistryTest: Missing docstring
W:183:DiffRegistryTest: Class has no __init__ method
C:185:DiffRegistryTest.setUp: Invalid name "setUp" (should match [a-z_][a-z0-9_]{2,30}$)
C:185:DiffRegistryTest.setUp: Missing docstring
C:189:DiffRegistryTest.setUp: Invalid name "m1" (should match [a-z_][a-z0-9_]{2,30}$)
W:189:DiffRegistryTest.setUp: Used * or ** magic
E:189:DiffRegistryTest.setUp: Class 'M1' has no 'objects' member
W:189:DiffRegistryTest.setUp: Unused variable 'm1'
C:195:DiffRegistryTest.test_can_handle_any_field: Invalid name "r" (should match [a-z_][a-z0-9_]{2,30}$)
C:197:DiffRegistryTest.test_can_handle_any_field: Invalid name "t" (should match [a-z_][a-z0-9_]{2,30}$)
C:198:DiffRegistryTest.test_can_handle_any_field: Invalid name "d" (should match [a-z_][a-z0-9_]{2,30}$)
E:199:DiffRegistryTest.test_can_handle_any_field: Instance of 'DiffRegistryTest' has no 'assertTrue' member
C:205:DiffRegistryTest.test_can_handle_any_model: Invalid name "r" (should match [a-z_][a-z0-9_]{2,30}$)
C:206:DiffRegistryTest.test_can_handle_any_model: Invalid name "t" (should match [a-z_][a-z0-9_]{2,30}$)
C:207:DiffRegistryTest.test_can_handle_any_model: Invalid name "d" (should match [a-z_][a-z0-9_]{2,30}$)
E:208:DiffRegistryTest.test_can_handle_any_model: Instance of 'DiffRegistryTest' has no 'assertTrue' member
C:210:DiffRegistryTest.test_fallback_diff: Missing docstring
C:211:DiffRegistryTest.test_fallback_diff.AwesomeImageField: Missing docstring
W:211:DiffRegistryTest.test_fallback_diff.AwesomeImageField: Class has no __init__ method
R:211:DiffRegistryTest.test_fallback_diff.AwesomeImageField: Too few public methods (0/2)
W:216:DiffRegistryTest.test_fallback_diff: String statement has no effect
C:218:DiffRegistryTest.test_fallback_diff: Invalid name "d" (should match [a-z_][a-z0-9_]{2,30}$)
E:219:DiffRegistryTest.test_fallback_diff: Instance of 'DiffRegistryTest' has no 'assertTrue' member
E:226:DiffRegistryTest.test_register_model: Instance of 'DiffRegistryTest' has no 'failUnlessEqual' member
E:233:DiffRegistryTest.test_register_field: Instance of 'DiffRegistryTest' has no 'failUnlessEqual' member
C:235:DiffRegistryTest.test_cannot_diff_something_random: Invalid name "test_cannot_diff_something_random" (should match [a-z_][a-z0-9_]{2,30}$)
E:239:DiffRegistryTest.test_cannot_diff_something_random: Instance of 'DiffRegistryTest' has no 'failUnlessRaises' member
W: 17: Unused import M3
W:  3: Unused import shutil
W:  7: Unused import pprint
W: 13: Unused import default_storage
W:  5: Unused import Decimal
W:  9: Unused import Client
W:  2: Unused import copy
W:  6: Unused import StringIO
W: 11: Unused import File
W:  1: Unused import os
************* Module versionutils.diff.tests
C:  1: Missing docstring
W:  1: Relative import 'tests', should be 'versionutils.diff.tests.tests'
W:  1: Wildcard import tests
W:  2: Wildcard import versionutils.diff.daisydiff.tests
************* Module versionutils.diff.diff_match_patch.diff_match_patch
W: 35: Bad indentation. Found 2 spaces, expected 4
W: 40: Bad indentation. Found 2 spaces, expected 4
W: 41: Bad indentation. Found 4 spaces, expected 8
W: 46: Bad indentation. Found 4 spaces, expected 8
W: 48: Bad indentation. Found 4 spaces, expected 8
W: 51: Bad indentation. Found 4 spaces, expected 8
W: 53: Bad indentation. Found 4 spaces, expected 8
W: 57: Bad indentation. Found 4 spaces, expected 8
W: 62: Bad indentation. Found 4 spaces, expected 8
W: 64: Bad indentation. Found 4 spaces, expected 8
W: 70: Bad indentation. Found 4 spaces, expected 8
W: 77: Bad indentation. Found 2 spaces, expected 4
W: 78: Bad indentation. Found 2 spaces, expected 4
W: 79: Bad indentation. Found 2 spaces, expected 4
W: 81: Bad indentation. Found 2 spaces, expected 4
W: 82: Bad indentation. Found 4 spaces, expected 8
W: 97: Bad indentation. Found 4 spaces, expected 8
W: 98: Bad indentation. Found 6 spaces, expected 12
W:101: Bad indentation. Found 4 spaces, expected 8
W:102: Bad indentation. Found 6 spaces, expected 12
W:105: Bad indentation. Found 4 spaces, expected 8
W:106: Bad indentation. Found 4 spaces, expected 8
W:107: Bad indentation. Found 4 spaces, expected 8
W:108: Bad indentation. Found 4 spaces, expected 8
W:111: Bad indentation. Found 4 spaces, expected 8
W:112: Bad indentation. Found 4 spaces, expected 8
W:113: Bad indentation. Found 6 spaces, expected 12
W:114: Bad indentation. Found 4 spaces, expected 8
W:115: Bad indentation. Found 6 spaces, expected 12
W:116: Bad indentation. Found 6 spaces, expected 12
W:117: Bad indentation. Found 6 spaces, expected 12
W:120: Bad indentation. Found 4 spaces, expected 8
W:123: Bad indentation. Found 4 spaces, expected 8
W:124: Bad indentation. Found 6 spaces, expected 12
W:125: Bad indentation. Found 4 spaces, expected 8
W:126: Bad indentation. Found 6 spaces, expected 12
W:127: Bad indentation. Found 4 spaces, expected 8
W:128: Bad indentation. Found 4 spaces, expected 8
W:130: Bad indentation. Found 2 spaces, expected 4
W:131: Bad indentation. Found 4 spaces, expected 8
W:144: Bad indentation. Found 4 spaces, expected 8
W:146: Bad indentation. Found 6 spaces, expected 12
W:148: Bad indentation. Found 4 spaces, expected 8
W:150: Bad indentation. Found 6 spaces, expected 12
W:152: Bad indentation. Found 4 spaces, expected 8
W:153: Bad indentation. Found 6 spaces, expected 12
W:154: Bad indentation. Found 4 spaces, expected 8
W:155: Bad indentation. Found 6 spaces, expected 12
W:156: Bad indentation. Found 4 spaces, expected 8
W:157: Bad indentation. Found 4 spaces, expected 8
W:159: Bad indentation. Found 6 spaces, expected 12
W:162: Bad indentation. Found 6 spaces, expected 12
W:163: Bad indentation. Found 8 spaces, expected 16
W:164: Bad indentation. Found 8 spaces, expected 16
W:165: Bad indentation. Found 6 spaces, expected 12
W:166: Bad indentation. Found 4 spaces, expected 8
W:169: Bad indentation. Found 4 spaces, expected 8
W:170: Bad indentation. Found 4 spaces, expected 8
W:172: Bad indentation. Found 6 spaces, expected 12
W:174: Bad indentation. Found 6 spaces, expected 12
W:175: Bad indentation. Found 6 spaces, expected 12
W:177: Bad indentation. Found 6 spaces, expected 12
W:180: Bad indentation. Found 4 spaces, expected 8
W:181: Bad indentation. Found 6 spaces, expected 12
W:182: Bad indentation. Found 4 spaces, expected 8
W:184: Bad indentation. Found 6 spaces, expected 12
W:186: Bad indentation. Found 4 spaces, expected 8
W:187: Bad indentation. Found 4 spaces, expected 8
W:188: Bad indentation. Found 6 spaces, expected 12
W:189: Bad indentation. Found 4 spaces, expected 8
W:191: Bad indentation. Found 6 spaces, expected 12
W:193: Bad indentation. Found 6 spaces, expected 12
W:197: Bad indentation. Found 6 spaces, expected 12
W:198: Bad indentation. Found 6 spaces, expected 12
W:199: Bad indentation. Found 6 spaces, expected 12
W:200: Bad indentation. Found 6 spaces, expected 12
W:201: Bad indentation. Found 6 spaces, expected 12
W:202: Bad indentation. Found 6 spaces, expected 12
W:203: Bad indentation. Found 6 spaces, expected 12
W:204: Bad indentation. Found 8 spaces, expected 16
W:205: Bad indentation. Found 10 spaces, expected 20
W:206: Bad indentation. Found 10 spaces, expected 20
W:207: Bad indentation. Found 8 spaces, expected 16
W:208: Bad indentation. Found 10 spaces, expected 20
W:209: Bad indentation. Found 10 spaces, expected 20
W:210: Bad indentation. Found 8 spaces, expected 16
W:212: Bad indentation. Found 10 spaces, expected 20
W:214: Bad indentation. Found 12 spaces, expected 24
W:215: Bad indentation. Found 12 spaces, expected 24
W:216: Bad indentation. Found 12 spaces, expected 24
W:217: Bad indentation. Found 10 spaces, expected 20
W:218: Bad indentation. Found 10 spaces, expected 20
W:219: Bad indentation. Found 10 spaces, expected 20
W:220: Bad indentation. Found 10 spaces, expected 20
W:222: Bad indentation. Found 8 spaces, expected 16
W:224: Bad indentation. Found 6 spaces, expected 12
W:225: Bad indentation. Found 4 spaces, expected 8
W:227: Bad indentation. Found 2 spaces, expected 4
W:228: Bad indentation. Found 4 spaces, expected 8
W:240: Bad indentation. Found 4 spaces, expected 8
W:241: Bad indentation. Found 4 spaces, expected 8
W:245: Bad indentation. Found 4 spaces, expected 8
W:247: Bad indentation. Found 4 spaces, expected 8
W:248: Bad indentation. Found 6 spaces, expected 12
W:258: Bad indentation. Found 6 spaces, expected 12
W:262: Bad indentation. Found 6 spaces, expected 12
W:263: Bad indentation. Found 6 spaces, expected 12
W:264: Bad indentation. Found 6 spaces, expected 12
W:265: Bad indentation. Found 8 spaces, expected 16
W:266: Bad indentation. Found 8 spaces, expected 16
W:267: Bad indentation. Found 10 spaces, expected 20
W:268: Bad indentation. Found 8 spaces, expected 16
W:269: Bad indentation. Found 8 spaces, expected 16
W:271: Bad indentation. Found 8 spaces, expected 16
W:272: Bad indentation. Found 10 spaces, expected 20
W:273: Bad indentation. Found 8 spaces, expected 16
W:274: Bad indentation. Found 10 spaces, expected 20
W:275: Bad indentation. Found 10 spaces, expected 20
W:276: Bad indentation. Found 10 spaces, expected 20
W:277: Bad indentation. Found 6 spaces, expected 12
W:279: Bad indentation. Found 4 spaces, expected 8
W:280: Bad indentation. Found 4 spaces, expected 8
W:281: Bad indentation. Found 4 spaces, expected 8
W:283: Bad indentation. Found 2 spaces, expected 4
W:284: Bad indentation. Found 4 spaces, expected 8
W:291: Bad indentation. Found 4 spaces, expected 8
W:292: Bad indentation. Found 6 spaces, expected 12
W:293: Bad indentation. Found 6 spaces, expected 12
W:294: Bad indentation. Found 8 spaces, expected 16
W:295: Bad indentation. Found 6 spaces, expected 12
W:297: Bad indentation. Found 2 spaces, expected 4
W:298: Bad indentation. Found 4 spaces, expected 8
W:309: Bad indentation. Found 4 spaces, expected 8
W:311: Bad indentation. Found 4 spaces, expected 8
W:312: Bad indentation. Found 4 spaces, expected 8
W:313: Bad indentation. Found 4 spaces, expected 8
W:314: Bad indentation. Found 4 spaces, expected 8
W:319: Bad indentation. Found 4 spaces, expected 8
W:320: Bad indentation. Found 4 spaces, expected 8
W:321: Bad indentation. Found 4 spaces, expected 8
W:322: Bad indentation. Found 4 spaces, expected 8
W:323: Bad indentation. Found 4 spaces, expected 8
W:324: Bad indentation. Found 4 spaces, expected 8
W:325: Bad indentation. Found 4 spaces, expected 8
W:326: Bad indentation. Found 4 spaces, expected 8
W:329: Bad indentation. Found 4 spaces, expected 8
W:330: Bad indentation. Found 4 spaces, expected 8
W:332: Bad indentation. Found 6 spaces, expected 12
W:333: Bad indentation. Found 8 spaces, expected 16
W:336: Bad indentation. Found 6 spaces, expected 12
W:337: Bad indentation. Found 6 spaces, expected 12
W:338: Bad indentation. Found 8 spaces, expected 16
W:339: Bad indentation. Found 10 spaces, expected 20
W:340: Bad indentation. Found 8 spaces, expected 16
W:341: Bad indentation. Found 10 spaces, expected 20
W:342: Bad indentation. Found 8 spaces, expected 16
W:343: Bad indentation. Found 8 spaces, expected 16
W:344: Bad indentation. Found 10 spaces, expected 20
W:345: Bad indentation. Found 10 spaces, expected 20
W:346: Bad indentation. Found 12 spaces, expected 24
W:347: Bad indentation. Found 10 spaces, expected 20
W:348: Bad indentation. Found 12 spaces, expected 24
W:350: Bad indentation. Found 8 spaces, expected 16
W:352: Bad indentation. Found 10 spaces, expected 20
W:353: Bad indentation. Found 10 spaces, expected 20
W:354: Bad indentation. Found 10 spaces, expected 20
W:355: Bad indentation. Found 12 spaces, expected 24
W:356: Bad indentation. Found 12 spaces, expected 24
W:357: Bad indentation. Found 14 spaces, expected 28
W:358: Bad indentation. Found 12 spaces, expected 24
W:359: Bad indentation. Found 14 spaces, expected 28
W:361: Bad indentation. Found 8 spaces, expected 16
W:362: Bad indentation. Found 8 spaces, expected 16
W:363: Bad indentation. Found 8 spaces, expected 16
W:365: Bad indentation. Found 10 spaces, expected 20
W:366: Bad indentation. Found 8 spaces, expected 16
W:368: Bad indentation. Found 10 spaces, expected 20
W:369: Bad indentation. Found 10 spaces, expected 20
W:370: Bad indentation. Found 10 spaces, expected 20
W:371: Bad indentation. Found 10 spaces, expected 20
W:373: Bad indentation. Found 6 spaces, expected 12
W:375: Bad indentation. Found 8 spaces, expected 16
W:376: Bad indentation. Found 8 spaces, expected 16
W:377: Bad indentation. Found 10 spaces, expected 20
W:378: Bad indentation. Found 12 spaces, expected 24
W:379: Bad indentation. Found 10 spaces, expected 20
W:380: Bad indentation. Found 12 spaces, expected 24
W:381: Bad indentation. Found 10 spaces, expected 20
W:382: Bad indentation. Found 10 spaces, expected 20
W:383: Bad indentation. Found 10 spaces, expected 20
W:384: Bad indentation. Found 12 spaces, expected 24
W:385: Bad indentation. Found 10 spaces, expected 20
W:386: Bad indentation. Found 12 spaces, expected 24
W:387: Bad indentation. Found 10 spaces, expected 20
W:389: Bad indentation. Found 12 spaces, expected 24
W:390: Bad indentation. Found 12 spaces, expected 24
W:391: Bad indentation. Found 12 spaces, expected 24
W:392: Bad indentation. Found 12 spaces, expected 24
W:393: Bad indentation. Found 14 spaces, expected 28
W:394: Bad indentation. Found 12 spaces, expected 24
W:395: Bad indentation. Found 14 spaces, expected 28
W:397: Bad indentation. Found 10 spaces, expected 20
W:398: Bad indentation. Found 10 spaces, expected 20
W:399: Bad indentation. Found 10 spaces, expected 20
W:401: Bad indentation. Found 12 spaces, expected 24
W:402: Bad indentation. Found 12 spaces, expected 24
W:404: Bad indentation. Found 12 spaces, expected 24
W:406: Bad indentation. Found 12 spaces, expected 24
W:409: Bad indentation. Found 4 spaces, expected 8
W:411: Bad indentation. Found 2 spaces, expected 4
W:412: Bad indentation. Found 4 spaces, expected 8
W:422: Bad indentation. Found 4 spaces, expected 8
W:423: Bad indentation. Found 4 spaces, expected 8
W:424: Bad indentation. Found 4 spaces, expected 8
W:425: Bad indentation. Found 4 spaces, expected 8
W:426: Bad indentation. Found 4 spaces, expected 8
W:427: Bad indentation. Found 6 spaces, expected 12
W:428: Bad indentation. Found 8 spaces, expected 16
W:429: Bad indentation. Found 10 spaces, expected 20
W:430: Bad indentation. Found 10 spaces, expected 20
W:431: Bad indentation. Found 12 spaces, expected 24
W:432: Bad indentation. Found 10 spaces, expected 20
W:433: Bad indentation. Found 12 spaces, expected 24
W:434: Bad indentation. Found 10 spaces, expected 20
W:435: Bad indentation. Found 10 spaces, expected 20
W:436: Bad indentation. Found 8 spaces, expected 16
W:437: Bad indentation. Found 10 spaces, expected 20
W:438: Bad indentation. Found 10 spaces, expected 20
W:439: Bad indentation. Found 12 spaces, expected 24
W:440: Bad indentation. Found 10 spaces, expected 20
W:441: Bad indentation. Found 12 spaces, expected 24
W:442: Bad indentation. Found 10 spaces, expected 20
W:443: Bad indentation. Found 10 spaces, expected 20
W:444: Bad indentation. Found 8 spaces, expected 16
W:445: Bad indentation. Found 10 spaces, expected 20
W:446: Bad indentation. Found 10 spaces, expected 20
W:447: Bad indentation. Found 10 spaces, expected 20
W:449: Bad indentation. Found 10 spaces, expected 20
W:450: Bad indentation. Found 12 spaces, expected 24
W:451: Bad indentation. Found 10 spaces, expected 20
W:452: Bad indentation. Found 12 spaces, expected 24
W:453: Bad indentation. Found 10 spaces, expected 20
W:454: Bad indentation. Found 4 spaces, expected 8
W:456: Bad indentation. Found 2 spaces, expected 4
W:457: Bad indentation. Found 4 spaces, expected 8
W:467: Bad indentation. Found 4 spaces, expected 8
W:468: Bad indentation. Found 4 spaces, expected 8
W:469: Bad indentation. Found 4 spaces, expected 8
W:470: Bad indentation. Found 4 spaces, expected 8
W:471: Bad indentation. Found 4 spaces, expected 8
W:472: Bad indentation. Found 6 spaces, expected 12
W:473: Bad indentation. Found 8 spaces, expected 16
W:474: Bad indentation. Found 10 spaces, expected 20
W:475: Bad indentation. Found 10 spaces, expected 20
W:476: Bad indentation. Found 12 spaces, expected 24
W:477: Bad indentation. Found 10 spaces, expected 20
W:478: Bad indentation. Found 12 spaces, expected 24
W:479: Bad indentation. Found 10 spaces, expected 20
W:480: Bad indentation. Found 10 spaces, expected 20
W:481: Bad indentation. Found 8 spaces, expected 16
W:482: Bad indentation. Found 10 spaces, expected 20
W:483: Bad indentation. Found 10 spaces, expected 20
W:484: Bad indentation. Found 12 spaces, expected 24
W:485: Bad indentation. Found 10 spaces, expected 20
W:486: Bad indentation. Found 12 spaces, expected 24
W:487: Bad indentation. Found 10 spaces, expected 20
W:488: Bad indentation. Found 10 spaces, expected 20
W:489: Bad indentation. Found 8 spaces, expected 16
W:490: Bad indentation. Found 10 spaces, expected 20
W:491: Bad indentation. Found 10 spaces, expected 20
W:492: Bad indentation. Found 10 spaces, expected 20
W:494: Bad indentation. Found 10 spaces, expected 20
W:495: Bad indentation. Found 12 spaces, expected 24
W:496: Bad indentation. Found 10 spaces, expected 20
W:497: Bad indentation. Found 12 spaces, expected 24
W:498: Bad indentation. Found 10 spaces, expected 20
W:499: Bad indentation. Found 4 spaces, expected 8
W:501: Bad indentation. Found 2 spaces, expected 4
W:502: Bad indentation. Found 4 spaces, expected 8
W:512: Bad indentation. Found 4 spaces, expected 8
W:513: Bad indentation. Found 6 spaces, expected 12
W:516: Bad indentation. Found 4 spaces, expected 8
W:517: Bad indentation. Found 4 spaces, expected 8
W:518: Bad indentation. Found 4 spaces, expected 8
W:519: Bad indentation. Found 4 spaces, expected 8
W:520: Bad indentation. Found 4 spaces, expected 8
W:521: Bad indentation. Found 6 spaces, expected 12
W:522: Bad indentation. Found 8 spaces, expected 16
W:523: Bad indentation. Found 8 spaces, expected 16
W:524: Bad indentation. Found 6 spaces, expected 12
W:525: Bad indentation. Found 8 spaces, expected 16
W:526: Bad indentation. Found 6 spaces, expected 12
W:527: Bad indentation. Found 4 spaces, expected 8
W:529: Bad indentation. Found 2 spaces, expected 4
W:530: Bad indentation. Found 4 spaces, expected 8
W:540: Bad indentation. Found 4 spaces, expected 8
W:541: Bad indentation. Found 6 spaces, expected 12
W:544: Bad indentation. Found 4 spaces, expected 8
W:545: Bad indentation. Found 4 spaces, expected 8
W:546: Bad indentation. Found 4 spaces, expected 8
W:547: Bad indentation. Found 4 spaces, expected 8
W:548: Bad indentation. Found 4 spaces, expected 8
W:549: Bad indentation. Found 6 spaces, expected 12
W:551: Bad indentation. Found 8 spaces, expected 16
W:552: Bad indentation. Found 8 spaces, expected 16
W:553: Bad indentation. Found 6 spaces, expected 12
W:554: Bad indentation. Found 8 spaces, expected 16
W:555: Bad indentation. Found 6 spaces, expected 12
W:556: Bad indentation. Found 4 spaces, expected 8
W:558: Bad indentation. Found 2 spaces, expected 4
W:559: Bad indentation. Found 4 spaces, expected 8
W:571: Bad indentation. Found 4 spaces, expected 8
W:572: Bad indentation. Found 6 spaces, expected 12
W:573: Bad indentation. Found 4 spaces, expected 8
W:574: Bad indentation. Found 6 spaces, expected 12
W:575: Bad indentation. Found 4 spaces, expected 8
W:576: Bad indentation. Found 6 spaces, expected 12
W:578: Bad indentation. Found 4 spaces, expected 8
W:579: Bad indentation. Found 6 spaces, expected 12
W:593: Bad indentation. Found 6 spaces, expected 12
W:594: Bad indentation. Found 6 spaces, expected 12
W:595: Bad indentation. Found 6 spaces, expected 12
W:596: Bad indentation. Found 6 spaces, expected 12
W:597: Bad indentation. Found 8 spaces, expected 16
W:598: Bad indentation. Found 8 spaces, expected 16
W:599: Bad indentation. Found 8 spaces, expected 16
W:600: Bad indentation. Found 10 spaces, expected 20
W:602: Bad indentation. Found 10 spaces, expected 20
W:603: Bad indentation. Found 10 spaces, expected 20
W:604: Bad indentation. Found 10 spaces, expected 20
W:605: Bad indentation. Found 10 spaces, expected 20
W:606: Bad indentation. Found 8 spaces, expected 16
W:608: Bad indentation. Found 6 spaces, expected 12
W:609: Bad indentation. Found 8 spaces, expected 16
W:611: Bad indentation. Found 6 spaces, expected 12
W:612: Bad indentation. Found 8 spaces, expected 16
W:615: Bad indentation. Found 4 spaces, expected 8
W:617: Bad indentation. Found 4 spaces, expected 8
W:618: Bad indentation. Found 4 spaces, expected 8
W:619: Bad indentation. Found 6 spaces, expected 12
W:620: Bad indentation. Found 4 spaces, expected 8
W:621: Bad indentation. Found 6 spaces, expected 12
W:622: Bad indentation. Found 4 spaces, expected 8
W:623: Bad indentation. Found 6 spaces, expected 12
W:624: Bad indentation. Found 4 spaces, expected 8
W:626: Bad indentation. Found 6 spaces, expected 12
W:627: Bad indentation. Found 8 spaces, expected 16
W:628: Bad indentation. Found 6 spaces, expected 12
W:629: Bad indentation. Found 8 spaces, expected 16
W:632: Bad indentation. Found 4 spaces, expected 8
W:633: Bad indentation. Found 6 spaces, expected 12
W:634: Bad indentation. Found 4 spaces, expected 8
W:635: Bad indentation. Found 6 spaces, expected 12
W:636: Bad indentation. Found 4 spaces, expected 8
W:638: Bad indentation. Found 2 spaces, expected 4
W:639: Bad indentation. Found 4 spaces, expected 8
W:645: Bad indentation. Found 4 spaces, expected 8
W:646: Bad indentation. Found 4 spaces, expected 8
W:647: Bad indentation. Found 4 spaces, expected 8
W:648: Bad indentation. Found 4 spaces, expected 8
W:649: Bad indentation. Found 4 spaces, expected 8
W:650: Bad indentation. Found 4 spaces, expected 8
W:651: Bad indentation. Found 4 spaces, expected 8
W:652: Bad indentation. Found 6 spaces, expected 12
W:653: Bad indentation. Found 8 spaces, expected 16
W:654: Bad indentation. Found 8 spaces, expected 16
W:655: Bad indentation. Found 8 spaces, expected 16
W:656: Bad indentation. Found 8 spaces, expected 16
W:657: Bad indentation. Found 6 spaces, expected 12
W:658: Bad indentation. Found 8 spaces, expected 16
W:659: Bad indentation. Found 8 spaces, expected 16
W:662: Bad indentation. Found 10 spaces, expected 20
W:664: Bad indentation. Found 10 spaces, expected 20
W:667: Bad indentation. Found 10 spaces, expected 20
W:669: Bad indentation. Found 10 spaces, expected 20
W:670: Bad indentation. Found 12 spaces, expected 24
W:671: Bad indentation. Found 10 spaces, expected 20
W:672: Bad indentation. Found 12 spaces, expected 24
W:673: Bad indentation. Found 10 spaces, expected 20
W:674: Bad indentation. Found 12 spaces, expected 24
W:675: Bad indentation. Found 10 spaces, expected 20
W:676: Bad indentation. Found 10 spaces, expected 20
W:677: Bad indentation. Found 10 spaces, expected 20
W:678: Bad indentation. Found 10 spaces, expected 20
W:679: Bad indentation. Found 6 spaces, expected 12
W:681: Bad indentation. Found 4 spaces, expected 8
W:682: Bad indentation. Found 6 spaces, expected 12
W:684: Bad indentation. Found 4 spaces, expected 8
W:686: Bad indentation. Found 2 spaces, expected 4
W:687: Bad indentation. Found 4 spaces, expected 8
W:695: Bad indentation. Found 4 spaces, expected 8
W:696: Bad indentation. Found 6 spaces, expected 12
W:708: Bad indentation. Found 6 spaces, expected 12
W:710: Bad indentation. Found 8 spaces, expected 16
W:717: Bad indentation. Found 6 spaces, expected 12
W:719: Bad indentation. Found 6 spaces, expected 12
W:720: Bad indentation. Found 8 spaces, expected 16
W:722: Bad indentation. Found 8 spaces, expected 16
W:723: Bad indentation. Found 10 spaces, expected 20
W:725: Bad indentation. Found 10 spaces, expected 20
W:727: Bad indentation. Found 12 spaces, expected 24
W:729: Bad indentation. Found 12 spaces, expected 24
W:731: Bad indentation. Found 14 spaces, expected 28
W:732: Bad indentation. Found 6 spaces, expected 12
W:734: Bad indentation. Found 4 spaces, expected 8
W:736: Bad indentation. Found 4 spaces, expected 8
W:737: Bad indentation. Found 6 spaces, expected 12
W:740: Bad indentation. Found 8 spaces, expected 16
W:741: Bad indentation. Found 8 spaces, expected 16
W:742: Bad indentation. Found 8 spaces, expected 16
W:745: Bad indentation. Found 8 spaces, expected 16
W:746: Bad indentation. Found 8 spaces, expected 16
W:747: Bad indentation. Found 10 spaces, expected 20
W:748: Bad indentation. Found 10 spaces, expected 20
W:749: Bad indentation. Found 10 spaces, expected 20
W:750: Bad indentation. Found 10 spaces, expected 20
W:753: Bad indentation. Found 8 spaces, expected 16
W:754: Bad indentation. Found 8 spaces, expected 16
W:755: Bad indentation. Found 8 spaces, expected 16
W:756: Bad indentation. Found 8 spaces, expected 16
W:758: Bad indentation. Found 8 spaces, expected 16
W:759: Bad indentation. Found 10 spaces, expected 20
W:760: Bad indentation. Found 10 spaces, expected 20
W:761: Bad indentation. Found 10 spaces, expected 20
W:762: Bad indentation. Found 10 spaces, expected 20
W:765: Bad indentation. Found 10 spaces, expected 20
W:766: Bad indentation. Found 12 spaces, expected 24
W:767: Bad indentation. Found 12 spaces, expected 24
W:768: Bad indentation. Found 12 spaces, expected 24
W:769: Bad indentation. Found 12 spaces, expected 24
W:771: Bad indentation. Found 8 spaces, expected 16
W:773: Bad indentation. Found 10 spaces, expected 20
W:774: Bad indentation. Found 12 spaces, expected 24
W:775: Bad indentation. Found 10 spaces, expected 20
W:776: Bad indentation. Found 12 spaces, expected 24
W:777: Bad indentation. Found 12 spaces, expected 24
W:778: Bad indentation. Found 10 spaces, expected 20
W:779: Bad indentation. Found 10 spaces, expected 20
W:780: Bad indentation. Found 12 spaces, expected 24
W:781: Bad indentation. Found 10 spaces, expected 20
W:782: Bad indentation. Found 12 spaces, expected 24
W:783: Bad indentation. Found 12 spaces, expected 24
W:784: Bad indentation. Found 6 spaces, expected 12
W:786: Bad indentation. Found 2 spaces, expected 4
W:787: Bad indentation. Found 4 spaces, expected 8
W:793: Bad indentation. Found 4 spaces, expected 8
W:794: Bad indentation. Found 4 spaces, expected 8
W:795: Bad indentation. Found 4 spaces, expected 8
W:796: Bad indentation. Found 4 spaces, expected 8
W:797: Bad indentation. Found 4 spaces, expected 8
W:798: Bad indentation. Found 4 spaces, expected 8
W:799: Bad indentation. Found 4 spaces, expected 8
W:800: Bad indentation. Found 4 spaces, expected 8
W:801: Bad indentation. Found 4 spaces, expected 8
W:802: Bad indentation. Found 6 spaces, expected 12
W:803: Bad indentation. Found 8 spaces, expected 16
W:806: Bad indentation. Found 10 spaces, expected 20
W:807: Bad indentation. Found 10 spaces, expected 20
W:808: Bad indentation. Found 10 spaces, expected 20
W:809: Bad indentation. Found 10 spaces, expected 20
W:810: Bad indentation. Found 8 spaces, expected 16
W:812: Bad indentation. Found 10 spaces, expected 20
W:813: Bad indentation. Found 10 spaces, expected 20
W:815: Bad indentation. Found 8 spaces, expected 16
W:816: Bad indentation. Found 6 spaces, expected 12
W:817: Bad indentation. Found 8 spaces, expected 16
W:818: Bad indentation. Found 10 spaces, expected 20
W:819: Bad indentation. Found 8 spaces, expected 16
W:820: Bad indentation. Found 10 spaces, expected 20
W:829: Bad indentation. Found 8 spaces, expected 16
W:833: Bad indentation. Found 10 spaces, expected 20
W:835: Bad indentation. Found 10 spaces, expected 20
W:837: Bad indentation. Found 10 spaces, expected 20
W:838: Bad indentation. Found 10 spaces, expected 20
W:839: Bad indentation. Found 10 spaces, expected 20
W:841: Bad indentation. Found 12 spaces, expected 24
W:842: Bad indentation. Found 12 spaces, expected 24
W:843: Bad indentation. Found 10 spaces, expected 20
W:844: Bad indentation. Found 12 spaces, expected 24
W:845: Bad indentation. Found 14 spaces, expected 28
W:846: Bad indentation. Found 12 spaces, expected 24
W:847: Bad indentation. Found 14 spaces, expected 28
W:848: Bad indentation. Found 12 spaces, expected 24
W:849: Bad indentation. Found 14 spaces, expected 28
W:850: Bad indentation. Found 12 spaces, expected 24
W:851: Bad indentation. Found 10 spaces, expected 20
W:852: Bad indentation. Found 6 spaces, expected 12
W:854: Bad indentation. Found 4 spaces, expected 8
W:855: Bad indentation. Found 6 spaces, expected 12
W:857: Bad indentation. Found 2 spaces, expected 4
W:858: Bad indentation. Found 4 spaces, expected 8
W:864: Bad indentation. Found 4 spaces, expected 8
W:865: Bad indentation. Found 4 spaces, expected 8
W:866: Bad indentation. Found 4 spaces, expected 8
W:867: Bad indentation. Found 4 spaces, expected 8
W:868: Bad indentation. Found 4 spaces, expected 8
W:869: Bad indentation. Found 4 spaces, expected 8
W:870: Bad indentation. Found 4 spaces, expected 8
W:871: Bad indentation. Found 6 spaces, expected 12
W:872: Bad indentation. Found 8 spaces, expected 16
W:873: Bad indentation. Found 8 spaces, expected 16
W:874: Bad indentation. Found 8 spaces, expected 16
W:875: Bad indentation. Found 6 spaces, expected 12
W:876: Bad indentation. Found 8 spaces, expected 16
W:877: Bad indentation. Found 8 spaces, expected 16
W:878: Bad indentation. Found 8 spaces, expected 16
W:879: Bad indentation. Found 6 spaces, expected 12
W:881: Bad indentation. Found 8 spaces, expected 16
W:882: Bad indentation. Found 10 spaces, expected 20
W:884: Bad indentation. Found 12 spaces, expected 24
W:885: Bad indentation. Found 12 spaces, expected 24
W:886: Bad indentation. Found 14 spaces, expected 28
W:887: Bad indentation. Found 14 spaces, expected 28
W:888: Bad indentation. Found 16 spaces, expected 32
W:890: Bad indentation. Found 14 spaces, expected 28
W:891: Bad indentation. Found 16 spaces, expected 32
W:892: Bad indentation. Found 16 spaces, expected 32
W:893: Bad indentation. Found 14 spaces, expected 28
W:894: Bad indentation. Found 14 spaces, expected 28
W:896: Bad indentation. Found 12 spaces, expected 24
W:897: Bad indentation. Found 12 spaces, expected 24
W:898: Bad indentation. Found 14 spaces, expected 28
W:900: Bad indentation. Found 14 spaces, expected 28
W:901: Bad indentation. Found 14 spaces, expected 28
W:903: Bad indentation. Found 10 spaces, expected 20
W:904: Bad indentation. Found 12 spaces, expected 24
W:906: Bad indentation. Found 10 spaces, expected 20
W:907: Bad indentation. Found 12 spaces, expected 24
W:909: Bad indentation. Found 10 spaces, expected 20
W:910: Bad indentation. Found 12 spaces, expected 24
W:913: Bad indentation. Found 10 spaces, expected 20
W:914: Bad indentation. Found 10 spaces, expected 20
W:915: Bad indentation. Found 12 spaces, expected 24
W:916: Bad indentation. Found 10 spaces, expected 20
W:917: Bad indentation. Found 12 spaces, expected 24
W:918: Bad indentation. Found 8 spaces, expected 16
W:920: Bad indentation. Found 10 spaces, expected 20
W:922: Bad indentation. Found 10 spaces, expected 20
W:923: Bad indentation. Found 8 spaces, expected 16
W:924: Bad indentation. Found 10 spaces, expected 20
W:926: Bad indentation. Found 8 spaces, expected 16
W:927: Bad indentation. Found 8 spaces, expected 16
W:928: Bad indentation. Found 8 spaces, expected 16
W:929: Bad indentation. Found 8 spaces, expected 16
W:931: Bad indentation. Found 4 spaces, expected 8
W:932: Bad indentation. Found 6 spaces, expected 12
W:937: Bad indentation. Found 4 spaces, expected 8
W:938: Bad indentation. Found 4 spaces, expected 8
W:940: Bad indentation. Found 4 spaces, expected 8
W:941: Bad indentation. Found 6 spaces, expected 12
W:944: Bad indentation. Found 8 spaces, expected 16
W:946: Bad indentation. Found 10 spaces, expected 20
W:949: Bad indentation. Found 10 spaces, expected 20
W:951: Bad indentation. Found 10 spaces, expected 20
W:952: Bad indentation. Found 10 spaces, expected 20
W:953: Bad indentation. Found 8 spaces, expected 16
W:955: Bad indentation. Found 10 spaces, expected 20
W:957: Bad indentation. Found 10 spaces, expected 20
W:960: Bad indentation. Found 10 spaces, expected 20
W:961: Bad indentation. Found 10 spaces, expected 20
W:962: Bad indentation. Found 6 spaces, expected 12
W:965: Bad indentation. Found 4 spaces, expected 8
W:966: Bad indentation. Found 6 spaces, expected 12
W:968: Bad indentation. Found 2 spaces, expected 4
W:969: Bad indentation. Found 4 spaces, expected 8
W:979: Bad indentation. Found 4 spaces, expected 8
W:980: Bad indentation. Found 4 spaces, expected 8
W:981: Bad indentation. Found 4 spaces, expected 8
W:982: Bad indentation. Found 4 spaces, expected 8
W:983: Bad indentation. Found 4 spaces, expected 8
W:984: Bad indentation. Found 6 spaces, expected 12
W:985: Bad indentation. Found 6 spaces, expected 12
W:986: Bad indentation. Found 8 spaces, expected 16
W:987: Bad indentation. Found 6 spaces, expected 12
W:988: Bad indentation. Found 8 spaces, expected 16
W:989: Bad indentation. Found 6 spaces, expected 12
W:990: Bad indentation. Found 8 spaces, expected 16
W:991: Bad indentation. Found 6 spaces, expected 12
W:992: Bad indentation. Found 6 spaces, expected 12
W:994: Bad indentation. Found 4 spaces, expected 8
W:996: Bad indentation. Found 6 spaces, expected 12
W:998: Bad indentation. Found 4 spaces, expected 8
W:1000: Bad indentation. Found 2 spaces, expected 4
W:1001: Bad indentation. Found 4 spaces, expected 8
W:1009: Bad indentation. Found 4 spaces, expected 8
W:1010: Bad indentation. Found 4 spaces, expected 8
W:1011: Bad indentation. Found 4 spaces, expected 8
W:1012: Bad indentation. Found 6 spaces, expected 12
W:1014: Bad indentation. Found 6 spaces, expected 12
W:1015: Bad indentation. Found 8 spaces, expected 16
W:1017: Bad indentation. Found 6 spaces, expected 12
W:1018: Bad indentation. Found 8 spaces, expected 16
W:1020: Bad indentation. Found 6 spaces, expected 12
W:1021: Bad indentation. Found 8 spaces, expected 16
W:1022: Bad indentation. Found 6 spaces, expected 12
W:1023: Bad indentation. Found 8 spaces, expected 16
W:1024: Bad indentation. Found 4 spaces, expected 8
W:1026: Bad indentation. Found 2 spaces, expected 4
W:1027: Bad indentation. Found 4 spaces, expected 8
W:1035: Bad indentation. Found 4 spaces, expected 8
W:1036: Bad indentation. Found 4 spaces, expected 8
W:1037: Bad indentation. Found 6 spaces, expected 12
W:1038: Bad indentation. Found 8 spaces, expected 16
W:1039: Bad indentation. Found 4 spaces, expected 8
W:1041: Bad indentation. Found 2 spaces, expected 4
W:1042: Bad indentation. Found 4 spaces, expected 8
W:1050: Bad indentation. Found 4 spaces, expected 8
W:1051: Bad indentation. Found 4 spaces, expected 8
W:1052: Bad indentation. Found 6 spaces, expected 12
W:1053: Bad indentation. Found 8 spaces, expected 16
W:1054: Bad indentation. Found 4 spaces, expected 8
W:1056: Bad indentation. Found 2 spaces, expected 4
W:1057: Bad indentation. Found 4 spaces, expected 8
W:1066: Bad indentation. Found 4 spaces, expected 8
W:1067: Bad indentation. Found 4 spaces, expected 8
W:1068: Bad indentation. Found 4 spaces, expected 8
W:1069: Bad indentation. Found 4 spaces, expected 8
W:1070: Bad indentation. Found 6 spaces, expected 12
W:1071: Bad indentation. Found 8 spaces, expected 16
W:1072: Bad indentation. Found 6 spaces, expected 12
W:1073: Bad indentation. Found 8 spaces, expected 16
W:1074: Bad indentation. Found 6 spaces, expected 12
W:1076: Bad indentation. Found 8 spaces, expected 16
W:1077: Bad indentation. Found 8 spaces, expected 16
W:1078: Bad indentation. Found 8 spaces, expected 16
W:1079: Bad indentation. Found 4 spaces, expected 8
W:1080: Bad indentation. Found 4 spaces, expected 8
W:1082: Bad indentation. Found 2 spaces, expected 4
W:1083: Bad indentation. Found 4 spaces, expected 8
W:1094: Bad indentation. Found 4 spaces, expected 8
W:1095: Bad indentation. Found 4 spaces, expected 8
W:1096: Bad indentation. Found 6 spaces, expected 12
W:1098: Bad indentation. Found 8 spaces, expected 16
W:1099: Bad indentation. Found 8 spaces, expected 16
W:1100: Bad indentation. Found 6 spaces, expected 12
W:1101: Bad indentation. Found 8 spaces, expected 16
W:1102: Bad indentation. Found 6 spaces, expected 12
W:1103: Bad indentation. Found 8 spaces, expected 16
W:1104: Bad indentation. Found 4 spaces, expected 8
W:1106: Bad indentation. Found 2 spaces, expected 4
W:1107: Bad indentation. Found 4 spaces, expected 8
W:1120: Bad indentation. Found 4 spaces, expected 8
W:1123: Bad indentation. Found 6 spaces, expected 12
W:1124: Bad indentation. Found 4 spaces, expected 8
W:1125: Bad indentation. Found 4 spaces, expected 8
W:1126: Bad indentation. Found 4 spaces, expected 8
W:1127: Bad indentation. Found 4 spaces, expected 8
W:1128: Bad indentation. Found 6 spaces, expected 12
W:1130: Bad indentation. Found 8 spaces, expected 16
W:1133: Bad indentation. Found 6 spaces, expected 12
W:1134: Bad indentation. Found 6 spaces, expected 12
W:1135: Bad indentation. Found 8 spaces, expected 16
W:1136: Bad indentation. Found 8 spaces, expected 16
W:1137: Bad indentation. Found 6 spaces, expected 12
W:1138: Bad indentation. Found 8 spaces, expected 16
W:1139: Bad indentation. Found 10 spaces, expected 20
W:1140: Bad indentation. Found 8 spaces, expected 16
W:1141: Bad indentation. Found 10 spaces, expected 20
W:1142: Bad indentation. Found 8 spaces, expected 16
W:1143: Bad indentation. Found 10 spaces, expected 20
W:1144: Bad indentation. Found 8 spaces, expected 16
W:1145: Bad indentation. Found 8 spaces, expected 16
W:1146: Bad indentation. Found 8 spaces, expected 16
W:1147: Bad indentation. Found 10 spaces, expected 20
W:1148: Bad indentation. Found 8 spaces, expected 16
W:1149: Bad indentation. Found 10 spaces, expected 20
W:1150: Bad indentation. Found 6 spaces, expected 12
W:1152: Bad indentation. Found 8 spaces, expected 16
W:1154: Bad indentation. Found 4 spaces, expected 8
W:1155: Bad indentation. Found 6 spaces, expected 12
W:1158: Bad indentation. Found 4 spaces, expected 8
W:1162: Bad indentation. Found 2 spaces, expected 4
W:1163: Bad indentation. Found 4 spaces, expected 8
W:1174: Bad indentation. Found 4 spaces, expected 8
W:1175: Bad indentation. Found 6 spaces, expected 12
W:1177: Bad indentation. Found 4 spaces, expected 8
W:1178: Bad indentation. Found 4 spaces, expected 8
W:1180: Bad indentation. Found 6 spaces, expected 12
W:1181: Bad indentation. Found 4 spaces, expected 8
W:1183: Bad indentation. Found 6 spaces, expected 12
W:1184: Bad indentation. Found 4 spaces, expected 8
W:1186: Bad indentation. Found 6 spaces, expected 12
W:1187: Bad indentation. Found 4 spaces, expected 8
W:1189: Bad indentation. Found 6 spaces, expected 12
W:1190: Bad indentation. Found 6 spaces, expected 12
W:1192: Bad indentation. Found 2 spaces, expected 4
W:1193: Bad indentation. Found 4 spaces, expected 8
W:1209: Bad indentation. Found 4 spaces, expected 8
W:1211: Bad indentation. Found 4 spaces, expected 8
W:1212: Bad indentation. Found 6 spaces, expected 12
W:1222: Bad indentation. Found 6 spaces, expected 12
W:1223: Bad indentation. Found 6 spaces, expected 12
W:1224: Bad indentation. Found 6 spaces, expected 12
W:1226: Bad indentation. Found 8 spaces, expected 16
W:1227: Bad indentation. Found 6 spaces, expected 12
W:1230: Bad indentation. Found 4 spaces, expected 8
W:1232: Bad indentation. Found 4 spaces, expected 8
W:1233: Bad indentation. Found 4 spaces, expected 8
W:1234: Bad indentation. Found 6 spaces, expected 12
W:1236: Bad indentation. Found 6 spaces, expected 12
W:1237: Bad indentation. Found 6 spaces, expected 12
W:1238: Bad indentation. Found 8 spaces, expected 16
W:1241: Bad indentation. Found 4 spaces, expected 8
W:1242: Bad indentation. Found 4 spaces, expected 8
W:1244: Bad indentation. Found 4 spaces, expected 8
W:1246: Bad indentation. Found 4 spaces, expected 8
W:1247: Bad indentation. Found 4 spaces, expected 8
W:1251: Bad indentation. Found 6 spaces, expected 12
W:1252: Bad indentation. Found 6 spaces, expected 12
W:1253: Bad indentation. Found 6 spaces, expected 12
W:1254: Bad indentation. Found 8 spaces, expected 16
W:1255: Bad indentation. Found 10 spaces, expected 20
W:1256: Bad indentation. Found 8 spaces, expected 16
W:1257: Bad indentation. Found 10 spaces, expected 20
W:1258: Bad indentation. Found 8 spaces, expected 16
W:1261: Bad indentation. Found 6 spaces, expected 12
W:1262: Bad indentation. Found 6 spaces, expected 12
W:1263: Bad indentation. Found 6 spaces, expected 12
W:1265: Bad indentation. Found 6 spaces, expected 12
W:1266: Bad indentation. Found 6 spaces, expected 12
W:1267: Bad indentation. Found 6 spaces, expected 12
W:1268: Bad indentation. Found 8 spaces, expected 16
W:1270: Bad indentation. Found 10 spaces, expected 20
W:1271: Bad indentation. Found 8 spaces, expected 16
W:1272: Bad indentation. Found 10 spaces, expected 20
W:1273: Bad indentation. Found 8 spaces, expected 16
W:1274: Bad indentation. Found 10 spaces, expected 20
W:1275: Bad indentation. Found 8 spaces, expected 16
W:1276: Bad indentation. Found 10 spaces, expected 20
W:1278: Bad indentation. Found 8 spaces, expected 16
W:1279: Bad indentation. Found 10 spaces, expected 20
W:1282: Bad indentation. Found 10 spaces, expected 20
W:1284: Bad indentation. Found 12 spaces, expected 24
W:1285: Bad indentation. Found 12 spaces, expected 24
W:1286: Bad indentation. Found 12 spaces, expected 24
W:1288: Bad indentation. Found 14 spaces, expected 28
W:1289: Bad indentation. Found 12 spaces, expected 24
W:1291: Bad indentation. Found 14 spaces, expected 28
W:1293: Bad indentation. Found 6 spaces, expected 12
W:1294: Bad indentation. Found 8 spaces, expected 16
W:1295: Bad indentation. Found 6 spaces, expected 12
W:1296: Bad indentation. Found 4 spaces, expected 8
W:1298: Bad indentation. Found 2 spaces, expected 4
W:1299: Bad indentation. Found 4 spaces, expected 8
W:1307: Bad indentation. Found 4 spaces, expected 8
W:1308: Bad indentation. Found 4 spaces, expected 8
W:1309: Bad indentation. Found 6 spaces, expected 12
W:1310: Bad indentation. Found 4 spaces, expected 8
W:1311: Bad indentation. Found 6 spaces, expected 12
W:1312: Bad indentation. Found 4 spaces, expected 8
W:1316: Bad indentation. Found 2 spaces, expected 4
W:1317: Bad indentation. Found 4 spaces, expected 8
W:1324: Bad indentation. Found 4 spaces, expected 8
W:1325: Bad indentation. Found 6 spaces, expected 12
W:1326: Bad indentation. Found 4 spaces, expected 8
W:1327: Bad indentation. Found 4 spaces, expected 8
W:1331: Bad indentation. Found 4 spaces, expected 8
W:1334: Bad indentation. Found 6 spaces, expected 12
W:1335: Bad indentation. Found 6 spaces, expected 12
W:1338: Bad indentation. Found 4 spaces, expected 8
W:1341: Bad indentation. Found 4 spaces, expected 8
W:1342: Bad indentation. Found 4 spaces, expected 8
W:1343: Bad indentation. Found 6 spaces, expected 12
W:1345: Bad indentation. Found 4 spaces, expected 8
W:1347: Bad indentation. Found 4 spaces, expected 8
W:1348: Bad indentation. Found 6 spaces, expected 12
W:1351: Bad indentation. Found 4 spaces, expected 8
W:1352: Bad indentation. Found 4 spaces, expected 8
W:1354: Bad indentation. Found 4 spaces, expected 8
W:1355: Bad indentation. Found 4 spaces, expected 8
W:1357: Bad indentation. Found 2 spaces, expected 4
W:1358: Bad indentation. Found 4 spaces, expected 8
W:1382: Bad indentation. Found 4 spaces, expected 8
W:1383: Bad indentation. Found 4 spaces, expected 8
W:1385: Bad indentation. Found 4 spaces, expected 8
W:1388: Bad indentation. Found 6 spaces, expected 12
W:1389: Bad indentation. Found 6 spaces, expected 12
W:1390: Bad indentation. Found 6 spaces, expected 12
W:1391: Bad indentation. Found 8 spaces, expected 16
W:1392: Bad indentation. Found 8 spaces, expected 16
W:1393: Bad indentation. Found 4 spaces, expected 8
W:1396: Bad indentation. Found 6 spaces, expected 12
W:1397: Bad indentation. Found 6 spaces, expected 12
W:1398: Bad indentation. Found 4 spaces, expected 8
W:1400: Bad indentation. Found 6 spaces, expected 12
W:1401: Bad indentation. Found 6 spaces, expected 12
W:1402: Bad indentation. Found 4 spaces, expected 8
W:1406: Bad indentation. Found 6 spaces, expected 12
W:1407: Bad indentation. Found 6 spaces, expected 12
W:1408: Bad indentation. Found 4 spaces, expected 8
W:1409: Bad indentation. Found 6 spaces, expected 12
W:1411: Bad indentation. Found 4 spaces, expected 8
W:1412: Bad indentation. Found 6 spaces, expected 12
W:1413: Bad indentation. Found 4 spaces, expected 8
W:1414: Bad indentation. Found 4 spaces, expected 8
W:1415: Bad indentation. Found 4 spaces, expected 8
W:1416: Bad indentation. Found 4 spaces, expected 8
W:1417: Bad indentation. Found 4 spaces, expected 8
W:1418: Bad indentation. Found 4 spaces, expected 8
W:1419: Bad indentation. Found 4 spaces, expected 8
W:1420: Bad indentation. Found 6 spaces, expected 12
W:1421: Bad indentation. Found 6 spaces, expected 12
W:1423: Bad indentation. Found 8 spaces, expected 16
W:1424: Bad indentation. Found 8 spaces, expected 16
W:1425: Bad indentation. Found 6 spaces, expected 12
W:1427: Bad indentation. Found 8 spaces, expected 16
W:1428: Bad indentation. Found 8 spaces, expected 16
W:1429: Bad indentation. Found 8 spaces, expected 16
W:1431: Bad indentation. Found 6 spaces, expected 12
W:1433: Bad indentation. Found 8 spaces, expected 16
W:1434: Bad indentation. Found 8 spaces, expected 16
W:1435: Bad indentation. Found 8 spaces, expected 16
W:1437: Bad indentation. Found 6 spaces, expected 12
W:1441: Bad indentation. Found 8 spaces, expected 16
W:1442: Bad indentation. Found 8 spaces, expected 16
W:1443: Bad indentation. Found 8 spaces, expected 16
W:1445: Bad indentation. Found 6 spaces, expected 12
W:1448: Bad indentation. Found 8 spaces, expected 16
W:1449: Bad indentation. Found 10 spaces, expected 20
W:1450: Bad indentation. Found 10 spaces, expected 20
W:1451: Bad indentation. Found 10 spaces, expected 20
W:1456: Bad indentation. Found 10 spaces, expected 20
W:1457: Bad indentation. Found 10 spaces, expected 20
W:1460: Bad indentation. Found 6 spaces, expected 12
W:1461: Bad indentation. Found 8 spaces, expected 16
W:1462: Bad indentation. Found 6 spaces, expected 12
W:1463: Bad indentation. Found 8 spaces, expected 16
W:1466: Bad indentation. Found 4 spaces, expected 8
W:1467: Bad indentation. Found 6 spaces, expected 12
W:1468: Bad indentation. Found 6 spaces, expected 12
W:1469: Bad indentation. Found 4 spaces, expected 8
W:1471: Bad indentation. Found 2 spaces, expected 4
W:1472: Bad indentation. Found 4 spaces, expected 8
W:1480: Bad indentation. Found 4 spaces, expected 8
W:1481: Bad indentation. Found 4 spaces, expected 8
W:1482: Bad indentation. Found 6 spaces, expected 12
W:1484: Bad indentation. Found 6 spaces, expected 12
W:1485: Bad indentation. Found 6 spaces, expected 12
W:1486: Bad indentation. Found 6 spaces, expected 12
W:1487: Bad indentation. Found 6 spaces, expected 12
W:1488: Bad indentation. Found 6 spaces, expected 12
W:1489: Bad indentation. Found 6 spaces, expected 12
W:1490: Bad indentation. Found 4 spaces, expected 8
W:1492: Bad indentation. Found 2 spaces, expected 4
W:1493: Bad indentation. Found 4 spaces, expected 8
W:1503: Bad indentation. Found 4 spaces, expected 8
W:1504: Bad indentation. Found 6 spaces, expected 12
W:1507: Bad indentation. Found 4 spaces, expected 8
W:1509: Bad indentation. Found 4 spaces, expected 8
W:1510: Bad indentation. Found 4 spaces, expected 8
W:1511: Bad indentation. Found 4 spaces, expected 8
W:1517: Bad indentation. Found 4 spaces, expected 8
W:1518: Bad indentation. Found 4 spaces, expected 8
W:1519: Bad indentation. Found 4 spaces, expected 8
W:1520: Bad indentation. Found 6 spaces, expected 12
W:1521: Bad indentation. Found 6 spaces, expected 12
W:1522: Bad indentation. Found 6 spaces, expected 12
W:1523: Bad indentation. Found 6 spaces, expected 12
W:1526: Bad indentation. Found 8 spaces, expected 16
W:1528: Bad indentation. Found 8 spaces, expected 16
W:1529: Bad indentation. Found 10 spaces, expected 20
W:1531: Bad indentation. Found 10 spaces, expected 20
W:1533: Bad indentation. Found 12 spaces, expected 24
W:1534: Bad indentation. Found 6 spaces, expected 12
W:1535: Bad indentation. Found 8 spaces, expected 16
W:1536: Bad indentation. Found 6 spaces, expected 12
W:1538: Bad indentation. Found 8 spaces, expected 16
W:1540: Bad indentation. Found 8 spaces, expected 16
W:1541: Bad indentation. Found 6 spaces, expected 12
W:1543: Bad indentation. Found 8 spaces, expected 16
W:1544: Bad indentation. Found 8 spaces, expected 16
W:1545: Bad indentation. Found 8 spaces, expected 16
W:1546: Bad indentation. Found 10 spaces, expected 20
W:1547: Bad indentation. Found 8 spaces, expected 16
W:1548: Bad indentation. Found 10 spaces, expected 20
W:1549: Bad indentation. Found 8 spaces, expected 16
W:1551: Bad indentation. Found 10 spaces, expected 20
W:1553: Bad indentation. Found 8 spaces, expected 16
W:1556: Bad indentation. Found 10 spaces, expected 20
W:1557: Bad indentation. Found 10 spaces, expected 20
W:1561: Bad indentation. Found 12 spaces, expected 24
W:1562: Bad indentation. Found 10 spaces, expected 20
W:1563: Bad indentation. Found 12 spaces, expected 24
W:1564: Bad indentation. Found 12 spaces, expected 24
W:1565: Bad indentation. Found 12 spaces, expected 24
W:1566: Bad indentation. Found 14 spaces, expected 28
W:1567: Bad indentation. Found 16 spaces, expected 32
W:1568: Bad indentation. Found 14 spaces, expected 28
W:1569: Bad indentation. Found 16 spaces, expected 32
W:1571: Bad indentation. Found 14 spaces, expected 28
W:1572: Bad indentation. Found 16 spaces, expected 32
W:1574: Bad indentation. Found 14 spaces, expected 28
W:1575: Bad indentation. Found 16 spaces, expected 32
W:1577: Bad indentation. Found 4 spaces, expected 8
W:1578: Bad indentation. Found 4 spaces, expected 8
W:1580: Bad indentation. Found 2 spaces, expected 4
W:1581: Bad indentation. Found 4 spaces, expected 8
W:1590: Bad indentation. Found 4 spaces, expected 8
W:1591: Bad indentation. Found 4 spaces, expected 8
W:1592: Bad indentation. Found 4 spaces, expected 8
W:1593: Bad indentation. Found 6 spaces, expected 12
W:1596: Bad indentation. Found 4 spaces, expected 8
W:1597: Bad indentation. Found 6 spaces, expected 12
W:1598: Bad indentation. Found 6 spaces, expected 12
W:1601: Bad indentation. Found 4 spaces, expected 8
W:1602: Bad indentation. Found 4 spaces, expected 8
W:1603: Bad indentation. Found 4 spaces, expected 8
W:1605: Bad indentation. Found 6 spaces, expected 12
W:1606: Bad indentation. Found 6 spaces, expected 12
W:1607: Bad indentation. Found 6 spaces, expected 12
W:1608: Bad indentation. Found 6 spaces, expected 12
W:1609: Bad indentation. Found 6 spaces, expected 12
W:1610: Bad indentation. Found 4 spaces, expected 8
W:1612: Bad indentation. Found 6 spaces, expected 12
W:1613: Bad indentation. Found 6 spaces, expected 12
W:1614: Bad indentation. Found 6 spaces, expected 12
W:1615: Bad indentation. Found 6 spaces, expected 12
W:1616: Bad indentation. Found 6 spaces, expected 12
W:1617: Bad indentation. Found 6 spaces, expected 12
W:1618: Bad indentation. Found 6 spaces, expected 12
W:1621: Bad indentation. Found 4 spaces, expected 8
W:1622: Bad indentation. Found 4 spaces, expected 8
W:1623: Bad indentation. Found 4 spaces, expected 8
W:1625: Bad indentation. Found 6 spaces, expected 12
W:1626: Bad indentation. Found 6 spaces, expected 12
W:1627: Bad indentation. Found 6 spaces, expected 12
W:1628: Bad indentation. Found 4 spaces, expected 8
W:1630: Bad indentation. Found 6 spaces, expected 12
W:1631: Bad indentation. Found 6 spaces, expected 12
W:1632: Bad indentation. Found 6 spaces, expected 12
W:1633: Bad indentation. Found 6 spaces, expected 12
W:1634: Bad indentation. Found 6 spaces, expected 12
W:1636: Bad indentation. Found 4 spaces, expected 8
W:1638: Bad indentation. Found 2 spaces, expected 4
W:1639: Bad indentation. Found 4 spaces, expected 8
W:1645: Bad indentation. Found 4 spaces, expected 8
W:1646: Bad indentation. Found 6 spaces, expected 12
W:1647: Bad indentation. Found 4 spaces, expected 8
W:1648: Bad indentation. Found 6 spaces, expected 12
W:1649: Bad indentation. Found 8 spaces, expected 16
W:1651: Bad indentation. Found 8 spaces, expected 16
W:1652: Bad indentation. Found 8 spaces, expected 16
W:1653: Bad indentation. Found 8 spaces, expected 16
W:1654: Bad indentation. Found 8 spaces, expected 16
W:1655: Bad indentation. Found 8 spaces, expected 16
W:1656: Bad indentation. Found 8 spaces, expected 16
W:1657: Bad indentation. Found 8 spaces, expected 16
W:1659: Bad indentation. Found 10 spaces, expected 20
W:1660: Bad indentation. Found 10 spaces, expected 20
W:1661: Bad indentation. Found 10 spaces, expected 20
W:1662: Bad indentation. Found 10 spaces, expected 20
W:1663: Bad indentation. Found 10 spaces, expected 20
W:1664: Bad indentation. Found 12 spaces, expected 24
W:1665: Bad indentation. Found 12 spaces, expected 24
W:1667: Bad indentation. Found 10 spaces, expected 20
W:1669: Bad indentation. Found 12 spaces, expected 24
W:1670: Bad indentation. Found 12 spaces, expected 24
W:1672: Bad indentation. Found 14 spaces, expected 28
W:1673: Bad indentation. Found 14 spaces, expected 28
W:1674: Bad indentation. Found 14 spaces, expected 28
W:1675: Bad indentation. Found 14 spaces, expected 28
W:1676: Bad indentation. Found 12 spaces, expected 24
W:1680: Bad indentation. Found 14 spaces, expected 28
W:1681: Bad indentation. Found 14 spaces, expected 28
W:1682: Bad indentation. Found 14 spaces, expected 28
W:1683: Bad indentation. Found 14 spaces, expected 28
W:1684: Bad indentation. Found 14 spaces, expected 28
W:1685: Bad indentation. Found 12 spaces, expected 24
W:1687: Bad indentation. Found 14 spaces, expected 28
W:1689: Bad indentation. Found 14 spaces, expected 28
W:1690: Bad indentation. Found 14 spaces, expected 28
W:1691: Bad indentation. Found 14 spaces, expected 28
W:1692: Bad indentation. Found 16 spaces, expected 32
W:1693: Bad indentation. Found 16 spaces, expected 32
W:1694: Bad indentation. Found 14 spaces, expected 28
W:1695: Bad indentation. Found 16 spaces, expected 32
W:1697: Bad indentation. Found 14 spaces, expected 28
W:1698: Bad indentation. Found 14 spaces, expected 28
W:1699: Bad indentation. Found 16 spaces, expected 32
W:1700: Bad indentation. Found 14 spaces, expected 28
W:1701: Bad indentation. Found 16 spaces, expected 32
W:1705: Bad indentation. Found 10 spaces, expected 20
W:1706: Bad indentation. Found 10 spaces, expected 20
W:1708: Bad indentation. Found 10 spaces, expected 20
W:1709: Bad indentation. Found 10 spaces, expected 20
W:1710: Bad indentation. Found 12 spaces, expected 24
W:1711: Bad indentation. Found 12 spaces, expected 24
W:1712: Bad indentation. Found 12 spaces, expected 24
W:1713: Bad indentation. Found 14 spaces, expected 28
W:1715: Bad indentation. Found 12 spaces, expected 24
W:1716: Bad indentation. Found 14 spaces, expected 28
W:1718: Bad indentation. Found 10 spaces, expected 20
W:1719: Bad indentation. Found 12 spaces, expected 24
W:1720: Bad indentation. Found 12 spaces, expected 24
W:1722: Bad indentation. Found 2 spaces, expected 4
W:1723: Bad indentation. Found 4 spaces, expected 8
W:1731: Bad indentation. Found 4 spaces, expected 8
W:1732: Bad indentation. Found 4 spaces, expected 8
W:1733: Bad indentation. Found 6 spaces, expected 12
W:1734: Bad indentation. Found 4 spaces, expected 8
W:1736: Bad indentation. Found 2 spaces, expected 4
W:1737: Bad indentation. Found 4 spaces, expected 8
W:1749: Bad indentation. Found 4 spaces, expected 8
W:1752: Bad indentation. Found 6 spaces, expected 12
W:1753: Bad indentation. Found 4 spaces, expected 8
W:1754: Bad indentation. Found 4 spaces, expected 8
W:1755: Bad indentation. Found 6 spaces, expected 12
W:1756: Bad indentation. Found 4 spaces, expected 8
W:1757: Bad indentation. Found 4 spaces, expected 8
W:1758: Bad indentation. Found 6 spaces, expected 12
W:1759: Bad indentation. Found 6 spaces, expected 12
W:1760: Bad indentation. Found 8 spaces, expected 16
W:1761: Bad indentation. Found 6 spaces, expected 12
W:1762: Bad indentation. Found 6 spaces, expected 12
W:1763: Bad indentation. Found 6 spaces, expected 12
W:1764: Bad indentation. Found 6 spaces, expected 12
W:1765: Bad indentation. Found 8 spaces, expected 16
W:1766: Bad indentation. Found 8 spaces, expected 16
W:1767: Bad indentation. Found 6 spaces, expected 12
W:1768: Bad indentation. Found 8 spaces, expected 16
W:1769: Bad indentation. Found 6 spaces, expected 12
W:1770: Bad indentation. Found 8 spaces, expected 16
W:1771: Bad indentation. Found 8 spaces, expected 16
W:1773: Bad indentation. Found 6 spaces, expected 12
W:1774: Bad indentation. Found 6 spaces, expected 12
W:1775: Bad indentation. Found 8 spaces, expected 16
W:1776: Bad indentation. Found 8 spaces, expected 16
W:1777: Bad indentation. Found 6 spaces, expected 12
W:1778: Bad indentation. Found 8 spaces, expected 16
W:1779: Bad indentation. Found 6 spaces, expected 12
W:1780: Bad indentation. Found 8 spaces, expected 16
W:1781: Bad indentation. Found 8 spaces, expected 16
W:1783: Bad indentation. Found 6 spaces, expected 12
W:1785: Bad indentation. Found 6 spaces, expected 12
W:1786: Bad indentation. Found 8 spaces, expected 16
W:1787: Bad indentation. Found 10 spaces, expected 20
W:1788: Bad indentation. Found 8 spaces, expected 16
W:1789: Bad indentation. Found 10 spaces, expected 20
W:1790: Bad indentation. Found 8 spaces, expected 16
W:1791: Bad indentation. Found 8 spaces, expected 16
W:1792: Bad indentation. Found 8 spaces, expected 16
W:1794: Bad indentation. Found 10 spaces, expected 20
W:1795: Bad indentation. Found 8 spaces, expected 16
W:1797: Bad indentation. Found 10 spaces, expected 20
W:1798: Bad indentation. Found 8 spaces, expected 16
W:1800: Bad indentation. Found 10 spaces, expected 20
W:1801: Bad indentation. Found 8 spaces, expected 16
W:1803: Bad indentation. Found 10 spaces, expected 20
W:1804: Bad indentation. Found 8 spaces, expected 16
W:1806: Bad indentation. Found 10 spaces, expected 20
W:1807: Bad indentation. Found 8 spaces, expected 16
W:1809: Bad indentation. Found 10 spaces, expected 20
W:1810: Bad indentation. Found 8 spaces, expected 16
W:1811: Bad indentation. Found 4 spaces, expected 8
W:1815: Bad indentation. Found 2 spaces, expected 4
W:1818: Bad indentation. Found 2 spaces, expected 4
W:1819: Bad indentation. Found 4 spaces, expected 8
W:1821: Bad indentation. Found 4 spaces, expected 8
W:1822: Bad indentation. Found 4 spaces, expected 8
W:1823: Bad indentation. Found 4 spaces, expected 8
W:1824: Bad indentation. Found 4 spaces, expected 8
W:1825: Bad indentation. Found 4 spaces, expected 8
W:1827: Bad indentation. Found 2 spaces, expected 4
W:1828: Bad indentation. Found 4 spaces, expected 8
W:1835: Bad indentation. Found 4 spaces, expected 8
W:1836: Bad indentation. Found 6 spaces, expected 12
W:1837: Bad indentation. Found 4 spaces, expected 8
W:1838: Bad indentation. Found 6 spaces, expected 12
W:1839: Bad indentation. Found 4 spaces, expected 8
W:1840: Bad indentation. Found 6 spaces, expected 12
W:1841: Bad indentation. Found 4 spaces, expected 8
W:1842: Bad indentation. Found 6 spaces, expected 12
W:1843: Bad indentation. Found 4 spaces, expected 8
W:1844: Bad indentation. Found 6 spaces, expected 12
W:1845: Bad indentation. Found 4 spaces, expected 8
W:1846: Bad indentation. Found 6 spaces, expected 12
W:1847: Bad indentation. Found 4 spaces, expected 8
W:1849: Bad indentation. Found 4 spaces, expected 8
W:1850: Bad indentation. Found 6 spaces, expected 12
W:1851: Bad indentation. Found 8 spaces, expected 16
W:1852: Bad indentation. Found 6 spaces, expected 12
W:1853: Bad indentation. Found 8 spaces, expected 16
W:1854: Bad indentation. Found 6 spaces, expected 12
W:1855: Bad indentation. Found 8 spaces, expected 16
W:1857: Bad indentation. Found 6 spaces, expected 12
W:1858: Bad indentation. Found 6 spaces, expected 12
W:1859: Bad indentation. Found 4 spaces, expected 8
C:  1: Too many lines in module (1859)
W: 25: String statement has no effect
C: 34:diff_match_patch: Invalid name "diff_match_patch" (should match [A-Z_][a-zA-Z0-9]+$)
C: 48:diff_match_patch.__init__: Invalid name "Diff_EditCost" (should match [a-z_][a-z0-9_]{2,30}$)
C: 70:diff_match_patch.__init__: Invalid name "Match_MaxBits" (should match [a-z_][a-z0-9_]{2,30}$)
C: 51:diff_match_patch.__init__: Invalid name "Diff_DualThreshold" (should match [a-z_][a-z0-9_]{2,30}$)
C: 62:diff_match_patch.__init__: Invalid name "Patch_DeleteThreshold" (should match [a-z_][a-z0-9_]{2,30}$)
C: 46:diff_match_patch.__init__: Invalid name "Diff_Timeout" (should match [a-z_][a-z0-9_]{2,30}$)
C: 53:diff_match_patch.__init__: Invalid name "Match_Threshold" (should match [a-z_][a-z0-9_]{2,30}$)
C: 64:diff_match_patch.__init__: Invalid name "Patch_Margin" (should match [a-z_][a-z0-9_]{2,30}$)
C: 57:diff_match_patch.__init__: Invalid name "Match_Distance" (should match [a-z_][a-z0-9_]{2,30}$)
R: 34:diff_match_patch: Too many instance attributes (8/7)
R:130:diff_match_patch.diff_compute: Too many local variables (23/15)
C:169:diff_match_patch.diff_compute: Invalid name "hm" (should match [a-z_][a-z0-9_]{2,30}$)
C:214:diff_match_patch.diff_compute: Invalid name "a" (should match [a-z_][a-z0-9_]{2,30}$)
R:130:diff_match_patch.diff_compute: Too many branches (16/12)
R:130:diff_match_patch.diff_compute: Too many statements (52/50)
C:227:diff_match_patch.diff_linesToChars: Invalid name "diff_linesToChars" (should match [a-z_][a-z0-9_]{2,30}$)
C:240:diff_match_patch.diff_linesToChars: Invalid name "lineArray" (should match [a-z_][a-z0-9_]{2,30}$)
C:241:diff_match_patch.diff_linesToChars: Invalid name "lineHash" (should match [a-z_][a-z0-9_]{2,30}$)
C:247:diff_match_patch.diff_linesToChars.diff_linesToCharsMunge: Invalid name "diff_linesToCharsMunge" (should match [a-z_][a-z0-9_]{2,30}$)
C:262:diff_match_patch.diff_linesToChars.diff_linesToCharsMunge: Invalid name "lineStart" (should match [a-z_][a-z0-9_]{2,30}$)
C:263:diff_match_patch.diff_linesToChars.diff_linesToCharsMunge: Invalid name "lineEnd" (should match [a-z_][a-z0-9_]{2,30}$)
C:265:diff_match_patch.diff_linesToChars.diff_linesToCharsMunge: Invalid name "lineEnd" (should match [a-z_][a-z0-9_]{2,30}$)
C:267:diff_match_patch.diff_linesToChars.diff_linesToCharsMunge: Invalid name "lineEnd" (should match [a-z_][a-z0-9_]{2,30}$)
C:269:diff_match_patch.diff_linesToChars.diff_linesToCharsMunge: Invalid name "lineStart" (should match [a-z_][a-z0-9_]{2,30}$)
R:227:diff_match_patch.diff_linesToChars: Method could be a function
C:283:diff_match_patch.diff_charsToLines: Invalid name "diff_charsToLines" (should match [a-z_][a-z0-9_]{2,30}$)
C:283:diff_match_patch.diff_charsToLines: Invalid name "lineArray" (should match [a-z_][a-z0-9_]{2,30}$)
C:283:diff_match_patch.diff_charsToLines: Invalid name "lineArray" (should match [a-z_][a-z0-9_]{2,30}$)
C:291:diff_match_patch.diff_charsToLines: Invalid name "x" (should match [a-z_][a-z0-9_]{2,30}$)
R:283:diff_match_patch.diff_charsToLines: Method could be a function
R:297:diff_match_patch.diff_map: Too many local variables (22/15)
C:314:diff_match_patch.diff_map: Invalid name "doubleEnd" (should match [a-z_][a-z0-9_]{2,30}$)
C:321:diff_match_patch.diff_map: Invalid name "v1" (should match [a-z_][a-z0-9_]{2,30}$)
C:322:diff_match_patch.diff_map: Invalid name "v2" (should match [a-z_][a-z0-9_]{2,30}$)
C:330:diff_match_patch.diff_map: Invalid name "d" (should match [a-z_][a-z0-9_]{2,30}$)
C:339:diff_match_patch.diff_map: Invalid name "x" (should match [a-z_][a-z0-9_]{2,30}$)
C:341:diff_match_patch.diff_map: Invalid name "x" (should match [a-z_][a-z0-9_]{2,30}$)
C:342:diff_match_patch.diff_map: Invalid name "y" (should match [a-z_][a-z0-9_]{2,30}$)
C:352:diff_match_patch.diff_map: Invalid name "x" (should match [a-z_][a-z0-9_]{2,30}$)
C:353:diff_match_patch.diff_map: Invalid name "y" (should match [a-z_][a-z0-9_]{2,30}$)
C:369:diff_match_patch.diff_map: Invalid name "a" (should match [a-z_][a-z0-9_]{2,30}$)
C:370:diff_match_patch.diff_map: Invalid name "b" (should match [a-z_][a-z0-9_]{2,30}$)
C:378:diff_match_patch.diff_map: Invalid name "x" (should match [a-z_][a-z0-9_]{2,30}$)
C:380:diff_match_patch.diff_map: Invalid name "x" (should match [a-z_][a-z0-9_]{2,30}$)
C:381:diff_match_patch.diff_map: Invalid name "y" (should match [a-z_][a-z0-9_]{2,30}$)
C:389:diff_match_patch.diff_map: Invalid name "x" (should match [a-z_][a-z0-9_]{2,30}$)
C:390:diff_match_patch.diff_map: Invalid name "y" (should match [a-z_][a-z0-9_]{2,30}$)
C:402:diff_match_patch.diff_map: Invalid name "a" (should match [a-z_][a-z0-9_]{2,30}$)
C:404:diff_match_patch.diff_map: Invalid name "b" (should match [a-z_][a-z0-9_]{2,30}$)
R:297:diff_match_patch.diff_map: Too many branches (24/12)
R:297:diff_match_patch.diff_map: Too many statements (68/50)
C:423:diff_match_patch.diff_path1: Invalid name "x" (should match [a-z_][a-z0-9_]{2,30}$)
C:424:diff_match_patch.diff_path1: Invalid name "y" (should match [a-z_][a-z0-9_]{2,30}$)
C:426:diff_match_patch.diff_path1: Invalid name "d" (should match [a-z_][a-z0-9_]{2,30}$)
C:429:diff_match_patch.diff_path1: Invalid name "x" (should match [a-z_][a-z0-9_]{2,30}$)
C:437:diff_match_patch.diff_path1: Invalid name "y" (should match [a-z_][a-z0-9_]{2,30}$)
C:445:diff_match_patch.diff_path1: Invalid name "x" (should match [a-z_][a-z0-9_]{2,30}$)
C:446:diff_match_patch.diff_path1: Invalid name "y" (should match [a-z_][a-z0-9_]{2,30}$)
C:468:diff_match_patch.diff_path2: Invalid name "x" (should match [a-z_][a-z0-9_]{2,30}$)
C:469:diff_match_patch.diff_path2: Invalid name "y" (should match [a-z_][a-z0-9_]{2,30}$)
C:471:diff_match_patch.diff_path2: Invalid name "d" (should match [a-z_][a-z0-9_]{2,30}$)
C:474:diff_match_patch.diff_path2: Invalid name "x" (should match [a-z_][a-z0-9_]{2,30}$)
C:482:diff_match_patch.diff_path2: Invalid name "y" (should match [a-z_][a-z0-9_]{2,30}$)
C:490:diff_match_patch.diff_path2: Invalid name "x" (should match [a-z_][a-z0-9_]{2,30}$)
C:491:diff_match_patch.diff_path2: Invalid name "y" (should match [a-z_][a-z0-9_]{2,30}$)
C:501:diff_match_patch.diff_commonPrefix: Invalid name "diff_commonPrefix" (should match [a-z_][a-z0-9_]{2,30}$)
R:501:diff_match_patch.diff_commonPrefix: Method could be a function
C:529:diff_match_patch.diff_commonSuffix: Invalid name "diff_commonSuffix" (should match [a-z_][a-z0-9_]{2,30}$)
R:529:diff_match_patch.diff_commonSuffix: Method could be a function
C:558:diff_match_patch.diff_halfMatch: Invalid name "diff_halfMatch" (should match [a-z_][a-z0-9_]{2,30}$)
C:578:diff_match_patch.diff_halfMatch.diff_halfMatchI: Invalid name "diff_halfMatchI" (should match [a-z_][a-z0-9_]{2,30}$)
C:597:diff_match_patch.diff_halfMatch.diff_halfMatchI: Invalid name "prefixLength" (should match [a-z_][a-z0-9_]{2,30}$)
C:598:diff_match_patch.diff_halfMatch.diff_halfMatchI: Invalid name "suffixLength" (should match [a-z_][a-z0-9_]{2,30}$)
C:621:diff_match_patch.diff_halfMatch: Invalid name "hm" (should match [a-z_][a-z0-9_]{2,30}$)
C:623:diff_match_patch.diff_halfMatch: Invalid name "hm" (should match [a-z_][a-z0-9_]{2,30}$)
C:627:diff_match_patch.diff_halfMatch: Invalid name "hm" (should match [a-z_][a-z0-9_]{2,30}$)
C:629:diff_match_patch.diff_halfMatch: Invalid name "hm" (should match [a-z_][a-z0-9_]{2,30}$)
R:558:diff_match_patch.diff_halfMatch: Too many branches (15/12)
C:638:diff_match_patch.diff_cleanupSemantic: Invalid name "diff_cleanupSemantic" (should match [a-z_][a-z0-9_]{2,30}$)
C:686:diff_match_patch.diff_cleanupSemanticLossless: Invalid name "diff_cleanupSemanticLossless" (should match [a-z_][a-z0-9_]{2,30}$)
C:695:diff_match_patch.diff_cleanupSemanticLossless.diff_cleanupSemanticScore: Invalid name "diff_cleanupSemanticScore" (should match [a-z_][a-z0-9_]{2,30}$)
C:745:diff_match_patch.diff_cleanupSemanticLossless: Invalid name "commonOffset" (should match [a-z_][a-z0-9_]{2,30}$)
C:747:diff_match_patch.diff_cleanupSemanticLossless: Invalid name "commonString" (should match [a-z_][a-z0-9_]{2,30}$)
C:753:diff_match_patch.diff_cleanupSemanticLossless: Invalid name "bestEquality1" (should match [a-z_][a-z0-9_]{2,30}$)
C:754:diff_match_patch.diff_cleanupSemanticLossless: Invalid name "bestEdit" (should match [a-z_][a-z0-9_]{2,30}$)
C:755:diff_match_patch.diff_cleanupSemanticLossless: Invalid name "bestEquality2" (should match [a-z_][a-z0-9_]{2,30}$)
C:756:diff_match_patch.diff_cleanupSemanticLossless: Invalid name "bestScore" (should match [a-z_][a-z0-9_]{2,30}$)
C:766:diff_match_patch.diff_cleanupSemanticLossless: Invalid name "bestScore" (should match [a-z_][a-z0-9_]{2,30}$)
C:767:diff_match_patch.diff_cleanupSemanticLossless: Invalid name "bestEquality1" (should match [a-z_][a-z0-9_]{2,30}$)
C:768:diff_match_patch.diff_cleanupSemanticLossless: Invalid name "bestEdit" (should match [a-z_][a-z0-9_]{2,30}$)
C:769:diff_match_patch.diff_cleanupSemanticLossless: Invalid name "bestEquality2" (should match [a-z_][a-z0-9_]{2,30}$)
R:686:diff_match_patch.diff_cleanupSemanticLossless: Too many branches (16/12)
C:786:diff_match_patch.diff_cleanupEfficiency: Invalid name "diff_cleanupEfficiency" (should match [a-z_][a-z0-9_]{2,30}$)
R:786:diff_match_patch.diff_cleanupEfficiency: Too many branches (14/12)
C:857:diff_match_patch.diff_cleanupMerge: Invalid name "diff_cleanupMerge" (should match [a-z_][a-z0-9_]{2,30}$)
C:886:diff_match_patch.diff_cleanupMerge: Invalid name "x" (should match [a-z_][a-z0-9_]{2,30}$)
R:857:diff_match_patch.diff_cleanupMerge: Too many branches (23/12)
R:857:diff_match_patch.diff_cleanupMerge: Too many statements (71/50)
C:968:diff_match_patch.diff_xIndex: Invalid name "diff_xIndex" (should match [a-z_][a-z0-9_]{2,30}$)
C:983:diff_match_patch.diff_xIndex: Invalid name "x" (should match [a-z_][a-z0-9_]{2,30}$)
C:984:diff_match_patch.diff_xIndex: Invalid name "op" (should match [a-z_][a-z0-9_]{2,30}$)
W:994:diff_match_patch.diff_xIndex: Using possibly undefined loop variable 'x'
W:994:diff_match_patch.diff_xIndex: Using possibly undefined loop variable 'x'
C:1000:diff_match_patch.diff_prettyHtml: Invalid name "diff_prettyHtml" (should match [a-z_][a-z0-9_]{2,30}$)
C:1011:diff_match_patch.diff_prettyHtml: Invalid name "op" (should match [a-z_][a-z0-9_]{2,30}$)
C:1036:diff_match_patch.diff_text1: Invalid name "op" (should match [a-z_][a-z0-9_]{2,30}$)
C:1051:diff_match_patch.diff_text2: Invalid name "op" (should match [a-z_][a-z0-9_]{2,30}$)
C:1069:diff_match_patch.diff_levenshtein: Invalid name "op" (should match [a-z_][a-z0-9_]{2,30}$)
C:1082:diff_match_patch.diff_toDelta: Invalid name "diff_toDelta" (should match [a-z_][a-z0-9_]{2,30}$)
C:1095:diff_match_patch.diff_toDelta: Invalid name "op" (should match [a-z_][a-z0-9_]{2,30}$)
C:1106:diff_match_patch.diff_fromDelta: Invalid name "diff_fromDelta" (should match [a-z_][a-z0-9_]{2,30}$)
C:1139:diff_match_patch.diff_fromDelta: Invalid name "n" (should match [a-z_][a-z0-9_]{2,30}$)
R:1192:diff_match_patch.match_bitap: Too many local variables (20/15)
C:1209:diff_match_patch.match_bitap: Invalid name "s" (should match [a-z_][a-z0-9_]{2,30}$)
C:1211:diff_match_patch.match_bitap.match_bitapScore: Invalid name "match_bitapScore" (should match [a-z_][a-z0-9_]{2,30}$)
C:1211:diff_match_patch.match_bitap.match_bitapScore: Invalid name "e" (should match [a-z_][a-z0-9_]{2,30}$)
C:1211:diff_match_patch.match_bitap.match_bitapScore: Invalid name "x" (should match [a-z_][a-z0-9_]{2,30}$)
C:1211:diff_match_patch.match_bitap.match_bitapScore: Invalid name "e" (should match [a-z_][a-z0-9_]{2,30}$)
C:1211:diff_match_patch.match_bitap.match_bitapScore: Invalid name "x" (should match [a-z_][a-z0-9_]{2,30}$)
C:1247:diff_match_patch.match_bitap: Invalid name "d" (should match [a-z_][a-z0-9_]{2,30}$)
C:1265:diff_match_patch.match_bitap: Invalid name "rd" (should match [a-z_][a-z0-9_]{2,30}$)
C:1270:diff_match_patch.match_bitap: Invalid name "charMatch" (should match [a-z_][a-z0-9_]{2,30}$)
C:1272:diff_match_patch.match_bitap: Invalid name "charMatch" (should match [a-z_][a-z0-9_]{2,30}$)
R:1192:diff_match_patch.match_bitap: Too many branches (18/12)
C:1307:diff_match_patch.match_alphabet: Invalid name "s" (should match [a-z_][a-z0-9_]{2,30}$)
R:1298:diff_match_patch.match_alphabet: Method could be a function
C:1316:diff_match_patch.patch_addContext: Invalid name "patch_addContext" (should match [a-z_][a-z0-9_]{2,30}$)
C:1357:diff_match_patch.patch_make: Invalid name "a" (should match [a-z_][a-z0-9_]{2,30}$)
C:1357:diff_match_patch.patch_make: Invalid name "b" (should match [a-z_][a-z0-9_]{2,30}$)
C:1357:diff_match_patch.patch_make: Invalid name "c" (should match [a-z_][a-z0-9_]{2,30}$)
C:1357:diff_match_patch.patch_make: Invalid name "a" (should match [a-z_][a-z0-9_]{2,30}$)
C:1357:diff_match_patch.patch_make: Invalid name "b" (should match [a-z_][a-z0-9_]{2,30}$)
C:1357:diff_match_patch.patch_make: Invalid name "c" (should match [a-z_][a-z0-9_]{2,30}$)
C:1419:diff_match_patch.patch_make: Invalid name "x" (should match [a-z_][a-z0-9_]{2,30}$)
R:1357:diff_match_patch.patch_make: Too many branches (17/12)
R:1357:diff_match_patch.patch_make: Too many statements (57/50)
C:1471:diff_match_patch.patch_deepCopy: Invalid name "patch_deepCopy" (should match [a-z_][a-z0-9_]{2,30}$)
C:1480:diff_match_patch.patch_deepCopy: Invalid name "patchesCopy" (should match [a-z_][a-z0-9_]{2,30}$)
C:1482:diff_match_patch.patch_deepCopy: Invalid name "patchCopy" (should match [a-z_][a-z0-9_]{2,30}$)
R:1471:diff_match_patch.patch_deepCopy: Method could be a function
R:1492:diff_match_patch.patch_apply: Too many local variables (17/15)
C:1509:diff_match_patch.patch_apply: Invalid name "nullPadding" (should match [a-z_][a-z0-9_]{2,30}$)
C:1565:diff_match_patch.patch_apply: Invalid name "op" (should match [a-z_][a-z0-9_]{2,30}$)
R:1492:diff_match_patch.patch_apply: Too many branches (19/12)
C:1580:diff_match_patch.patch_addPadding: Invalid name "patch_addPadding" (should match [a-z_][a-z0-9_]{2,30}$)
C:1590:diff_match_patch.patch_addPadding: Invalid name "paddingLength" (should match [a-z_][a-z0-9_]{2,30}$)
C:1591:diff_match_patch.patch_addPadding: Invalid name "nullPadding" (should match [a-z_][a-z0-9_]{2,30}$)
C:1592:diff_match_patch.patch_addPadding: Invalid name "x" (should match [a-z_][a-z0-9_]{2,30}$)
C:1593:diff_match_patch.patch_addPadding: Invalid name "nullPadding" (should match [a-z_][a-z0-9_]{2,30}$)
C:1612:diff_match_patch.patch_addPadding: Invalid name "extraLength" (should match [a-z_][a-z0-9_]{2,30}$)
C:1613:diff_match_patch.patch_addPadding: Invalid name "newText" (should match [a-z_][a-z0-9_]{2,30}$)
C:1630:diff_match_patch.patch_addPadding: Invalid name "extraLength" (should match [a-z_][a-z0-9_]{2,30}$)
C:1631:diff_match_patch.patch_addPadding: Invalid name "newText" (should match [a-z_][a-z0-9_]{2,30}$)
C:1638:diff_match_patch.patch_splitMax: Invalid name "patch_splitMax" (should match [a-z_][a-z0-9_]{2,30}$)
C:1647:diff_match_patch.patch_splitMax: Invalid name "x" (should match [a-z_][a-z0-9_]{2,30}$)
C:1652:diff_match_patch.patch_splitMax: Invalid name "x" (should match [a-z_][a-z0-9_]{2,30}$)
C:1719:diff_match_patch.patch_splitMax: Invalid name "x" (should match [a-z_][a-z0-9_]{2,30}$)
R:1638:diff_match_patch.patch_splitMax: Too many branches (17/12)
R:1638:diff_match_patch.patch_splitMax: Too many statements (56/50)
C:1722:diff_match_patch.patch_toText: Invalid name "patch_toText" (should match [a-z_][a-z0-9_]{2,30}$)
R:1722:diff_match_patch.patch_toText: Method could be a function
C:1736:diff_match_patch.patch_fromText: Invalid name "patch_fromText" (should match [a-z_][a-z0-9_]{2,30}$)
C:1758:diff_match_patch.patch_fromText: Invalid name "m" (should match [a-z_][a-z0-9_]{2,30}$)
R:1736:diff_match_patch.patch_fromText: Too many branches (19/12)
R: 34:diff_match_patch: Too many public methods (32/20)
C:1814:patch_obj: Invalid name "patch_obj" (should match [A-Z_][a-zA-Z0-9]+$)
C:1849:patch_obj.__str__: Invalid name "op" (should match [a-z_][a-z0-9_]{2,30}$)
R:1814:patch_obj: Too few public methods (0/2)
W: 29: Unused import math
************* Module versionutils.diff.diff_match_patch.diff_match_patch_test
W: 28: Bad indentation. Found 2 spaces, expected 4
W: 29: Bad indentation. Found 4 spaces, expected 8
W: 30: Bad indentation. Found 4 spaces, expected 8
W: 32: Bad indentation. Found 2 spaces, expected 4
W: 34: Bad indentation. Found 4 spaces, expected 8
W: 35: Bad indentation. Found 4 spaces, expected 8
W: 36: Bad indentation. Found 4 spaces, expected 8
W: 37: Bad indentation. Found 6 spaces, expected 12
W: 38: Bad indentation. Found 8 spaces, expected 16
W: 39: Bad indentation. Found 6 spaces, expected 12
W: 40: Bad indentation. Found 8 spaces, expected 16
W: 41: Bad indentation. Found 4 spaces, expected 8
W: 45: Bad indentation. Found 2 spaces, expected 4
W: 47: Bad indentation. Found 2 spaces, expected 4
W: 50: Bad indentation. Found 4 spaces, expected 8
W: 53: Bad indentation. Found 4 spaces, expected 8
W: 56: Bad indentation. Found 4 spaces, expected 8
W: 58: Bad indentation. Found 2 spaces, expected 4
W: 61: Bad indentation. Found 4 spaces, expected 8
W: 64: Bad indentation. Found 4 spaces, expected 8
W: 67: Bad indentation. Found 4 spaces, expected 8
W: 69: Bad indentation. Found 2 spaces, expected 4
W: 72: Bad indentation. Found 4 spaces, expected 8
C: 75: Line too long (106/80)
W: 75: Bad indentation. Found 4 spaces, expected 8
C: 77: Line too long (106/80)
W: 77: Bad indentation. Found 4 spaces, expected 8
C: 80: Line too long (141/80)
W: 80: Bad indentation. Found 4 spaces, expected 8
C: 82: Line too long (143/80)
W: 82: Bad indentation. Found 4 spaces, expected 8
C: 84: Line too long (143/80)
W: 84: Bad indentation. Found 4 spaces, expected 8
W: 86: Bad indentation. Found 2 spaces, expected 4
C: 88: Line too long (157/80)
W: 88: Bad indentation. Found 4 spaces, expected 8
C: 90: Line too long (147/80)
W: 90: Bad indentation. Found 4 spaces, expected 8
C: 92: Line too long (93/80)
W: 92: Bad indentation. Found 4 spaces, expected 8
W: 95: Bad indentation. Found 4 spaces, expected 8
W: 96: Bad indentation. Found 4 spaces, expected 8
W: 97: Bad indentation. Found 4 spaces, expected 8
W: 98: Bad indentation. Found 4 spaces, expected 8
W: 99: Bad indentation. Found 6 spaces, expected 12
W:100: Bad indentation. Found 6 spaces, expected 12
W:101: Bad indentation. Found 4 spaces, expected 8
W:102: Bad indentation. Found 4 spaces, expected 8
W:103: Bad indentation. Found 4 spaces, expected 8
W:104: Bad indentation. Found 4 spaces, expected 8
W:105: Bad indentation. Found 4 spaces, expected 8
C:106: Line too long (83/80)
W:106: Bad indentation. Found 4 spaces, expected 8
W:108: Bad indentation. Found 2 spaces, expected 4
C:110: Line too long (91/80)
W:110: Bad indentation. Found 4 spaces, expected 8
W:111: Bad indentation. Found 4 spaces, expected 8
C:112: Line too long (124/80)
W:112: Bad indentation. Found 4 spaces, expected 8
W:115: Bad indentation. Found 4 spaces, expected 8
W:116: Bad indentation. Found 4 spaces, expected 8
W:117: Bad indentation. Found 4 spaces, expected 8
W:118: Bad indentation. Found 4 spaces, expected 8
W:119: Bad indentation. Found 6 spaces, expected 12
W:120: Bad indentation. Found 6 spaces, expected 12
W:121: Bad indentation. Found 4 spaces, expected 8
W:122: Bad indentation. Found 4 spaces, expected 8
W:123: Bad indentation. Found 4 spaces, expected 8
W:124: Bad indentation. Found 4 spaces, expected 8
W:125: Bad indentation. Found 4 spaces, expected 8
W:126: Bad indentation. Found 4 spaces, expected 8
W:127: Bad indentation. Found 4 spaces, expected 8
W:128: Bad indentation. Found 4 spaces, expected 8
W:130: Bad indentation. Found 2 spaces, expected 4
W:133: Bad indentation. Found 4 spaces, expected 8
W:134: Bad indentation. Found 4 spaces, expected 8
W:135: Bad indentation. Found 4 spaces, expected 8
C:138: Line too long (98/80)
W:138: Bad indentation. Found 4 spaces, expected 8
W:139: Bad indentation. Found 4 spaces, expected 8
C:140: Line too long (116/80)
W:140: Bad indentation. Found 4 spaces, expected 8
C:143: Line too long (96/80)
W:143: Bad indentation. Found 4 spaces, expected 8
W:144: Bad indentation. Found 4 spaces, expected 8
W:145: Bad indentation. Found 4 spaces, expected 8
C:148: Line too long (99/80)
W:148: Bad indentation. Found 4 spaces, expected 8
W:149: Bad indentation. Found 4 spaces, expected 8
W:150: Bad indentation. Found 4 spaces, expected 8
C:153: Line too long (99/80)
W:153: Bad indentation. Found 4 spaces, expected 8
W:154: Bad indentation. Found 4 spaces, expected 8
W:155: Bad indentation. Found 4 spaces, expected 8
C:158: Line too long (184/80)
W:158: Bad indentation. Found 4 spaces, expected 8
W:159: Bad indentation. Found 4 spaces, expected 8
C:160: Line too long (119/80)
W:160: Bad indentation. Found 4 spaces, expected 8
C:163: Line too long (102/80)
W:163: Bad indentation. Found 4 spaces, expected 8
W:164: Bad indentation. Found 4 spaces, expected 8
C:165: Line too long (144/80)
W:165: Bad indentation. Found 4 spaces, expected 8
C:168: Line too long (98/80)
W:168: Bad indentation. Found 4 spaces, expected 8
W:169: Bad indentation. Found 4 spaces, expected 8
C:170: Line too long (89/80)
W:170: Bad indentation. Found 4 spaces, expected 8
C:173: Line too long (98/80)
W:173: Bad indentation. Found 4 spaces, expected 8
W:174: Bad indentation. Found 4 spaces, expected 8
C:175: Line too long (89/80)
W:175: Bad indentation. Found 4 spaces, expected 8
C:178: Line too long (155/80)
W:178: Bad indentation. Found 4 spaces, expected 8
W:179: Bad indentation. Found 4 spaces, expected 8
C:180: Line too long (91/80)
W:180: Bad indentation. Found 4 spaces, expected 8
C:183: Line too long (155/80)
W:183: Bad indentation. Found 4 spaces, expected 8
W:184: Bad indentation. Found 4 spaces, expected 8
C:185: Line too long (91/80)
W:185: Bad indentation. Found 4 spaces, expected 8
W:187: Bad indentation. Found 2 spaces, expected 4
W:190: Bad indentation. Found 4 spaces, expected 8
W:191: Bad indentation. Found 4 spaces, expected 8
W:192: Bad indentation. Found 4 spaces, expected 8
C:195: Line too long (133/80)
W:195: Bad indentation. Found 4 spaces, expected 8
W:196: Bad indentation. Found 4 spaces, expected 8
C:197: Line too long (151/80)
W:197: Bad indentation. Found 4 spaces, expected 8
C:200: Line too long (119/80)
W:200: Bad indentation. Found 4 spaces, expected 8
W:201: Bad indentation. Found 4 spaces, expected 8
C:202: Line too long (137/80)
W:202: Bad indentation. Found 4 spaces, expected 8
C:205: Line too long (114/80)
W:205: Bad indentation. Found 4 spaces, expected 8
W:206: Bad indentation. Found 4 spaces, expected 8
C:207: Line too long (132/80)
W:207: Bad indentation. Found 4 spaces, expected 8
C:210: Line too long (114/80)
W:210: Bad indentation. Found 4 spaces, expected 8
W:211: Bad indentation. Found 4 spaces, expected 8
C:212: Line too long (132/80)
W:212: Bad indentation. Found 4 spaces, expected 8
C:215: Line too long (98/80)
W:215: Bad indentation. Found 4 spaces, expected 8
W:216: Bad indentation. Found 4 spaces, expected 8
C:217: Line too long (89/80)
W:217: Bad indentation. Found 4 spaces, expected 8
C:220: Line too long (98/80)
W:220: Bad indentation. Found 4 spaces, expected 8
W:221: Bad indentation. Found 4 spaces, expected 8
C:222: Line too long (89/80)
W:222: Bad indentation. Found 4 spaces, expected 8
W:224: Bad indentation. Found 2 spaces, expected 4
W:227: Bad indentation. Found 4 spaces, expected 8
W:228: Bad indentation. Found 4 spaces, expected 8
W:229: Bad indentation. Found 4 spaces, expected 8
C:232: Line too long (128/80)
W:232: Bad indentation. Found 4 spaces, expected 8
W:233: Bad indentation. Found 4 spaces, expected 8
C:234: Line too long (146/80)
W:234: Bad indentation. Found 4 spaces, expected 8
C:237: Line too long (98/80)
W:237: Bad indentation. Found 4 spaces, expected 8
W:238: Bad indentation. Found 4 spaces, expected 8
C:239: Line too long (90/80)
W:239: Bad indentation. Found 4 spaces, expected 8
C:242: Line too long (157/80)
W:242: Bad indentation. Found 4 spaces, expected 8
W:243: Bad indentation. Found 4 spaces, expected 8
C:244: Line too long (96/80)
W:244: Bad indentation. Found 4 spaces, expected 8
C:247: Line too long (270/80)
W:247: Bad indentation. Found 4 spaces, expected 8
W:248: Bad indentation. Found 4 spaces, expected 8
C:249: Line too long (98/80)
W:249: Bad indentation. Found 4 spaces, expected 8
C:252: Line too long (114/80)
W:252: Bad indentation. Found 4 spaces, expected 8
W:253: Bad indentation. Found 4 spaces, expected 8
C:254: Line too long (132/80)
W:254: Bad indentation. Found 4 spaces, expected 8
W:256: Bad indentation. Found 2 spaces, expected 4
W:258: Bad indentation. Found 4 spaces, expected 8
W:260: Bad indentation. Found 4 spaces, expected 8
W:261: Bad indentation. Found 4 spaces, expected 8
W:262: Bad indentation. Found 4 spaces, expected 8
C:265: Line too long (163/80)
W:265: Bad indentation. Found 4 spaces, expected 8
W:266: Bad indentation. Found 4 spaces, expected 8
C:267: Line too long (181/80)
W:267: Bad indentation. Found 4 spaces, expected 8
C:270: Line too long (162/80)
W:270: Bad indentation. Found 4 spaces, expected 8
W:271: Bad indentation. Found 4 spaces, expected 8
C:272: Line too long (100/80)
W:272: Bad indentation. Found 4 spaces, expected 8
C:275: Line too long (130/80)
W:275: Bad indentation. Found 4 spaces, expected 8
W:276: Bad indentation. Found 4 spaces, expected 8
C:277: Line too long (94/80)
W:277: Bad indentation. Found 4 spaces, expected 8
C:280: Line too long (219/80)
W:280: Bad indentation. Found 4 spaces, expected 8
W:281: Bad indentation. Found 4 spaces, expected 8
C:282: Line too long (102/80)
W:282: Bad indentation. Found 4 spaces, expected 8
W:285: Bad indentation. Found 4 spaces, expected 8
C:286: Line too long (163/80)
W:286: Bad indentation. Found 4 spaces, expected 8
W:287: Bad indentation. Found 4 spaces, expected 8
C:288: Line too long (102/80)
W:288: Bad indentation. Found 4 spaces, expected 8
W:289: Bad indentation. Found 4 spaces, expected 8
W:291: Bad indentation. Found 2 spaces, expected 4
C:293: Line too long (109/80)
W:293: Bad indentation. Found 4 spaces, expected 8
C:294: Line too long (233/80)
W:294: Bad indentation. Found 4 spaces, expected 8
W:296: Bad indentation. Found 2 spaces, expected 4
C:298: Line too long (227/80)
W:298: Bad indentation. Found 4 spaces, expected 8
W:299: Bad indentation. Found 4 spaces, expected 8
W:301: Bad indentation. Found 4 spaces, expected 8
W:303: Bad indentation. Found 2 spaces, expected 4
C:305: Line too long (262/80)
W:305: Bad indentation. Found 4 spaces, expected 8
W:306: Bad indentation. Found 4 spaces, expected 8
W:307: Bad indentation. Found 4 spaces, expected 8
W:309: Bad indentation. Found 4 spaces, expected 8
W:310: Bad indentation. Found 4 spaces, expected 8
W:313: Bad indentation. Found 4 spaces, expected 8
W:316: Bad indentation. Found 4 spaces, expected 8
W:317: Bad indentation. Found 6 spaces, expected 12
W:318: Bad indentation. Found 6 spaces, expected 12
W:319: Bad indentation. Found 4 spaces, expected 8
W:321: Bad indentation. Found 6 spaces, expected 12
W:324: Bad indentation. Found 4 spaces, expected 8
W:325: Bad indentation. Found 6 spaces, expected 12
W:326: Bad indentation. Found 6 spaces, expected 12
W:327: Bad indentation. Found 4 spaces, expected 8
W:329: Bad indentation. Found 6 spaces, expected 12
W:332: Bad indentation. Found 4 spaces, expected 8
W:333: Bad indentation. Found 6 spaces, expected 12
W:334: Bad indentation. Found 6 spaces, expected 12
W:335: Bad indentation. Found 4 spaces, expected 8
W:337: Bad indentation. Found 6 spaces, expected 12
C:340: Line too long (146/80)
W:340: Bad indentation. Found 4 spaces, expected 8
W:341: Bad indentation. Found 4 spaces, expected 8
W:342: Bad indentation. Found 4 spaces, expected 8
W:344: Bad indentation. Found 4 spaces, expected 8
W:345: Bad indentation. Found 4 spaces, expected 8
W:348: Bad indentation. Found 4 spaces, expected 8
C:351: Line too long (92/80)
W:351: Bad indentation. Found 4 spaces, expected 8
W:352: Bad indentation. Found 4 spaces, expected 8
C:353: Line too long (85/80)
W:353: Bad indentation. Found 4 spaces, expected 8
W:355: Bad indentation. Found 4 spaces, expected 8
C:356: Line too long (86/80)
W:356: Bad indentation. Found 4 spaces, expected 8
W:359: Bad indentation. Found 4 spaces, expected 8
W:361: Bad indentation. Found 2 spaces, expected 4
C:363: Line too long (142/80)
W:363: Bad indentation. Found 4 spaces, expected 8
C:366: Line too long (141/80)
W:366: Bad indentation. Found 4 spaces, expected 8
W:368: Bad indentation. Found 2 spaces, expected 4
C:370: Line too long (146/80)
W:370: Bad indentation. Found 4 spaces, expected 8
C:372: Line too long (146/80)
W:372: Bad indentation. Found 4 spaces, expected 8
C:374: Line too long (146/80)
W:374: Bad indentation. Found 4 spaces, expected 8
W:376: Bad indentation. Found 2 spaces, expected 4
W:379: Bad indentation. Found 4 spaces, expected 8
W:381: Bad indentation. Found 6 spaces, expected 12
W:384: Bad indentation. Found 4 spaces, expected 8
W:385: Bad indentation. Found 4 spaces, expected 8
W:386: Bad indentation. Found 4 spaces, expected 8
W:388: Bad indentation. Found 4 spaces, expected 8
W:391: Bad indentation. Found 4 spaces, expected 8
W:395: Bad indentation. Found 4 spaces, expected 8
W:400: Bad indentation. Found 4 spaces, expected 8
W:406: Bad indentation. Found 4 spaces, expected 8
C:411: Line too long (329/80)
W:411: Bad indentation. Found 4 spaces, expected 8
W:413: Bad indentation. Found 4 spaces, expected 8
C:414: Line too long (299/80)
W:414: Bad indentation. Found 4 spaces, expected 8
W:417: Bad indentation. Found 4 spaces, expected 8
W:418: Bad indentation. Found 4 spaces, expected 8
W:419: Bad indentation. Found 4 spaces, expected 8
W:421: Bad indentation. Found 4 spaces, expected 8
W:424: Bad indentation. Found 4 spaces, expected 8
W:428: Bad indentation. Found 4 spaces, expected 8
C:433: Line too long (156/80)
W:433: Bad indentation. Found 4 spaces, expected 8
W:435: Bad indentation. Found 4 spaces, expected 8
W:436: Bad indentation. Found 4 spaces, expected 8
W:437: Bad indentation. Found 4 spaces, expected 8
W:439: Bad indentation. Found 4 spaces, expected 8
W:442: Bad indentation. Found 4 spaces, expected 8
W:446: Bad indentation. Found 4 spaces, expected 8
C:449: Line too long (156/80)
W:449: Bad indentation. Found 4 spaces, expected 8
W:451: Bad indentation. Found 2 spaces, expected 4
C:454: Line too long (94/80)
W:454: Bad indentation. Found 4 spaces, expected 8
C:457: Line too long (155/80)
W:457: Bad indentation. Found 4 spaces, expected 8
C:460: Line too long (155/80)
W:460: Bad indentation. Found 4 spaces, expected 8
C:463: Line too long (216/80)
W:463: Bad indentation. Found 4 spaces, expected 8
C:466: Line too long (216/80)
W:466: Bad indentation. Found 4 spaces, expected 8
W:470: Bad indentation. Found 4 spaces, expected 8
W:471: Bad indentation. Found 4 spaces, expected 8
C:473: Line too long (118/80)
W:473: Bad indentation. Found 4 spaces, expected 8
C:475: Line too long (266/80)
W:475: Bad indentation. Found 4 spaces, expected 8
C:477: Line too long (229/80)
W:477: Bad indentation. Found 4 spaces, expected 8
C:480: Line too long (242/80)
W:480: Bad indentation. Found 4 spaces, expected 8
C:482: Line too long (162/80)
W:482: Bad indentation. Found 4 spaces, expected 8
W:485: Bad indentation. Found 4 spaces, expected 8
C:486: Line too long (274/80)
W:486: Bad indentation. Found 4 spaces, expected 8
W:487: Bad indentation. Found 4 spaces, expected 8
W:490: Bad indentation. Found 4 spaces, expected 8
C:491: Line too long (142/80)
W:491: Bad indentation. Found 4 spaces, expected 8
C:492: Line too long (223/80)
W:492: Bad indentation. Found 4 spaces, expected 8
W:494: Bad indentation. Found 4 spaces, expected 8
W:495: Bad indentation. Found 6 spaces, expected 12
W:496: Bad indentation. Found 6 spaces, expected 12
W:497: Bad indentation. Found 4 spaces, expected 8
W:498: Bad indentation. Found 4 spaces, expected 8
C:502: Line too long (166/80)
W:502: Bad indentation. Found 4 spaces, expected 8
C:503: Line too long (166/80)
W:503: Bad indentation. Found 4 spaces, expected 8
C:504: Line too long (86/80)
W:504: Bad indentation. Found 4 spaces, expected 8
C:505: Line too long (166/80)
W:505: Bad indentation. Found 4 spaces, expected 8
C:506: Line too long (166/80)
W:506: Bad indentation. Found 4 spaces, expected 8
W:507: Bad indentation. Found 4 spaces, expected 8
W:508: Bad indentation. Found 4 spaces, expected 8
W:509: Bad indentation. Found 4 spaces, expected 8
W:512: Bad indentation. Found 4 spaces, expected 8
W:513: Bad indentation. Found 6 spaces, expected 12
W:514: Bad indentation. Found 6 spaces, expected 12
W:515: Bad indentation. Found 4 spaces, expected 8
W:517: Bad indentation. Found 6 spaces, expected 12
W:521: Bad indentation. Found 2 spaces, expected 4
W:523: Bad indentation. Found 2 spaces, expected 4
W:525: Bad indentation. Found 4 spaces, expected 8
C:527: Line too long (81/80)
W:527: Bad indentation. Found 4 spaces, expected 8
W:529: Bad indentation. Found 2 spaces, expected 4
W:530: Bad indentation. Found 4 spaces, expected 8
W:531: Bad indentation. Found 4 spaces, expected 8
W:533: Bad indentation. Found 4 spaces, expected 8
W:535: Bad indentation. Found 4 spaces, expected 8
W:538: Bad indentation. Found 4 spaces, expected 8
W:540: Bad indentation. Found 4 spaces, expected 8
W:542: Bad indentation. Found 4 spaces, expected 8
W:545: Bad indentation. Found 4 spaces, expected 8
W:547: Bad indentation. Found 4 spaces, expected 8
W:549: Bad indentation. Found 4 spaces, expected 8
W:551: Bad indentation. Found 4 spaces, expected 8
W:554: Bad indentation. Found 4 spaces, expected 8
W:555: Bad indentation. Found 4 spaces, expected 8
W:557: Bad indentation. Found 4 spaces, expected 8
W:558: Bad indentation. Found 4 spaces, expected 8
W:560: Bad indentation. Found 4 spaces, expected 8
W:561: Bad indentation. Found 4 spaces, expected 8
W:562: Bad indentation. Found 4 spaces, expected 8
W:565: Bad indentation. Found 4 spaces, expected 8
W:567: Bad indentation. Found 4 spaces, expected 8
W:570: Bad indentation. Found 4 spaces, expected 8
C:571: Line too long (92/80)
W:571: Bad indentation. Found 4 spaces, expected 8
C:573: Line too long (92/80)
W:573: Bad indentation. Found 4 spaces, expected 8
W:575: Bad indentation. Found 4 spaces, expected 8
C:576: Line too long (91/80)
W:576: Bad indentation. Found 4 spaces, expected 8
W:579: Bad indentation. Found 2 spaces, expected 4
W:582: Bad indentation. Found 4 spaces, expected 8
W:584: Bad indentation. Found 4 spaces, expected 8
W:586: Bad indentation. Found 4 spaces, expected 8
W:588: Bad indentation. Found 4 spaces, expected 8
W:590: Bad indentation. Found 4 spaces, expected 8
W:592: Bad indentation. Found 4 spaces, expected 8
W:595: Bad indentation. Found 4 spaces, expected 8
C:596: Line too long (114/80)
W:596: Bad indentation. Found 4 spaces, expected 8
W:597: Bad indentation. Found 4 spaces, expected 8
W:600: Bad indentation. Found 4 spaces, expected 8
W:601: Bad indentation. Found 6 spaces, expected 12
W:602: Bad indentation. Found 6 spaces, expected 12
W:603: Bad indentation. Found 4 spaces, expected 8
W:605: Bad indentation. Found 6 spaces, expected 12
W:609: Bad indentation. Found 2 spaces, expected 4
W:611: Bad indentation. Found 2 spaces, expected 4
W:613: Bad indentation. Found 4 spaces, expected 8
W:614: Bad indentation. Found 4 spaces, expected 8
W:615: Bad indentation. Found 4 spaces, expected 8
W:616: Bad indentation. Found 4 spaces, expected 8
W:617: Bad indentation. Found 4 spaces, expected 8
C:618: Line too long (229/80)
W:618: Bad indentation. Found 4 spaces, expected 8
W:619: Bad indentation. Found 4 spaces, expected 8
C:620: Line too long (96/80)
W:620: Bad indentation. Found 4 spaces, expected 8
W:622: Bad indentation. Found 2 spaces, expected 4
W:623: Bad indentation. Found 4 spaces, expected 8
W:625: Bad indentation. Found 4 spaces, expected 8
W:626: Bad indentation. Found 4 spaces, expected 8
C:628: Line too long (104/80)
W:628: Bad indentation. Found 4 spaces, expected 8
C:630: Line too long (108/80)
W:630: Bad indentation. Found 4 spaces, expected 8
C:632: Line too long (108/80)
W:632: Bad indentation. Found 4 spaces, expected 8
W:635: Bad indentation. Found 4 spaces, expected 8
W:636: Bad indentation. Found 6 spaces, expected 12
W:637: Bad indentation. Found 6 spaces, expected 12
W:638: Bad indentation. Found 4 spaces, expected 8
W:640: Bad indentation. Found 6 spaces, expected 12
W:642: Bad indentation. Found 2 spaces, expected 4
W:643: Bad indentation. Found 4 spaces, expected 8
W:644: Bad indentation. Found 4 spaces, expected 8
W:645: Bad indentation. Found 4 spaces, expected 8
C:647: Line too long (87/80)
W:647: Bad indentation. Found 4 spaces, expected 8
W:648: Bad indentation. Found 4 spaces, expected 8
W:649: Bad indentation. Found 4 spaces, expected 8
W:651: Bad indentation. Found 2 spaces, expected 4
W:652: Bad indentation. Found 4 spaces, expected 8
W:653: Bad indentation. Found 4 spaces, expected 8
W:654: Bad indentation. Found 4 spaces, expected 8
C:655: Line too long (88/80)
W:655: Bad indentation. Found 4 spaces, expected 8
W:658: Bad indentation. Found 4 spaces, expected 8
W:659: Bad indentation. Found 4 spaces, expected 8
C:660: Line too long (86/80)
W:660: Bad indentation. Found 4 spaces, expected 8
W:663: Bad indentation. Found 4 spaces, expected 8
W:664: Bad indentation. Found 4 spaces, expected 8
W:665: Bad indentation. Found 4 spaces, expected 8
W:668: Bad indentation. Found 4 spaces, expected 8
C:669: Line too long (92/80)
W:669: Bad indentation. Found 4 spaces, expected 8
C:670: Line too long (93/80)
W:670: Bad indentation. Found 4 spaces, expected 8
W:672: Bad indentation. Found 2 spaces, expected 4
W:673: Bad indentation. Found 4 spaces, expected 8
W:674: Bad indentation. Found 4 spaces, expected 8
C:676: Line too long (123/80)
W:676: Bad indentation. Found 4 spaces, expected 8
C:677: Line too long (91/80)
W:678: Bad indentation. Found 4 spaces, expected 8
W:679: Bad indentation. Found 4 spaces, expected 8
C:682: Line too long (129/80)
W:682: Bad indentation. Found 4 spaces, expected 8
W:683: Bad indentation. Found 4 spaces, expected 8
W:684: Bad indentation. Found 4 spaces, expected 8
W:687: Bad indentation. Found 4 spaces, expected 8
W:688: Bad indentation. Found 4 spaces, expected 8
W:689: Bad indentation. Found 4 spaces, expected 8
W:692: Bad indentation. Found 4 spaces, expected 8
W:693: Bad indentation. Found 4 spaces, expected 8
W:696: Bad indentation. Found 4 spaces, expected 8
W:697: Bad indentation. Found 4 spaces, expected 8
C:700: Line too long (85/80)
W:700: Bad indentation. Found 4 spaces, expected 8
C:701: Line too long (148/80)
W:701: Bad indentation. Found 4 spaces, expected 8
C:704: Line too long (112/80)
W:704: Bad indentation. Found 4 spaces, expected 8
C:705: Line too long (157/80)
W:705: Bad indentation. Found 4 spaces, expected 8
W:708: Bad indentation. Found 4 spaces, expected 8
W:709: Bad indentation. Found 4 spaces, expected 8
W:710: Bad indentation. Found 6 spaces, expected 12
W:711: Bad indentation. Found 4 spaces, expected 8
C:712: Line too long (82/80)
W:712: Bad indentation. Found 4 spaces, expected 8
W:713: Bad indentation. Found 4 spaces, expected 8
W:714: Bad indentation. Found 4 spaces, expected 8
W:717: Bad indentation. Found 4 spaces, expected 8
W:718: Bad indentation. Found 6 spaces, expected 12
W:719: Bad indentation. Found 6 spaces, expected 12
W:720: Bad indentation. Found 4 spaces, expected 8
W:722: Bad indentation. Found 6 spaces, expected 12
W:724: Bad indentation. Found 2 spaces, expected 4
C:726: Line too long (134/80)
W:726: Bad indentation. Found 4 spaces, expected 8
W:727: Bad indentation. Found 4 spaces, expected 8
C:728: Line too long (278/80)
W:728: Bad indentation. Found 4 spaces, expected 8
C:730: Line too long (135/80)
W:730: Bad indentation. Found 4 spaces, expected 8
W:731: Bad indentation. Found 4 spaces, expected 8
W:732: Bad indentation. Found 4 spaces, expected 8
W:733: Bad indentation. Found 4 spaces, expected 8
C:735: Line too long (114/80)
W:735: Bad indentation. Found 4 spaces, expected 8
W:736: Bad indentation. Found 4 spaces, expected 8
C:737: Line too long (212/80)
W:737: Bad indentation. Found 4 spaces, expected 8
C:739: Line too long (201/80)
W:739: Bad indentation. Found 4 spaces, expected 8
W:740: Bad indentation. Found 4 spaces, expected 8
C:741: Line too long (187/80)
W:741: Bad indentation. Found 4 spaces, expected 8
W:743: Bad indentation. Found 2 spaces, expected 4
W:745: Bad indentation. Found 4 spaces, expected 8
C:746: Line too long (81/80)
W:746: Bad indentation. Found 4 spaces, expected 8
W:747: Bad indentation. Found 4 spaces, expected 8
C:748: Line too long (112/80)
W:748: Bad indentation. Found 4 spaces, expected 8
W:751: Bad indentation. Found 4 spaces, expected 8
C:752: Line too long (89/80)
W:752: Bad indentation. Found 4 spaces, expected 8
W:753: Bad indentation. Found 4 spaces, expected 8
C:754: Line too long (108/80)
W:754: Bad indentation. Found 4 spaces, expected 8
W:757: Bad indentation. Found 4 spaces, expected 8
C:758: Line too long (96/80)
W:758: Bad indentation. Found 4 spaces, expected 8
W:759: Bad indentation. Found 4 spaces, expected 8
C:760: Line too long (96/80)
W:760: Bad indentation. Found 4 spaces, expected 8
W:762: Bad indentation. Found 2 spaces, expected 4
W:763: Bad indentation. Found 4 spaces, expected 8
W:764: Bad indentation. Found 4 spaces, expected 8
W:765: Bad indentation. Found 4 spaces, expected 8
C:767: Line too long (129/80)
W:767: Bad indentation. Found 4 spaces, expected 8
C:768: Line too long (91/80)
W:768: Bad indentation. Found 4 spaces, expected 8
C:769: Line too long (94/80)
W:769: Bad indentation. Found 4 spaces, expected 8
C:772: Line too long (95/80)
W:772: Bad indentation. Found 4 spaces, expected 8
C:773: Line too long (98/80)
W:773: Bad indentation. Found 4 spaces, expected 8
C:776: Line too long (93/80)
W:776: Bad indentation. Found 4 spaces, expected 8
C:777: Line too long (98/80)
W:777: Bad indentation. Found 4 spaces, expected 8
C:780: Line too long (118/80)
W:780: Bad indentation. Found 4 spaces, expected 8
C:781: Line too long (129/80)
W:781: Bad indentation. Found 4 spaces, expected 8
W:782: Bad indentation. Found 4 spaces, expected 8
C:785: Line too long (118/80)
W:785: Bad indentation. Found 4 spaces, expected 8
C:786: Line too long (129/80)
W:786: Bad indentation. Found 4 spaces, expected 8
C:787: Line too long (136/80)
W:787: Bad indentation. Found 4 spaces, expected 8
W:790: Bad indentation. Found 4 spaces, expected 8
C:791: Line too long (118/80)
W:791: Bad indentation. Found 4 spaces, expected 8
C:792: Line too long (129/80)
W:792: Bad indentation. Found 4 spaces, expected 8
W:793: Bad indentation. Found 4 spaces, expected 8
W:794: Bad indentation. Found 4 spaces, expected 8
W:797: Bad indentation. Found 4 spaces, expected 8
W:798: Bad indentation. Found 4 spaces, expected 8
C:799: Line too long (173/80)
W:799: Bad indentation. Found 4 spaces, expected 8
C:800: Line too long (103/80)
W:800: Bad indentation. Found 4 spaces, expected 8
C:801: Line too long (117/80)
W:801: Bad indentation. Found 4 spaces, expected 8
W:802: Bad indentation. Found 4 spaces, expected 8
W:803: Bad indentation. Found 4 spaces, expected 8
W:806: Bad indentation. Found 4 spaces, expected 8
W:807: Bad indentation. Found 4 spaces, expected 8
W:808: Bad indentation. Found 4 spaces, expected 8
W:809: Bad indentation. Found 4 spaces, expected 8
C:812: Line too long (89/80)
W:812: Bad indentation. Found 4 spaces, expected 8
W:813: Bad indentation. Found 4 spaces, expected 8
C:814: Line too long (81/80)
W:814: Bad indentation. Found 4 spaces, expected 8
W:815: Bad indentation. Found 4 spaces, expected 8
W:818: Bad indentation. Found 4 spaces, expected 8
W:819: Bad indentation. Found 4 spaces, expected 8
W:820: Bad indentation. Found 4 spaces, expected 8
W:823: Bad indentation. Found 4 spaces, expected 8
W:824: Bad indentation. Found 4 spaces, expected 8
W:825: Bad indentation. Found 4 spaces, expected 8
W:828: Bad indentation. Found 4 spaces, expected 8
W:829: Bad indentation. Found 4 spaces, expected 8
W:830: Bad indentation. Found 4 spaces, expected 8
W:834: Bad indentation. Found 2 spaces, expected 4
W:757: XXXXYYYY", "XXXXtestYYYY")
W:758: XXXX\n+test\n YYYY\n", self.dmp.patch_toText(patches))
W:760: XXXX\n+test\n YYYY\n", self.dmp.patch_toText(patches))
W:799: XXXXXXXXXXdefghijklmnopqrstuvwxyz--------------------1234567YYYYYYYYYY890")
W: 22: Relative import 'diff_match_patch', should be 'versionutils.diff.diff_match_patch.diff_match_patch'
C: 26:DiffMatchPatchTest: Missing docstring
C: 28:DiffMatchPatchTest.setUp: Invalid name "setUp" (should match [a-z_][a-z0-9_]{2,30}$)
C: 32:DiffMatchPatchTest.diff_rebuildtexts: Missing docstring
C: 36:DiffMatchPatchTest.diff_rebuildtexts: Invalid name "x" (should match [a-z_][a-z0-9_]{2,30}$)
R: 32:DiffMatchPatchTest.diff_rebuildtexts: Method could be a function
C: 47:DiffTest.testDiffCommonPrefix: Invalid name "testDiffCommonPrefix" (should match [a-z_][a-z0-9_]{2,30}$)
C: 47:DiffTest.testDiffCommonPrefix: Missing docstring
C: 58:DiffTest.testDiffCommonSuffix: Invalid name "testDiffCommonSuffix" (should match [a-z_][a-z0-9_]{2,30}$)
C: 58:DiffTest.testDiffCommonSuffix: Missing docstring
C: 69:DiffTest.testDiffHalfMatch: Invalid name "testDiffHalfMatch" (should match [a-z_][a-z0-9_]{2,30}$)
C: 69:DiffTest.testDiffHalfMatch: Missing docstring
C: 86:DiffTest.testDiffLinesToChars: Invalid name "testDiffLinesToChars" (should match [a-z_][a-z0-9_]{2,30}$)
C: 86:DiffTest.testDiffLinesToChars: Missing docstring
C: 95:DiffTest.testDiffLinesToChars: Invalid name "n" (should match [a-z_][a-z0-9_]{2,30}$)
C: 96:DiffTest.testDiffLinesToChars: Invalid name "lineList" (should match [a-z_][a-z0-9_]{2,30}$)
C: 97:DiffTest.testDiffLinesToChars: Invalid name "charList" (should match [a-z_][a-z0-9_]{2,30}$)
C: 98:DiffTest.testDiffLinesToChars: Invalid name "x" (should match [a-z_][a-z0-9_]{2,30}$)
C:108:DiffTest.testDiffCharsToLines: Invalid name "testDiffCharsToLines" (should match [a-z_][a-z0-9_]{2,30}$)
C:108:DiffTest.testDiffCharsToLines: Missing docstring
C:115:DiffTest.testDiffCharsToLines: Invalid name "n" (should match [a-z_][a-z0-9_]{2,30}$)
C:116:DiffTest.testDiffCharsToLines: Invalid name "lineList" (should match [a-z_][a-z0-9_]{2,30}$)
C:117:DiffTest.testDiffCharsToLines: Invalid name "charList" (should match [a-z_][a-z0-9_]{2,30}$)
C:118:DiffTest.testDiffCharsToLines: Invalid name "x" (should match [a-z_][a-z0-9_]{2,30}$)
C:130:DiffTest.testDiffCleanupMerge: Invalid name "testDiffCleanupMerge" (should match [a-z_][a-z0-9_]{2,30}$)
C:130:DiffTest.testDiffCleanupMerge: Missing docstring
C:187:DiffTest.testDiffCleanupSemanticLossless: Invalid name "testDiffCleanupSemanticLossless" (should match [a-z_][a-z0-9_]{2,30}$)
C:187:DiffTest.testDiffCleanupSemanticLossless: Missing docstring
C:224:DiffTest.testDiffCleanupSemantic: Invalid name "testDiffCleanupSemantic" (should match [a-z_][a-z0-9_]{2,30}$)
C:224:DiffTest.testDiffCleanupSemantic: Missing docstring
C:256:DiffTest.testDiffCleanupEfficiency: Invalid name "testDiffCleanupEfficiency" (should match [a-z_][a-z0-9_]{2,30}$)
C:256:DiffTest.testDiffCleanupEfficiency: Missing docstring
C:291:DiffTest.testDiffPrettyHtml: Invalid name "testDiffPrettyHtml" (should match [a-z_][a-z0-9_]{2,30}$)
C:291:DiffTest.testDiffPrettyHtml: Missing docstring
C:296:DiffTest.testDiffText: Invalid name "testDiffText" (should match [a-z_][a-z0-9_]{2,30}$)
C:296:DiffTest.testDiffText: Missing docstring
C:303:DiffTest.testDiffDelta: Invalid name "testDiffDelta" (should match [a-z_][a-z0-9_]{2,30}$)
C:303:DiffTest.testDiffDelta: Missing docstring
C:361:DiffTest.testDiffXIndex: Invalid name "testDiffXIndex" (should match [a-z_][a-z0-9_]{2,30}$)
C:361:DiffTest.testDiffXIndex: Missing docstring
C:368:DiffTest.testDiffLevenshtein: Invalid name "testDiffLevenshtein" (should match [a-z_][a-z0-9_]{2,30}$)
C:368:DiffTest.testDiffLevenshtein: Missing docstring
C:376:DiffTest.testDiffPath: Invalid name "testDiffPath" (should match [a-z_][a-z0-9_]{2,30}$)
C:376:DiffTest.testDiffPath: Missing docstring
C:379:DiffTest.testDiffPath.diff_footprint: Missing docstring
C:379:DiffTest.testDiffPath.diff_footprint: Invalid name "x" (should match [a-z_][a-z0-9_]{2,30}$)
C:379:DiffTest.testDiffPath.diff_footprint: Invalid name "y" (should match [a-z_][a-z0-9_]{2,30}$)
C:379:DiffTest.testDiffPath.diff_footprint: Invalid name "x" (should match [a-z_][a-z0-9_]{2,30}$)
C:379:DiffTest.testDiffPath.diff_footprint: Invalid name "y" (should match [a-z_][a-z0-9_]{2,30}$)
C:451:DiffTest.testDiffMain: Invalid name "testDiffMain" (should match [a-z_][a-z0-9_]{2,30}$)
C:451:DiffTest.testDiffMain: Missing docstring
C:491:DiffTest.testDiffMain: Invalid name "a" (should match [a-z_][a-z0-9_]{2,30}$)
C:492:DiffTest.testDiffMain: Invalid name "b" (should match [a-z_][a-z0-9_]{2,30}$)
C:494:DiffTest.testDiffMain: Invalid name "x" (should match [a-z_][a-z0-9_]{2,30}$)
C:495:DiffTest.testDiffMain: Invalid name "a" (should match [a-z_][a-z0-9_]{2,30}$)
C:496:DiffTest.testDiffMain: Invalid name "b" (should match [a-z_][a-z0-9_]{2,30}$)
C:502:DiffTest.testDiffMain: Invalid name "a" (should match [a-z_][a-z0-9_]{2,30}$)
C:503:DiffTest.testDiffMain: Invalid name "b" (should match [a-z_][a-z0-9_]{2,30}$)
C:505:DiffTest.testDiffMain: Invalid name "a" (should match [a-z_][a-z0-9_]{2,30}$)
C:506:DiffTest.testDiffMain: Invalid name "b" (should match [a-z_][a-z0-9_]{2,30}$)
W:494:DiffTest.testDiffMain: Unused variable 'x'
R: 44:DiffTest: Too many public methods (33/20)
C:523:MatchTest.testMatchAlphabet: Invalid name "testMatchAlphabet" (should match [a-z_][a-z0-9_]{2,30}$)
C:523:MatchTest.testMatchAlphabet: Missing docstring
C:529:MatchTest.testMatchBitap: Invalid name "testMatchBitap" (should match [a-z_][a-z0-9_]{2,30}$)
C:529:MatchTest.testMatchBitap: Missing docstring
C:579:MatchTest.testMatchMain: Invalid name "testMatchMain" (should match [a-z_][a-z0-9_]{2,30}$)
C:579:MatchTest.testMatchMain: Missing docstring
C:611:PatchTest.testPatchObj: Invalid name "testPatchObj" (should match [a-z_][a-z0-9_]{2,30}$)
C:611:PatchTest.testPatchObj: Missing docstring
C:613:PatchTest.testPatchObj: Invalid name "p" (should match [a-z_][a-z0-9_]{2,30}$)
C:622:PatchTest.testPatchFromText: Invalid name "testPatchFromText" (should match [a-z_][a-z0-9_]{2,30}$)
C:622:PatchTest.testPatchFromText: Missing docstring
C:642:PatchTest.testPatchToText: Invalid name "testPatchToText" (should match [a-z_][a-z0-9_]{2,30}$)
C:642:PatchTest.testPatchToText: Missing docstring
C:644:PatchTest.testPatchToText: Invalid name "p" (should match [a-z_][a-z0-9_]{2,30}$)
C:648:PatchTest.testPatchToText: Invalid name "p" (should match [a-z_][a-z0-9_]{2,30}$)
C:651:PatchTest.testPatchAddContext: Invalid name "testPatchAddContext" (should match [a-z_][a-z0-9_]{2,30}$)
C:651:PatchTest.testPatchAddContext: Missing docstring
C:653:PatchTest.testPatchAddContext: Invalid name "p" (should match [a-z_][a-z0-9_]{2,30}$)
C:658:PatchTest.testPatchAddContext: Invalid name "p" (should match [a-z_][a-z0-9_]{2,30}$)
C:663:PatchTest.testPatchAddContext: Invalid name "p" (should match [a-z_][a-z0-9_]{2,30}$)
C:668:PatchTest.testPatchAddContext: Invalid name "p" (should match [a-z_][a-z0-9_]{2,30}$)
C:672:PatchTest.testPatchMake: Invalid name "testPatchMake" (should match [a-z_][a-z0-9_]{2,30}$)
C:672:PatchTest.testPatchMake: Missing docstring
C:676:PatchTest.testPatchMake: Invalid name "expectedPatch" (should match [a-z_][a-z0-9_]{2,30}$)
C:682:PatchTest.testPatchMake: Invalid name "expectedPatch" (should match [a-z_][a-z0-9_]{2,30}$)
C:709:PatchTest.testPatchMake: Invalid name "x" (should match [a-z_][a-z0-9_]{2,30}$)
C:712:PatchTest.testPatchMake: Invalid name "expectedPatch" (should match [a-z_][a-z0-9_]{2,30}$)
W:709:PatchTest.testPatchMake: Unused variable 'x'
C:724:PatchTest.testPatchSplitMax: Invalid name "testPatchSplitMax" (should match [a-z_][a-z0-9_]{2,30}$)
C:724:PatchTest.testPatchSplitMax: Missing docstring
C:731:PatchTest.testPatchSplitMax: Invalid name "oldToText" (should match [a-z_][a-z0-9_]{2,30}$)
C:743:PatchTest.testPatchAddPadding: Invalid name "testPatchAddPadding" (should match [a-z_][a-z0-9_]{2,30}$)
C:743:PatchTest.testPatchAddPadding: Missing docstring
C:762:PatchTest.testPatchApply: Invalid name "testPatchApply" (should match [a-z_][a-z0-9_]{2,30}$)
C:762:PatchTest.testPatchApply: Missing docstring
R:608:PatchTest: Too many public methods (25/20)
************* Module versionutils.diff.diff_match_patch
C:  1: Missing docstring
************* Module versionutils.diff.diff_match_patch.__init__
R:  1: Similar lines in 2 files
==versionutils.diff.tests.utils:0
==versionutils.versioning.tests.utils:0
from django.conf import settings
from django.core.management import call_command
from django.db.models import loading
from django.test import TestCase

NO_SETTING = ('!', None)

class TestSettingsManager(object):
    """
    A class which can modify some Django settings temporarily for a
    test and then revert them to their original values later.

    Automatically handles resyncing the DB if INSTALLED_APPS is
    modified.

    """
    def __init__(self):
        self._original_settings = {}

    def set(self, **kwargs):
        for k,v in kwargs.iteritems():
            self._original_settings.setdefault(k, getattr(settings, k,
                                                          NO_SETTING))
            setattr(settings, k, v)
        if 'INSTALLED_APPS' in kwargs:
            self.syncdb()

    def syncdb(self):
        loading.cache.loaded = False
        #call_command('syncdb', verbosity=0)
R:  1: Similar lines in 2 files
==versionutils.diff.tests.utils:30
==versionutils.versioning.tests.utils:31
    def revert(self):
        for k,v in self._original_settings.iteritems():
            if v == NO_SETTING:
                delattr(settings, k)
            else:
                setattr(settings, k, v)
        if 'INSTALLED_APPS' in self._original_settings:
            self.syncdb()
        self._original_settings = {}
R:  1: Similar lines in 2 files
==versionutils.versioning.models:99
==versionutils.versioning.scratch:2
MEMBERS_TO_SKIP = [
    '__dict__',
    '__module__',
    '__weakref__',
    # TODO, maybe: if we wanted to be fancy we could define our
    # own __doc__ that explains "this is like the normal model
    # plus these historical methods"
    '__doc__',


Report
======
3278 statements analysed.

Duplication
-----------

+-------------------------+------+---------+-----------+
|                         |now   |previous |difference |
+=========================+======+=========+===========+
|nb duplicated lines      |47    |47       |=          |
+-------------------------+------+---------+-----------+
|percent duplicated lines |0.761 |0.761    |=          |
+-------------------------+------+---------+-----------+



Raw metrics
-----------

+----------+-------+------+---------+-----------+
|type      |number |%     |previous |difference |
+==========+=======+======+=========+===========+
|code      |3581   |64.27 |3581     |=          |
+----------+-------+------+---------+-----------+
|docstring |1097   |19.69 |1097     |=          |
+----------+-------+------+---------+-----------+
|comment   |468    |8.40  |468      |=          |
+----------+-------+------+---------+-----------+
|empty     |426    |7.65  |426      |=          |
+----------+-------+------+---------+-----------+



External dependencies
---------------------
::

    collections 
      \-defaultdict (versionutils.versioning.utils)
    decimal 
      \-Decimal (versionutils.versioning.tests.tests,versionutils.diff.tests.tests)
    functools 
      \-partial (versionutils.versioning.models,versionutils.versioning.utils)
      \-wraps (versionutils.versioning.decorators)
    html5lib (versionutils.diff.daisydiff.daisydiff)
    pprint 
      \-pprint (versionutils.diff.tests.tests)
    versionutils 
      \-diff 
      | \-daisydiff 
      | | \-daisydiff 
      | |   \-daisydiff (versionutils.diff.daisydiff,versionutils.diff.daisydiff.tests)
      | |   \-daisydiff_merge (versionutils.diff.daisydiff.tests)
      | \-diff_match_patch 
      | | \-diff_match_patch 
      | |   \-diff_match_patch (versionutils.diff.diff_match_patch)
      | |   \-patch_obj (versionutils.diff.diff_match_patch)
      | \-diffutils 
      | | \-BaseFieldDiff (versionutils.diff.tests.tests,versionutils.diff)
      | | \-BaseModelDiff (versionutils.diff.tests.tests,versionutils.diff)
      | | \-FileFieldDiff (versionutils.diff.tests.tests)
      | | \-HtmlFieldDiff (versionutils.diff.tests.tests,versionutils.diff)
      | | \-ImageFieldDiff (versionutils.diff.tests.tests)
      | | \-Registry (versionutils.diff.tests.tests)
      | | \-TextFieldDiff (versionutils.diff.tests.tests,versionutils.diff)
      | | \-diff (versionutils.diff.templatetags.diff_tags,versionutils.diff)
      | | \-register (versionutils.diff)
      | \-tests 
      |   \-models 
      |   | \-M1 (versionutils.diff.tests.tests)
      |   | \-M1Diff (versionutils.diff.tests.tests)
      |   | \-M1FieldDiff (versionutils.diff.tests.tests)
      |   | \-M2 (versionutils.diff.tests.tests)
      |   | \-M3 (versionutils.diff.tests.tests)
      |   | \-M4ForeignKey (versionutils.diff.tests.tests)
      |   | \-TEST_MODELS (versionutils.diff.tests.tests)
      |   \-utils 
      |     \-TestSettingsManager (versionutils.diff.tests.tests)
      \-versioning 
        \-TrackChanges (versionutils.versioning.tests.models)
        \-history_model_methods 
        | \-get_history_fields (versionutils.versioning.models)
        \-models 
        | \-TrackChanges (versionutils.versioning)
        \-registry 
        | \-FieldRegistry (versionutils.versioning.middleware)
        \-tests 
        | \-models 
        | | \-AccessAttempt (versionutils.versioning.tests.exampletests)
        | \-utils 
        |   \-TestSettingsManager (versionutils.versioning.tests.tests,versionutils.versioning.tests.runner)
        \-utils 
          \-is_versioned (versionutils.merging.forms)



Statistics by type
------------------

+---------+-------+-----------+-----------+------------+---------+
|type     |number |old number |difference |%documented |%badname |
+=========+=======+===========+===========+============+=========+
|module   |38     |38         |=          |13.16       |0.00     |
+---------+-------+-----------+-----------+------------+---------+
|class    |80     |80         |=          |26.25       |2.50     |
+---------+-------+-----------+-----------+------------+---------+
|method   |221    |221        |=          |47.96       |26.70    |
+---------+-------+-----------+-----------+------------+---------+
|function |44     |44         |=          |52.27       |11.36    |
+---------+-------+-----------+-----------+------------+---------+



Messages by category
--------------------

+-----------+-------+---------+-----------+
|type       |number |previous |difference |
+===========+=======+=========+===========+
|convention |828    |828      |=          |
+-----------+-------+---------+-----------+
|refactor   |103    |103      |=          |
+-----------+-------+---------+-----------+
|warning    |1883   |1883     |=          |
+-----------+-------+---------+-----------+
|error      |380    |380      |=          |
+-----------+-------+---------+-----------+



% errors / warnings by module
-----------------------------

+---------------------------------------------------------+------+--------+---------+-----------+
|module                                                   |error |warning |refactor |convention |
+=========================================================+======+========+=========+===========+
|versionutils.versioning.tests.tests                      |73.42 |2.81    |3.88     |12.80      |
+---------------------------------------------------------+------+--------+---------+-----------+
|versionutils.diff.tests.tests                            |10.00 |1.59    |0.97     |9.42       |
+---------------------------------------------------------+------+--------+---------+-----------+
|versionutils.diff.daisydiff.tests                        |4.21  |0.27    |0.97     |2.17       |
+---------------------------------------------------------+------+--------+---------+-----------+
|versionutils.versioning.tests.exampletests               |3.42  |0.42    |2.91     |1.57       |
+---------------------------------------------------------+------+--------+---------+-----------+
|versionutils.merging.forms                               |2.63  |0.37    |0.00     |0.60       |
+---------------------------------------------------------+------+--------+---------+-----------+
|versionutils.versioning.tests.runner                     |1.84  |0.16    |0.00     |0.60       |
+---------------------------------------------------------+------+--------+---------+-----------+
|versionutils.versioning.manager                          |1.58  |1.43    |1.94     |1.33       |
+---------------------------------------------------------+------+--------+---------+-----------+
|versionutils.diff.daisydiff.daisydiff                    |1.05  |0.05    |0.00     |0.97       |
+---------------------------------------------------------+------+--------+---------+-----------+
|versionutils.versioning.models                           |0.79  |2.55    |11.65    |2.54       |
+---------------------------------------------------------+------+--------+---------+-----------+
|versionutils.versioning.utils                            |0.53  |0.80    |0.97     |3.26       |
+---------------------------------------------------------+------+--------+---------+-----------+
|versionutils.versioning.tests.utils                      |0.26  |0.05    |1.94     |1.21       |
+---------------------------------------------------------+------+--------+---------+-----------+
|versionutils.diff.urls                                   |0.26  |0.00    |0.00     |0.24       |
+---------------------------------------------------------+------+--------+---------+-----------+
|versionutils.diff.diff_match_patch.diff_match_patch      |0.00  |57.94   |29.13    |16.55      |
+---------------------------------------------------------+------+--------+---------+-----------+
|versionutils.diff.diff_match_patch.diff_match_patch_test |0.00  |25.12   |2.91     |29.23      |
+---------------------------------------------------------+------+--------+---------+-----------+
|versionutils.versioning.history_model_methods            |0.00  |2.23    |1.94     |3.99       |
+---------------------------------------------------------+------+--------+---------+-----------+
|versionutils.versioning.tests.models                     |0.00  |1.65    |29.13    |3.86       |
+---------------------------------------------------------+------+--------+---------+-----------+
|versionutils.diff.diffutils                              |0.00  |0.53    |0.00     |2.78       |
+---------------------------------------------------------+------+--------+---------+-----------+
|versionutils.diff.tests.models                           |0.00  |0.32    |3.88     |0.85       |
+---------------------------------------------------------+------+--------+---------+-----------+
|versionutils.diff.__init__                               |0.00  |0.32    |0.00     |0.12       |
+---------------------------------------------------------+------+--------+---------+-----------+
|versionutils.versioning.registry                         |0.00  |0.27    |0.00     |0.36       |
+---------------------------------------------------------+------+--------+---------+-----------+
|versionutils.diff.templatetags.diff_tags                 |0.00  |0.21    |0.97     |0.72       |
+---------------------------------------------------------+------+--------+---------+-----------+
|versionutils.versioning.tests.__init__                   |0.00  |0.21    |0.00     |0.12       |
+---------------------------------------------------------+------+--------+---------+-----------+
|versionutils.versioning.middleware                       |0.00  |0.16    |1.94     |0.97       |
+---------------------------------------------------------+------+--------+---------+-----------+
|versionutils.diff.tests.__init__                         |0.00  |0.16    |0.00     |0.12       |
+---------------------------------------------------------+------+--------+---------+-----------+
|versionutils.diff.tests.utils                            |0.00  |0.11    |0.97     |0.97       |
+---------------------------------------------------------+------+--------+---------+-----------+
|versionutils.versioning.scratch                          |0.00  |0.05    |0.00     |0.36       |
+---------------------------------------------------------+------+--------+---------+-----------+
|versionutils.diff.test                                   |0.00  |0.05    |0.00     |0.36       |
+---------------------------------------------------------+------+--------+---------+-----------+
|versionutils.diff.views                                  |0.00  |0.05    |0.00     |0.24       |
+---------------------------------------------------------+------+--------+---------+-----------+
|versionutils.versioning.__init__                         |0.00  |0.05    |0.00     |0.12       |
+---------------------------------------------------------+------+--------+---------+-----------+
|versionutils.diff.daisydiff.__init__                     |0.00  |0.05    |0.00     |0.12       |
+---------------------------------------------------------+------+--------+---------+-----------+



Messages
--------

+-----------+------------+
|message id |occurrences |
+===========+============+
|W0311      |1582        |
+-----------+------------+
|C0103      |410         |
+-----------+------------+
|E1101      |352         |
+-----------+------------+
|C0111      |228         |
+-----------+------------+
|C0301      |181         |
+-----------+------------+
|W0212      |59          |
+-----------+------------+
|F0401      |53          |
+-----------+------------+
|W0232      |48          |
+-----------+------------+
|R0903      |44          |
+-----------+------------+
|W0614      |41          |
+-----------+------------+
|W0403      |33          |
+-----------+------------+
|R0201      |26          |
+-----------+------------+
|W0613      |22          |
+-----------+------------+
|W0142      |19          |
+-----------+------------+
|W0611      |17          |
+-----------+------------+
|W0401      |14          |
+-----------+------------+
|W0612      |12          |
+-----------+------------+
|W0511      |12          |
+-----------+------------+
|R0912      |12          |
+-----------+------------+
|E0602      |10          |
+-----------+------------+
|E1002      |8           |
+-----------+------------+
|W0621      |6           |
+-----------+------------+
|R0915      |6           |
+-----------+------------+
|E1103      |6           |
+-----------+------------+
|W0201      |5           |
+-----------+------------+
|R0914      |5           |
+-----------+------------+
|C0324      |5           |
+-----------+------------+
|W0622      |4           |
+-----------+------------+
|W0105      |4           |
+-----------+------------+
|R0904      |4           |
+-----------+------------+
|R0801      |3           |
+-----------+------------+
|E0203      |3           |
+-----------+------------+
|W0702      |2           |
+-----------+------------+
|W0631      |2           |
+-----------+------------+
|R0913      |2           |
+-----------+------------+
|C0322      |2           |
+-----------+------------+
|W0231      |1           |
+-----------+------------+
|R0902      |1           |
+-----------+------------+
|E0611      |1           |
+-----------+------------+
|C0302      |1           |
+-----------+------------+
|C0102      |1           |
+-----------+------------+



Global evaluation
-----------------
Your code has been rated at -4.38/10 (previous run: -4.38/10)

